[0.015s] Invoking command in '/home/danendra/Kuliah/SRO/colcon_ws/build/routine': CMAKE_PREFIX_PATH=/opt/ros/foxy /usr/bin/cmake /home/danendra/Kuliah/SRO/colcon_ws/src/routine -DCMAKE_INSTALL_PREFIX=/home/danendra/Kuliah/SRO/colcon_ws/install/routine
[0.071s] -- The C compiler identification is GNU 9.4.0
[0.128s] -- The CXX compiler identification is GNU 9.4.0
[0.133s] -- Check for working C compiler: /usr/bin/cc
[0.209s] -- Check for working C compiler: /usr/bin/cc -- works
[0.210s] -- Detecting C compiler ABI info
[0.283s] -- Detecting C compiler ABI info - done
[0.294s] -- Detecting C compile features
[0.295s] -- Detecting C compile features - done
[0.297s] -- Check for working CXX compiler: /usr/bin/c++
[0.381s] -- Check for working CXX compiler: /usr/bin/c++ -- works
[0.382s] -- Detecting CXX compiler ABI info
[0.467s] -- Detecting CXX compiler ABI info - done
[0.478s] -- Detecting CXX compile features
[0.479s] -- Detecting CXX compile features - done
[0.481s] -- Found ament_cmake: 0.9.9 (/opt/ros/foxy/share/ament_cmake/cmake)
[0.505s] -- Found PythonInterp: /usr/bin/python3 (found suitable version "3.8.10", minimum required is "3") 
[0.505s] -- Using PYTHON_EXECUTABLE: /usr/bin/python3
[0.690s] -- Found ament_lint_auto: 0.9.6 (/opt/ros/foxy/share/ament_lint_auto/cmake)
[0.762s] -- Added test 'copyright' to check source files copyright and LICENSE
[0.763s] -- Added test 'lint_cmake' to check CMake code style
[0.764s] -- Added test 'xmllint' to check XML markup files
[0.767s] -- Configuring done
[0.769s] -- Generating done
[0.769s] -- Build files have been written to: /home/danendra/Kuliah/SRO/colcon_ws/build/routine
[0.773s] Invoked command in '/home/danendra/Kuliah/SRO/colcon_ws/build/routine' returned '0': CMAKE_PREFIX_PATH=/opt/ros/foxy /usr/bin/cmake /home/danendra/Kuliah/SRO/colcon_ws/src/routine -DCMAKE_INSTALL_PREFIX=/home/danendra/Kuliah/SRO/colcon_ws/install/routine
[0.777s] Invoking command in '/home/danendra/Kuliah/SRO/colcon_ws/build/routine': CMAKE_PREFIX_PATH=/opt/ros/foxy /usr/bin/cmake --build /home/danendra/Kuliah/SRO/colcon_ws/build/routine -- -j8 -l8
[0.819s] Invoked command in '/home/danendra/Kuliah/SRO/colcon_ws/build/routine' returned '0': CMAKE_PREFIX_PATH=/opt/ros/foxy /usr/bin/cmake --build /home/danendra/Kuliah/SRO/colcon_ws/build/routine -- -j8 -l8
[0.857s] Invoking command in '/home/danendra/Kuliah/SRO/colcon_ws/build/routine': CMAKE_PREFIX_PATH=/opt/ros/foxy /usr/bin/cmake --install /home/danendra/Kuliah/SRO/colcon_ws/build/routine
[0.866s] -- Install configuration: ""
[0.866s] -- Installing: /home/danendra/Kuliah/SRO/colcon_ws/install/routine/share/ament_index/resource_index/package_run_dependencies/routine
[0.866s] -- Installing: /home/danendra/Kuliah/SRO/colcon_ws/install/routine/share/ament_index/resource_index/parent_prefix_path/routine
[0.866s] -- Installing: /home/danendra/Kuliah/SRO/colcon_ws/install/routine/share/routine/environment/ament_prefix_path.sh
[0.866s] -- Installing: /home/danendra/Kuliah/SRO/colcon_ws/install/routine/share/routine/environment/ament_prefix_path.dsv
[0.867s] -- Installing: /home/danendra/Kuliah/SRO/colcon_ws/install/routine/share/routine/environment/path.sh
[0.867s] -- Installing: /home/danendra/Kuliah/SRO/colcon_ws/install/routine/share/routine/environment/path.dsv
[0.867s] -- Installing: /home/danendra/Kuliah/SRO/colcon_ws/install/routine/share/routine/local_setup.bash
[0.867s] -- Installing: /home/danendra/Kuliah/SRO/colcon_ws/install/routine/share/routine/local_setup.sh
[0.867s] -- Installing: /home/danendra/Kuliah/SRO/colcon_ws/install/routine/share/routine/local_setup.zsh
[0.868s] -- Installing: /home/danendra/Kuliah/SRO/colcon_ws/install/routine/share/routine/local_setup.dsv
[0.868s] -- Installing: /home/danendra/Kuliah/SRO/colcon_ws/install/routine/share/routine/package.dsv
[0.868s] -- Installing: /home/danendra/Kuliah/SRO/colcon_ws/install/routine/share/ament_index/resource_index/packages/routine
[0.868s] -- Installing: /home/danendra/Kuliah/SRO/colcon_ws/install/routine/share/routine/cmake/routineConfig.cmake
[0.868s] -- Installing: /home/danendra/Kuliah/SRO/colcon_ws/install/routine/share/routine/cmake/routineConfig-version.cmake
[0.868s] -- Installing: /home/danendra/Kuliah/SRO/colcon_ws/install/routine/share/routine/package.xml
[0.871s] Invoked command in '/home/danendra/Kuliah/SRO/colcon_ws/build/routine' returned '0': CMAKE_PREFIX_PATH=/opt/ros/foxy /usr/bin/cmake --install /home/danendra/Kuliah/SRO/colcon_ws/build/routine
