[0.234s] DEBUG:colcon:Command line arguments: ['/usr/bin/colcon', 'build']
[0.234s] DEBUG:colcon:Parsed command line arguments: Namespace(allow_overriding=[], ament_cmake_args=None, base_paths=['.'], build_base='build', catkin_cmake_args=None, catkin_skip_building_tests=False, cmake_args=None, cmake_clean_cache=False, cmake_clean_first=False, cmake_force_configure=False, cmake_target=None, cmake_target_skip_unavailable=False, continue_on_error=False, event_handlers=None, executor='parallel', ignore_user_meta=False, install_base='install', log_base=None, log_level=None, main=<bound method BuildVerb.main of <colcon_core.verb.build.BuildVerb object at 0x7f53ed62cdf0>>, merge_install=False, metas=['./colcon.meta'], packages_above=None, packages_above_and_dependencies=None, packages_above_depth=None, packages_end=None, packages_ignore=None, packages_ignore_regex=None, packages_select=None, packages_select_build_failed=False, packages_select_by_dep=None, packages_select_regex=None, packages_select_test_failures=False, packages_skip=None, packages_skip_build_finished=False, packages_skip_by_dep=None, packages_skip_regex=None, packages_skip_test_passed=False, packages_skip_up_to=None, packages_start=None, packages_up_to=None, packages_up_to_regex=None, parallel_workers=8, paths=None, symlink_install=False, test_result_base=None, verb_extension=<colcon_core.verb.build.BuildVerb object at 0x7f53ed62cdf0>, verb_name='build', verb_parser=<colcon_defaults.argument_parser.defaults.DefaultArgumentsDecorator object at 0x7f53ed5bd3a0>)
[0.276s] Level 1:colcon.colcon_core.package_discovery:discover_packages(colcon_meta) check parameters
[0.277s] Level 1:colcon.colcon_core.package_discovery:discover_packages(recursive) check parameters
[0.277s] Level 1:colcon.colcon_core.package_discovery:discover_packages(ignore) check parameters
[0.277s] Level 1:colcon.colcon_core.package_discovery:discover_packages(path) check parameters
[0.277s] Level 1:colcon.colcon_core.package_discovery:discover_packages(colcon_meta) discover
[0.277s] Level 1:colcon.colcon_core.package_discovery:discover_packages(recursive) discover
[0.277s] INFO:colcon.colcon_core.package_discovery:Crawling recursively for packages in '/home/danendra/Kuliah/SRO/TugasPID'
[0.277s] Level 1:colcon.colcon_core.package_identification:_identify(.) by extensions ['ignore', 'ignore_ament_install']
[0.278s] Level 1:colcon.colcon_core.package_identification:_identify(.) by extension 'ignore'
[0.278s] Level 1:colcon.colcon_core.package_identification:_identify(.) by extension 'ignore_ament_install'
[0.278s] Level 1:colcon.colcon_core.package_identification:_identify(.) by extensions ['colcon_pkg']
[0.278s] Level 1:colcon.colcon_core.package_identification:_identify(.) by extension 'colcon_pkg'
[0.278s] Level 1:colcon.colcon_core.package_identification:_identify(.) by extensions ['colcon_meta']
[0.278s] Level 1:colcon.colcon_core.package_identification:_identify(.) by extension 'colcon_meta'
[0.278s] Level 1:colcon.colcon_core.package_identification:_identify(.) by extensions ['ros']
[0.278s] Level 1:colcon.colcon_core.package_identification:_identify(.) by extension 'ros'
[0.295s] Level 1:colcon.colcon_core.package_identification:_identify(.) by extensions ['cmake', 'python']
[0.295s] Level 1:colcon.colcon_core.package_identification:_identify(.) by extension 'cmake'
[0.295s] Level 1:colcon.colcon_core.package_identification:_identify(.) by extension 'python'
[0.295s] Level 1:colcon.colcon_core.package_identification:_identify(.) by extensions ['python_setup_py']
[0.295s] Level 1:colcon.colcon_core.package_identification:_identify(.) by extension 'python_setup_py'
[0.295s] Level 1:colcon.colcon_core.package_identification:_identify(build) by extensions ['ignore', 'ignore_ament_install']
[0.295s] Level 1:colcon.colcon_core.package_identification:_identify(build) by extension 'ignore'
[0.295s] Level 1:colcon.colcon_core.package_identification:_identify(build) ignored
[0.296s] Level 1:colcon.colcon_core.package_identification:_identify(install) by extensions ['ignore', 'ignore_ament_install']
[0.296s] Level 1:colcon.colcon_core.package_identification:_identify(install) by extension 'ignore'
[0.296s] Level 1:colcon.colcon_core.package_identification:_identify(install) ignored
[0.296s] Level 1:colcon.colcon_core.package_identification:_identify(log) by extensions ['ignore', 'ignore_ament_install']
[0.296s] Level 1:colcon.colcon_core.package_identification:_identify(log) by extension 'ignore'
[0.296s] Level 1:colcon.colcon_core.package_identification:_identify(log) ignored
[0.296s] Level 1:colcon.colcon_core.package_identification:_identify(src) by extensions ['ignore', 'ignore_ament_install']
[0.297s] Level 1:colcon.colcon_core.package_identification:_identify(src) by extension 'ignore'
[0.297s] Level 1:colcon.colcon_core.package_identification:_identify(src) by extension 'ignore_ament_install'
[0.297s] Level 1:colcon.colcon_core.package_identification:_identify(src) by extensions ['colcon_pkg']
[0.297s] Level 1:colcon.colcon_core.package_identification:_identify(src) by extension 'colcon_pkg'
[0.297s] Level 1:colcon.colcon_core.package_identification:_identify(src) by extensions ['colcon_meta']
[0.297s] Level 1:colcon.colcon_core.package_identification:_identify(src) by extension 'colcon_meta'
[0.297s] Level 1:colcon.colcon_core.package_identification:_identify(src) by extensions ['ros']
[0.297s] Level 1:colcon.colcon_core.package_identification:_identify(src) by extension 'ros'
[0.297s] Level 1:colcon.colcon_core.package_identification:_identify(src) by extensions ['cmake', 'python']
[0.297s] Level 1:colcon.colcon_core.package_identification:_identify(src) by extension 'cmake'
[0.297s] Level 1:colcon.colcon_core.package_identification:_identify(src) by extension 'python'
[0.297s] Level 1:colcon.colcon_core.package_identification:_identify(src) by extensions ['python_setup_py']
[0.298s] Level 1:colcon.colcon_core.package_identification:_identify(src) by extension 'python_setup_py'
[0.298s] Level 1:colcon.colcon_core.package_identification:_identify(src/build) by extensions ['ignore', 'ignore_ament_install']
[0.298s] Level 1:colcon.colcon_core.package_identification:_identify(src/build) by extension 'ignore'
[0.298s] Level 1:colcon.colcon_core.package_identification:_identify(src/build) ignored
[0.298s] Level 1:colcon.colcon_core.package_identification:_identify(src/install) by extensions ['ignore', 'ignore_ament_install']
[0.298s] Level 1:colcon.colcon_core.package_identification:_identify(src/install) by extension 'ignore'
[0.298s] Level 1:colcon.colcon_core.package_identification:_identify(src/install) ignored
[0.299s] Level 1:colcon.colcon_core.package_identification:_identify(src/log) by extensions ['ignore', 'ignore_ament_install']
[0.299s] Level 1:colcon.colcon_core.package_identification:_identify(src/log) by extension 'ignore'
[0.299s] Level 1:colcon.colcon_core.package_identification:_identify(src/log) ignored
[0.299s] Level 1:colcon.colcon_core.package_identification:_identify(src/routine) by extensions ['ignore', 'ignore_ament_install']
[0.299s] Level 1:colcon.colcon_core.package_identification:_identify(src/routine) by extension 'ignore'
[0.299s] Level 1:colcon.colcon_core.package_identification:_identify(src/routine) by extension 'ignore_ament_install'
[0.299s] Level 1:colcon.colcon_core.package_identification:_identify(src/routine) by extensions ['colcon_pkg']
[0.299s] Level 1:colcon.colcon_core.package_identification:_identify(src/routine) by extension 'colcon_pkg'
[0.299s] Level 1:colcon.colcon_core.package_identification:_identify(src/routine) by extensions ['colcon_meta']
[0.299s] Level 1:colcon.colcon_core.package_identification:_identify(src/routine) by extension 'colcon_meta'
[0.300s] Level 1:colcon.colcon_core.package_identification:_identify(src/routine) by extensions ['ros']
[0.300s] Level 1:colcon.colcon_core.package_identification:_identify(src/routine) by extension 'ros'
[0.304s] DEBUG:colcon.colcon_core.package_identification:Package 'src/routine' with type 'ros.ament_cmake' and name 'routine'
[0.305s] Level 1:colcon.colcon_core.package_discovery:discover_packages(recursive) using defaults
[0.305s] Level 1:colcon.colcon_core.package_discovery:discover_packages(ignore) discover
[0.305s] Level 1:colcon.colcon_core.package_discovery:discover_packages(ignore) using defaults
[0.305s] Level 1:colcon.colcon_core.package_discovery:discover_packages(path) discover
[0.305s] Level 1:colcon.colcon_core.package_discovery:discover_packages(path) using defaults
[0.361s] Level 1:colcon.colcon_core.package_discovery:discover_packages(prefix_path) check parameters
[0.362s] Level 1:colcon.colcon_core.package_discovery:discover_packages(prefix_path) discover
[0.370s] DEBUG:colcon.colcon_installed_package_information.package_discovery:Found 1 installed packages in /home/danendra/Kuliah/SRO/TugasPID/install
[0.372s] DEBUG:colcon.colcon_installed_package_information.package_discovery:Found 256 installed packages in /opt/ros/foxy
[0.374s] Level 1:colcon.colcon_core.package_discovery:discover_packages(prefix_path) using defaults
[0.477s] Level 5:colcon.colcon_core.verb:set package 'routine' build argument 'cmake_args' from command line to 'None'
[0.477s] Level 5:colcon.colcon_core.verb:set package 'routine' build argument 'cmake_target' from command line to 'None'
[0.477s] Level 5:colcon.colcon_core.verb:set package 'routine' build argument 'cmake_target_skip_unavailable' from command line to 'False'
[0.477s] Level 5:colcon.colcon_core.verb:set package 'routine' build argument 'cmake_clean_cache' from command line to 'False'
[0.477s] Level 5:colcon.colcon_core.verb:set package 'routine' build argument 'cmake_clean_first' from command line to 'False'
[0.477s] Level 5:colcon.colcon_core.verb:set package 'routine' build argument 'cmake_force_configure' from command line to 'False'
[0.477s] Level 5:colcon.colcon_core.verb:set package 'routine' build argument 'ament_cmake_args' from command line to 'None'
[0.477s] Level 5:colcon.colcon_core.verb:set package 'routine' build argument 'catkin_cmake_args' from command line to 'None'
[0.477s] Level 5:colcon.colcon_core.verb:set package 'routine' build argument 'catkin_skip_building_tests' from command line to 'False'
[0.477s] DEBUG:colcon.colcon_core.verb:Building package 'routine' with the following arguments: {'ament_cmake_args': None, 'build_base': '/home/danendra/Kuliah/SRO/TugasPID/build/routine', 'catkin_cmake_args': None, 'catkin_skip_building_tests': False, 'cmake_args': None, 'cmake_clean_cache': False, 'cmake_clean_first': False, 'cmake_force_configure': False, 'cmake_target': None, 'cmake_target_skip_unavailable': False, 'install_base': '/home/danendra/Kuliah/SRO/TugasPID/install/routine', 'merge_install': False, 'path': '/home/danendra/Kuliah/SRO/TugasPID/src/routine', 'symlink_install': False, 'test_result_base': None}
[0.479s] INFO:colcon.colcon_core.executor:Executing jobs using 'parallel' executor
[0.488s] DEBUG:colcon.colcon_parallel_executor.executor.parallel:run_until_complete
[0.489s] INFO:colcon.colcon_ros.task.ament_cmake.build:Building ROS package in '/home/danendra/Kuliah/SRO/TugasPID/src/routine' with build type 'ament_cmake'
[0.489s] INFO:colcon.colcon_cmake.task.cmake.build:Building CMake package in '/home/danendra/Kuliah/SRO/TugasPID/src/routine'
[0.494s] INFO:colcon.colcon_core.plugin_system:Skipping extension 'colcon_core.shell.bat': Not used on non-Windows systems
[0.495s] INFO:colcon.colcon_core.shell:Skip shell extension 'powershell' for command environment: Not usable outside of PowerShell
[0.495s] DEBUG:colcon.colcon_core.shell:Skip shell extension 'dsv' for command environment
[0.527s] DEBUG:colcon.colcon_core.event_handler.log_command:Invoking command in '/home/danendra/Kuliah/SRO/TugasPID/build/routine': CMAKE_PREFIX_PATH=${CMAKE_PREFIX_PATH}:/opt/ros/foxy /usr/bin/cmake --build /home/danendra/Kuliah/SRO/TugasPID/build/routine -- -j8 -l8
[9.524s] DEBUG:colcon.colcon_core.event_handler.log_command:Invoked command in '/home/danendra/Kuliah/SRO/TugasPID/build/routine' returned '0': CMAKE_PREFIX_PATH=${CMAKE_PREFIX_PATH}:/opt/ros/foxy /usr/bin/cmake --build /home/danendra/Kuliah/SRO/TugasPID/build/routine -- -j8 -l8
[9.587s] DEBUG:colcon.colcon_core.event_handler.log_command:Invoking command in '/home/danendra/Kuliah/SRO/TugasPID/build/routine': CMAKE_PREFIX_PATH=${CMAKE_PREFIX_PATH}:/opt/ros/foxy /usr/bin/cmake --install /home/danendra/Kuliah/SRO/TugasPID/build/routine
[9.612s] Level 1:colcon.colcon_core.environment:create_environment_scripts_only(routine)
[9.613s] DEBUG:colcon.colcon_core.event_handler.log_command:Invoked command in '/home/danendra/Kuliah/SRO/TugasPID/build/routine' returned '0': CMAKE_PREFIX_PATH=${CMAKE_PREFIX_PATH}:/opt/ros/foxy /usr/bin/cmake --install /home/danendra/Kuliah/SRO/TugasPID/build/routine
[9.622s] Level 1:colcon.colcon_core.environment:checking '/home/danendra/Kuliah/SRO/TugasPID/install/routine' for CMake module files
[9.624s] Level 1:colcon.colcon_core.environment:checking '/home/danendra/Kuliah/SRO/TugasPID/install/routine' for CMake config files
[9.625s] Level 1:colcon.colcon_core.shell:create_environment_hook('routine', 'cmake_prefix_path')
[9.628s] INFO:colcon.colcon_core.shell:Creating environment hook '/home/danendra/Kuliah/SRO/TugasPID/install/routine/share/routine/hook/cmake_prefix_path.ps1'
[9.630s] INFO:colcon.colcon_core.shell:Creating environment descriptor '/home/danendra/Kuliah/SRO/TugasPID/install/routine/share/routine/hook/cmake_prefix_path.dsv'
[9.632s] INFO:colcon.colcon_core.shell:Creating environment hook '/home/danendra/Kuliah/SRO/TugasPID/install/routine/share/routine/hook/cmake_prefix_path.sh'
[9.634s] Level 1:colcon.colcon_core.environment:checking '/home/danendra/Kuliah/SRO/TugasPID/install/routine/lib'
[9.634s] Level 1:colcon.colcon_core.environment:checking '/home/danendra/Kuliah/SRO/TugasPID/install/routine/bin'
[9.635s] Level 1:colcon.colcon_core.environment:checking '/home/danendra/Kuliah/SRO/TugasPID/install/routine/lib/pkgconfig/routine.pc'
[9.635s] Level 1:colcon.colcon_core.environment:checking '/home/danendra/Kuliah/SRO/TugasPID/install/routine/lib/python3.8/site-packages'
[9.635s] Level 1:colcon.colcon_core.environment:checking '/home/danendra/Kuliah/SRO/TugasPID/install/routine/bin'
[9.637s] INFO:colcon.colcon_core.shell:Creating package script '/home/danendra/Kuliah/SRO/TugasPID/install/routine/share/routine/package.ps1'
[9.639s] INFO:colcon.colcon_core.shell:Creating package descriptor '/home/danendra/Kuliah/SRO/TugasPID/install/routine/share/routine/package.dsv'
[9.640s] INFO:colcon.colcon_core.shell:Creating package script '/home/danendra/Kuliah/SRO/TugasPID/install/routine/share/routine/package.sh'
[9.641s] INFO:colcon.colcon_core.shell:Creating package script '/home/danendra/Kuliah/SRO/TugasPID/install/routine/share/routine/package.bash'
[9.642s] INFO:colcon.colcon_core.shell:Creating package script '/home/danendra/Kuliah/SRO/TugasPID/install/routine/share/routine/package.zsh'
[9.643s] Level 1:colcon.colcon_core.environment:create_file_with_runtime_dependencies(/home/danendra/Kuliah/SRO/TugasPID/install/routine/share/colcon-core/packages/routine)
[9.690s] Level 1:colcon.colcon_core.environment:create_environment_scripts_only(routine)
[9.693s] Level 1:colcon.colcon_core.environment:checking '/home/danendra/Kuliah/SRO/TugasPID/install/routine' for CMake module files
[9.694s] Level 1:colcon.colcon_core.environment:checking '/home/danendra/Kuliah/SRO/TugasPID/install/routine' for CMake config files
[9.695s] Level 1:colcon.colcon_core.shell:create_environment_hook('routine', 'cmake_prefix_path')
[9.697s] INFO:colcon.colcon_core.shell:Creating environment hook '/home/danendra/Kuliah/SRO/TugasPID/install/routine/share/routine/hook/cmake_prefix_path.ps1'
[9.698s] INFO:colcon.colcon_core.shell:Creating environment descriptor '/home/danendra/Kuliah/SRO/TugasPID/install/routine/share/routine/hook/cmake_prefix_path.dsv'
[9.699s] INFO:colcon.colcon_core.shell:Creating environment hook '/home/danendra/Kuliah/SRO/TugasPID/install/routine/share/routine/hook/cmake_prefix_path.sh'
[9.700s] Level 1:colcon.colcon_core.environment:checking '/home/danendra/Kuliah/SRO/TugasPID/install/routine/lib'
[9.700s] Level 1:colcon.colcon_core.environment:checking '/home/danendra/Kuliah/SRO/TugasPID/install/routine/bin'
[9.700s] Level 1:colcon.colcon_core.environment:checking '/home/danendra/Kuliah/SRO/TugasPID/install/routine/lib/pkgconfig/routine.pc'
[9.700s] Level 1:colcon.colcon_core.environment:checking '/home/danendra/Kuliah/SRO/TugasPID/install/routine/lib/python3.8/site-packages'
[9.701s] Level 1:colcon.colcon_core.environment:checking '/home/danendra/Kuliah/SRO/TugasPID/install/routine/bin'
[9.703s] INFO:colcon.colcon_core.shell:Creating package script '/home/danendra/Kuliah/SRO/TugasPID/install/routine/share/routine/package.ps1'
[9.704s] INFO:colcon.colcon_core.shell:Creating package descriptor '/home/danendra/Kuliah/SRO/TugasPID/install/routine/share/routine/package.dsv'
[9.704s] INFO:colcon.colcon_core.shell:Creating package script '/home/danendra/Kuliah/SRO/TugasPID/install/routine/share/routine/package.sh'
[9.706s] INFO:colcon.colcon_core.shell:Creating package script '/home/danendra/Kuliah/SRO/TugasPID/install/routine/share/routine/package.bash'
[9.707s] INFO:colcon.colcon_core.shell:Creating package script '/home/danendra/Kuliah/SRO/TugasPID/install/routine/share/routine/package.zsh'
[9.709s] Level 1:colcon.colcon_core.environment:create_file_with_runtime_dependencies(/home/danendra/Kuliah/SRO/TugasPID/install/routine/share/colcon-core/packages/routine)
[9.710s] DEBUG:colcon.colcon_parallel_executor.executor.parallel:closing loop
[9.710s] DEBUG:colcon.colcon_parallel_executor.executor.parallel:loop closed
[9.711s] DEBUG:colcon.colcon_parallel_executor.executor.parallel:run_until_complete finished with '0'
[9.711s] DEBUG:colcon.colcon_core.event_reactor:joining thread
[9.721s] INFO:colcon.colcon_core.plugin_system:Skipping extension 'colcon_notification.desktop_notification.terminal_notifier': Not used on non-Darwin systems
[9.721s] INFO:colcon.colcon_core.plugin_system:Skipping extension 'colcon_notification.desktop_notification.win32': Not used on non-Windows systems
[9.721s] INFO:colcon.colcon_notification.desktop_notification:Sending desktop notification using 'notify2'
[9.751s] DEBUG:colcon.colcon_core.event_reactor:joined thread
[9.753s] INFO:colcon.colcon_core.shell:Creating prefix script '/home/danendra/Kuliah/SRO/TugasPID/install/local_setup.ps1'
[9.754s] INFO:colcon.colcon_core.shell:Creating prefix util module '/home/danendra/Kuliah/SRO/TugasPID/install/_local_setup_util_ps1.py'
[9.756s] INFO:colcon.colcon_core.shell:Creating prefix chain script '/home/danendra/Kuliah/SRO/TugasPID/install/setup.ps1'
[9.760s] INFO:colcon.colcon_core.shell:Creating prefix script '/home/danendra/Kuliah/SRO/TugasPID/install/local_setup.sh'
[9.762s] INFO:colcon.colcon_core.shell:Creating prefix util module '/home/danendra/Kuliah/SRO/TugasPID/install/_local_setup_util_sh.py'
[9.764s] INFO:colcon.colcon_core.shell:Creating prefix chain script '/home/danendra/Kuliah/SRO/TugasPID/install/setup.sh'
[9.767s] INFO:colcon.colcon_core.shell:Creating prefix script '/home/danendra/Kuliah/SRO/TugasPID/install/local_setup.bash'
[9.768s] INFO:colcon.colcon_core.shell:Creating prefix chain script '/home/danendra/Kuliah/SRO/TugasPID/install/setup.bash'
[9.773s] INFO:colcon.colcon_core.shell:Creating prefix script '/home/danendra/Kuliah/SRO/TugasPID/install/local_setup.zsh'
[9.775s] INFO:colcon.colcon_core.shell:Creating prefix chain script '/home/danendra/Kuliah/SRO/TugasPID/install/setup.zsh'
