[0.019s] Invoking command in '/home/danendra/Kuliah/SistemRobotOtonom_ROS2Coppeliasim/build/routine': CMAKE_PREFIX_PATH=${CMAKE_PREFIX_PATH}:/opt/ros/foxy /usr/bin/cmake --build /home/danendra/Kuliah/SistemRobotOtonom_ROS2Coppeliasim/build/routine -- -j8 -l8
[0.070s] [35m[1mScanning dependencies of target routine[0m
[0.107s] [ 50%] [32mBuilding CXX object CMakeFiles/routine.dir/src/routine.cpp.o[0m
[1.347s] In file included from [01m[K/home/danendra/Kuliah/SistemRobotOtonom_ROS2Coppeliasim/src/routine/src/routine.cpp:5[m[K:
[1.348s] [01m[K/home/danendra/Kuliah/SistemRobotOtonom_ROS2Coppeliasim/src/routine/include/routine/kinematics.h:9:18:[m[K [01;35m[Kwarning: [m[KISO C++ forbids zero-size array ‘[01m[Kvel_res[m[K’ [[01;35m[K-Wpedantic[m[K]
[1.348s]     9 | float vel_res[1][[01;35m[K0[m[K];
[1.348s]       |                  [01;35m[K^[m[K
[1.348s] [01m[K/home/danendra/Kuliah/SistemRobotOtonom_ROS2Coppeliasim/src/routine/include/routine/kinematics.h:10:18:[m[K [01;35m[Kwarning: [m[KISO C++ forbids zero-size array ‘[01m[Kvel_inp[m[K’ [[01;35m[K-Wpedantic[m[K]
[1.348s]    10 | float vel_inp[1][[01;35m[K0[m[K];
[1.348s]       |                  [01;35m[K^[m[K
[1.348s] [01m[K/home/danendra/Kuliah/SistemRobotOtonom_ROS2Coppeliasim/src/routine/include/routine/kinematics.h:[m[K In function ‘[01m[Kfloat reverseArray(float (*)[2])[m[K’:
[1.349s] [01m[K/home/danendra/Kuliah/SistemRobotOtonom_ROS2Coppeliasim/src/routine/include/routine/kinematics.h:39:1:[m[K [01;35m[Kwarning: [m[Kno return statement in function returning non-void [[01;35m[K-Wreturn-type[m[K]
[1.349s]    39 | [01;35m[K}[m[K
[1.349s]       | [01;35m[K^[m[K
[1.349s] [01m[K/home/danendra/Kuliah/SistemRobotOtonom_ROS2Coppeliasim/src/routine/include/routine/kinematics.h:[m[K In function ‘[01m[Kfloat forwardKinematics(int, int)[m[K’:
[1.349s] [01m[K/home/danendra/Kuliah/SistemRobotOtonom_ROS2Coppeliasim/src/routine/include/routine/kinematics.h:45:24:[m[K [01;35m[Kwarning: [m[Kleft operand of comma operator has no effect [[01;35m[K-Wunused-value[m[K]
[1.349s]    45 |     return [01;35m[Kvel_res[0][0][m[K, vel_res[0][1];
[1.349s]       |            [01;35m[K~~~~~~~~~~~~^[m[K
[1.349s] [01m[K/home/danendra/Kuliah/SistemRobotOtonom_ROS2Coppeliasim/src/routine/include/routine/kinematics.h:[m[K In function ‘[01m[Kfloat inverseKinematics(float, float, float*)[m[K’:
[1.349s] [01m[K/home/danendra/Kuliah/SistemRobotOtonom_ROS2Coppeliasim/src/routine/include/routine/kinematics.h:61:1:[m[K [01;35m[Kwarning: [m[Kno return statement in function returning non-void [[01;35m[K-Wreturn-type[m[K]
[1.349s]    61 | [01;35m[K}[m[K
[1.349s]       | [01;35m[K^[m[K
[1.349s] In file included from [01m[K/home/danendra/Kuliah/SistemRobotOtonom_ROS2Coppeliasim/src/routine/include/routine/motion.h:4[m[K,
[1.349s]                  from [01m[K/home/danendra/Kuliah/SistemRobotOtonom_ROS2Coppeliasim/src/routine/src/routine.cpp:6[m[K:
[1.349s] [01m[K/home/danendra/Kuliah/SistemRobotOtonom_ROS2Coppeliasim/src/routine/include/routine/pid.h:[m[K In member function ‘[01m[Kfloat pid::calc(float, float)[m[K’:
[1.350s] [01m[K/home/danendra/Kuliah/SistemRobotOtonom_ROS2Coppeliasim/src/routine/include/routine/pid.h:21:36:[m[K [01;35m[Kwarning: [m[Kunused parameter ‘[01m[K_integral[m[K’ [[01;35m[K-Wunused-parameter[m[K]
[1.350s]    21 |     float calc(float _error, [01;35m[Kfloat _integral[m[K){
[1.350s]       |                              [01;35m[K~~~~~~^~~~~~~~~[m[K
[1.351s] In file included from [01m[K/home/danendra/Kuliah/SistemRobotOtonom_ROS2Coppeliasim/src/routine/src/routine.cpp:6[m[K:
[1.351s] [01m[K/home/danendra/Kuliah/SistemRobotOtonom_ROS2Coppeliasim/src/routine/include/routine/motion.h:[m[K In function ‘[01m[Kvoid JalanManualPosisi(float, float)[m[K’:
[1.351s] [01m[K/home/danendra/Kuliah/SistemRobotOtonom_ROS2Coppeliasim/src/routine/include/routine/motion.h:8:30:[m[K [01;35m[Kwarning: [m[Kunused parameter ‘[01m[K_vx[m[K’ [[01;35m[K-Wunused-parameter[m[K]
[1.351s]     8 | void JalanManualPosisi([01;35m[Kfloat _vx[m[K, float _vy)
[1.351s]       |                        [01;35m[K~~~~~~^~~[m[K
[1.351s] [01m[K/home/danendra/Kuliah/SistemRobotOtonom_ROS2Coppeliasim/src/routine/include/routine/motion.h:8:41:[m[K [01;35m[Kwarning: [m[Kunused parameter ‘[01m[K_vy[m[K’ [[01;35m[K-Wunused-parameter[m[K]
[1.351s]     8 | void JalanManualPosisi(float _vx, [01;35m[Kfloat _vy[m[K)
[1.352s]       |                                   [01;35m[K~~~~~~^~~[m[K
[1.375s] [01m[K/home/danendra/Kuliah/SistemRobotOtonom_ROS2Coppeliasim/src/routine/src/routine.cpp:[m[K In function ‘[01m[Kint main(int, char**)[m[K’:
[1.375s] [01m[K/home/danendra/Kuliah/SistemRobotOtonom_ROS2Coppeliasim/src/routine/src/routine.cpp:81:15:[m[K [01;35m[Kwarning: [m[Kunused variable ‘[01m[KvOut[m[K’ [[01;35m[K-Wunused-variable[m[K]
[1.375s]    81 |         float [01;35m[KvOut[m[K[2];
[1.375s]       |               [01;35m[K^~~~[m[K
[1.375s] [01m[K/home/danendra/Kuliah/SistemRobotOtonom_ROS2Coppeliasim/src/routine/src/routine.cpp:62:11:[m[K [01;35m[Kwarning: [m[Kvariable ‘[01m[Kdelta_sensor[m[K’ set but not used [[01;35m[K-Wunused-but-set-variable[m[K]
[1.375s]    62 |     float [01;35m[Kdelta_sensor[m[K = 0;
[1.375s]       |           [01;35m[K^~~~~~~~~~~~[m[K
[1.375s] [01m[K/home/danendra/Kuliah/SistemRobotOtonom_ROS2Coppeliasim/src/routine/src/routine.cpp:64:11:[m[K [01;35m[Kwarning: [m[Kunused variable ‘[01m[Kdelta_rotation[m[K’ [[01;35m[K-Wunused-variable[m[K]
[1.375s]    64 |     float [01;35m[Kdelta_rotation[m[K = 0;
[1.375s]       |           [01;35m[K^~~~~~~~~~~~~~[m[K
[2.984s] [01m[K/home/danendra/Kuliah/SistemRobotOtonom_ROS2Coppeliasim/src/routine/src/routine.cpp:83:26:[m[K [01;35m[Kwarning: [m[K‘[01m[Kvy[m[K’ may be used uninitialized in this function [[01;35m[K-Wmaybe-uninitialized[m[K]
[2.985s]    83 |         [01;35m[KinverseKinematics(vy, vz, vMotor)[m[K;
[2.985s]       |         [01;35m[K~~~~~~~~~~~~~~~~~^~~~~~~~~~~~~~~~[m[K
[5.058s] [100%] [32m[1mLinking CXX executable routine[0m
[5.338s] /usr/bin/ld: CMakeFiles/routine.dir/src/routine.cpp.o: in function `main':
[5.338s] routine.cpp:(.text+0xba6): undefined reference to `CllbkSubPosYRobot(std::shared_ptr<std_msgs::msg::Float32_<std::allocator<void> > >)'
[5.338s] /usr/bin/ld: routine.cpp:(.text+0xc93): undefined reference to `CllbkSubPosXTarget(std::shared_ptr<std_msgs::msg::Float32_<std::allocator<void> > >)'
[5.338s] /usr/bin/ld: routine.cpp:(.text+0xd80): undefined reference to `CllbkSubPosYTarget(std::shared_ptr<std_msgs::msg::Float32_<std::allocator<void> > >)'
[5.342s] collect2: error: ld returned 1 exit status
[5.344s] make[2]: *** [CMakeFiles/routine.dir/build.make:131: routine] Error 1
[5.344s] make[1]: *** [CMakeFiles/Makefile2:78: CMakeFiles/routine.dir/all] Error 2
[5.344s] make: *** [Makefile:141: all] Error 2
[5.347s] Invoked command in '/home/danendra/Kuliah/SistemRobotOtonom_ROS2Coppeliasim/build/routine' returned '2': CMAKE_PREFIX_PATH=${CMAKE_PREFIX_PATH}:/opt/ros/foxy /usr/bin/cmake --build /home/danendra/Kuliah/SistemRobotOtonom_ROS2Coppeliasim/build/routine -- -j8 -l8
