[0.023s] Invoking command in '/home/danendra/Kuliah/SRO/TugasPID/build/routine': CMAKE_PREFIX_PATH=${CMAKE_PREFIX_PATH}:/opt/ros/foxy /usr/bin/cmake --build /home/danendra/Kuliah/SRO/TugasPID/build/routine -- -j8 -l8
[0.078s] [35m[1mScanning dependencies of target routine[0m
[0.110s] [ 50%] [32mBuilding CXX object CMakeFiles/routine.dir/src/routine.cpp.o[0m
[5.194s] [100%] [32m[1mLinking CXX executable routine[0m
[5.540s] [100%] Built target routine
[5.600s] Invoked command in '/home/danendra/Kuliah/SRO/TugasPID/build/routine' returned '0': CMAKE_PREFIX_PATH=${CMAKE_PREFIX_PATH}:/opt/ros/foxy /usr/bin/cmake --build /home/danendra/Kuliah/SRO/TugasPID/build/routine -- -j8 -l8
[5.649s] Invoking command in '/home/danendra/Kuliah/SRO/TugasPID/build/routine': CMAKE_PREFIX_PATH=${CMAKE_PREFIX_PATH}:/opt/ros/foxy /usr/bin/cmake --install /home/danendra/Kuliah/SRO/TugasPID/build/routine
[5.660s] -- Install configuration: ""
[5.660s] -- Installing: /home/danendra/Kuliah/SRO/TugasPID/install/routine/lib/routine/routine
[5.663s] -- Set runtime path of "/home/danendra/Kuliah/SRO/TugasPID/install/routine/lib/routine/routine" to ""
[5.664s] -- Up-to-date: /home/danendra/Kuliah/SRO/TugasPID/install/routine/share/ament_index/resource_index/package_run_dependencies/routine
[5.664s] -- Up-to-date: /home/danendra/Kuliah/SRO/TugasPID/install/routine/share/ament_index/resource_index/parent_prefix_path/routine
[5.664s] -- Up-to-date: /home/danendra/Kuliah/SRO/TugasPID/install/routine/share/routine/environment/ament_prefix_path.sh
[5.665s] -- Up-to-date: /home/danendra/Kuliah/SRO/TugasPID/install/routine/share/routine/environment/ament_prefix_path.dsv
[5.665s] -- Up-to-date: /home/danendra/Kuliah/SRO/TugasPID/install/routine/share/routine/environment/path.sh
[5.665s] -- Up-to-date: /home/danendra/Kuliah/SRO/TugasPID/install/routine/share/routine/environment/path.dsv
[5.665s] -- Up-to-date: /home/danendra/Kuliah/SRO/TugasPID/install/routine/share/routine/local_setup.bash
[5.665s] -- Up-to-date: /home/danendra/Kuliah/SRO/TugasPID/install/routine/share/routine/local_setup.sh
[5.665s] -- Up-to-date: /home/danendra/Kuliah/SRO/TugasPID/install/routine/share/routine/local_setup.zsh
[5.665s] -- Up-to-date: /home/danendra/Kuliah/SRO/TugasPID/install/routine/share/routine/local_setup.dsv
[5.666s] -- Installing: /home/danendra/Kuliah/SRO/TugasPID/install/routine/share/routine/package.dsv
[5.666s] -- Up-to-date: /home/danendra/Kuliah/SRO/TugasPID/install/routine/share/ament_index/resource_index/packages/routine
[5.666s] -- Up-to-date: /home/danendra/Kuliah/SRO/TugasPID/install/routine/share/routine/cmake/routineConfig.cmake
[5.666s] -- Up-to-date: /home/danendra/Kuliah/SRO/TugasPID/install/routine/share/routine/cmake/routineConfig-version.cmake
[5.667s] -- Up-to-date: /home/danendra/Kuliah/SRO/TugasPID/install/routine/share/routine/package.xml
[5.668s] Invoked command in '/home/danendra/Kuliah/SRO/TugasPID/build/routine' returned '0': CMAKE_PREFIX_PATH=${CMAKE_PREFIX_PATH}:/opt/ros/foxy /usr/bin/cmake --install /home/danendra/Kuliah/SRO/TugasPID/build/routine
