[0.026s] Invoking command in '/home/danendra/Kuliah/SRO/colcon_ws/build/routine': CMAKE_PREFIX_PATH=${CMAKE_PREFIX_PATH}:/opt/ros/foxy /usr/bin/cmake --build /home/danendra/Kuliah/SRO/colcon_ws/build/routine -- -j8 -l8
[0.096s] [35m[1mScanning dependencies of target routine[0m
[0.143s] [ 50%] [32mBuilding CXX object CMakeFiles/routine.dir/src/routine.cpp.o[0m
[7.513s] [100%] [32m[1mLinking CXX executable routine[0m
[7.990s] [100%] Built target routine
[8.050s] Invoked command in '/home/danendra/Kuliah/SRO/colcon_ws/build/routine' returned '0': CMAKE_PREFIX_PATH=${CMAKE_PREFIX_PATH}:/opt/ros/foxy /usr/bin/cmake --build /home/danendra/Kuliah/SRO/colcon_ws/build/routine -- -j8 -l8
[8.112s] Invoking command in '/home/danendra/Kuliah/SRO/colcon_ws/build/routine': CMAKE_PREFIX_PATH=${CMAKE_PREFIX_PATH}:/opt/ros/foxy /usr/bin/cmake --install /home/danendra/Kuliah/SRO/colcon_ws/build/routine
[8.125s] -- Install configuration: ""
[8.126s] -- Installing: /home/danendra/Kuliah/SRO/colcon_ws/install/routine/lib/routine/routine
[8.131s] -- Set runtime path of "/home/danendra/Kuliah/SRO/colcon_ws/install/routine/lib/routine/routine" to ""
[8.131s] -- Up-to-date: /home/danendra/Kuliah/SRO/colcon_ws/install/routine/share/ament_index/resource_index/package_run_dependencies/routine
[8.131s] -- Up-to-date: /home/danendra/Kuliah/SRO/colcon_ws/install/routine/share/ament_index/resource_index/parent_prefix_path/routine
[8.131s] -- Up-to-date: /home/danendra/Kuliah/SRO/colcon_ws/install/routine/share/routine/environment/ament_prefix_path.sh
[8.132s] -- Up-to-date: /home/danendra/Kuliah/SRO/colcon_ws/install/routine/share/routine/environment/ament_prefix_path.dsv
[8.132s] -- Up-to-date: /home/danendra/Kuliah/SRO/colcon_ws/install/routine/share/routine/environment/path.sh
[8.132s] -- Up-to-date: /home/danendra/Kuliah/SRO/colcon_ws/install/routine/share/routine/environment/path.dsv
[8.132s] -- Up-to-date: /home/danendra/Kuliah/SRO/colcon_ws/install/routine/share/routine/local_setup.bash
[8.132s] -- Up-to-date: /home/danendra/Kuliah/SRO/colcon_ws/install/routine/share/routine/local_setup.sh
[8.132s] -- Up-to-date: /home/danendra/Kuliah/SRO/colcon_ws/install/routine/share/routine/local_setup.zsh
[8.132s] -- Up-to-date: /home/danendra/Kuliah/SRO/colcon_ws/install/routine/share/routine/local_setup.dsv
[8.132s] -- Installing: /home/danendra/Kuliah/SRO/colcon_ws/install/routine/share/routine/package.dsv
[8.132s] -- Up-to-date: /home/danendra/Kuliah/SRO/colcon_ws/install/routine/share/ament_index/resource_index/packages/routine
[8.132s] -- Up-to-date: /home/danendra/Kuliah/SRO/colcon_ws/install/routine/share/routine/cmake/routineConfig.cmake
[8.133s] -- Up-to-date: /home/danendra/Kuliah/SRO/colcon_ws/install/routine/share/routine/cmake/routineConfig-version.cmake
[8.133s] -- Up-to-date: /home/danendra/Kuliah/SRO/colcon_ws/install/routine/share/routine/package.xml
[8.136s] Invoked command in '/home/danendra/Kuliah/SRO/colcon_ws/build/routine' returned '0': CMAKE_PREFIX_PATH=${CMAKE_PREFIX_PATH}:/opt/ros/foxy /usr/bin/cmake --install /home/danendra/Kuliah/SRO/colcon_ws/build/routine
