[35m[1mScanning dependencies of target routine[0m
[ 50%] [32mBuilding CXX object CMakeFiles/routine.dir/src/routine.cpp.o[0m
[100%] [32m[1mLinking CXX executable routine[0m
[100%] Built target routine
-- Install configuration: ""
-- Installing: /home/danendra/Kuliah/SistemRobotOtonom_ROS2Coppeliasim/install/routine/lib/routine/routine
-- Set runtime path of "/home/danendra/Kuliah/SistemRobotOtonom_ROS2Coppeliasim/install/routine/lib/routine/routine" to ""
-- Up-to-date: /home/danendra/Kuliah/SistemRobotOtonom_ROS2Coppeliasim/install/routine/share/ament_index/resource_index/package_run_dependencies/routine
-- Up-to-date: /home/danendra/Kuliah/SistemRobotOtonom_ROS2Coppeliasim/install/routine/share/ament_index/resource_index/parent_prefix_path/routine
-- Up-to-date: /home/danendra/Kuliah/SistemRobotOtonom_ROS2Coppeliasim/install/routine/share/routine/environment/ament_prefix_path.sh
-- Up-to-date: /home/danendra/Kuliah/SistemRobotOtonom_ROS2Coppeliasim/install/routine/share/routine/environment/ament_prefix_path.dsv
-- Up-to-date: /home/danendra/Kuliah/SistemRobotOtonom_ROS2Coppeliasim/install/routine/share/routine/environment/path.sh
-- Up-to-date: /home/danendra/Kuliah/SistemRobotOtonom_ROS2Coppeliasim/install/routine/share/routine/environment/path.dsv
-- Up-to-date: /home/danendra/Kuliah/SistemRobotOtonom_ROS2Coppeliasim/install/routine/share/routine/local_setup.bash
-- Up-to-date: /home/danendra/Kuliah/SistemRobotOtonom_ROS2Coppeliasim/install/routine/share/routine/local_setup.sh
-- Up-to-date: /home/danendra/Kuliah/SistemRobotOtonom_ROS2Coppeliasim/install/routine/share/routine/local_setup.zsh
-- Up-to-date: /home/danendra/Kuliah/SistemRobotOtonom_ROS2Coppeliasim/install/routine/share/routine/local_setup.dsv
-- Installing: /home/danendra/Kuliah/SistemRobotOtonom_ROS2Coppeliasim/install/routine/share/routine/package.dsv
-- Up-to-date: /home/danendra/Kuliah/SistemRobotOtonom_ROS2Coppeliasim/install/routine/share/ament_index/resource_index/packages/routine
-- Up-to-date: /home/danendra/Kuliah/SistemRobotOtonom_ROS2Coppeliasim/install/routine/share/routine/cmake/routineConfig.cmake
-- Up-to-date: /home/danendra/Kuliah/SistemRobotOtonom_ROS2Coppeliasim/install/routine/share/routine/cmake/routineConfig-version.cmake
-- Up-to-date: /home/danendra/Kuliah/SistemRobotOtonom_ROS2Coppeliasim/install/routine/share/routine/package.xml
