[0.069s] Invoking command in '/home/danendra/Kuliah/SRO/TugasPID/build/routine': CMAKE_PREFIX_PATH=${CMAKE_PREFIX_PATH}:/opt/ros/foxy /usr/bin/cmake --build /home/danendra/Kuliah/SRO/TugasPID/build/routine -- -j8 -l8
[0.208s] [35m[1mScanning dependencies of target routine[0m
[0.292s] [ 50%] [32mBuilding CXX object CMakeFiles/routine.dir/src/routine.cpp.o[0m
[4.808s] In file included from [01m[K/home/danendra/Kuliah/SRO/TugasPID/src/routine/src/routine.cpp:5[m[K:
[4.808s] [01m[K/home/danendra/Kuliah/SRO/TugasPID/src/routine/include/routine/kinematics.h:9:18:[m[K [01;35m[Kwarning: [m[KISO C++ forbids zero-size array ‘[01m[Kvel_res[m[K’ [[01;35m[K-Wpedantic[m[K]
[4.809s]     9 | float vel_res[1][[01;35m[K0[m[K];
[4.809s]       |                  [01;35m[K^[m[K
[4.810s] [01m[K/home/danendra/Kuliah/SRO/TugasPID/src/routine/include/routine/kinematics.h:10:18:[m[K [01;35m[Kwarning: [m[KISO C++ forbids zero-size array ‘[01m[Kvel_inp[m[K’ [[01;35m[K-Wpedantic[m[K]
[4.810s]    10 | float vel_inp[1][[01;35m[K0[m[K];
[4.810s]       |                  [01;35m[K^[m[K
[4.810s] [01m[K/home/danendra/Kuliah/SRO/TugasPID/src/routine/include/routine/kinematics.h:[m[K In function ‘[01m[Kfloat reverseArray(float (*)[2])[m[K’:
[4.811s] [01m[K/home/danendra/Kuliah/SRO/TugasPID/src/routine/include/routine/kinematics.h:39:1:[m[K [01;35m[Kwarning: [m[Kno return statement in function returning non-void [[01;35m[K-Wreturn-type[m[K]
[4.811s]    39 | [01;35m[K}[m[K
[4.811s]       | [01;35m[K^[m[K
[4.811s] [01m[K/home/danendra/Kuliah/SRO/TugasPID/src/routine/include/routine/kinematics.h:[m[K In function ‘[01m[Kfloat forwardKinematics(int, int)[m[K’:
[4.812s] [01m[K/home/danendra/Kuliah/SRO/TugasPID/src/routine/include/routine/kinematics.h:45:24:[m[K [01;35m[Kwarning: [m[Kleft operand of comma operator has no effect [[01;35m[K-Wunused-value[m[K]
[4.812s]    45 |     return [01;35m[Kvel_res[0][0][m[K, vel_res[0][1];
[4.813s]       |            [01;35m[K~~~~~~~~~~~~^[m[K
[4.814s] [01m[K/home/danendra/Kuliah/SRO/TugasPID/src/routine/include/routine/kinematics.h:[m[K In function ‘[01m[Kfloat inverseKinematics(float, float, float*)[m[K’:
[4.814s] [01m[K/home/danendra/Kuliah/SRO/TugasPID/src/routine/include/routine/kinematics.h:61:1:[m[K [01;35m[Kwarning: [m[Kno return statement in function returning non-void [[01;35m[K-Wreturn-type[m[K]
[4.815s]    61 | [01;35m[K}[m[K
[4.815s]       | [01;35m[K^[m[K
[4.902s] [01m[K/home/danendra/Kuliah/SRO/TugasPID/src/routine/src/routine.cpp:[m[K In function ‘[01m[Kint main(int, char**)[m[K’:
[4.902s] [01m[K/home/danendra/Kuliah/SRO/TugasPID/src/routine/src/routine.cpp:54:11:[m[K [01;35m[Kwarning: [m[Kunused variable ‘[01m[Kdelta_rotation[m[K’ [[01;35m[K-Wunused-variable[m[K]
[4.903s]    54 |     float [01;35m[Kdelta_rotation[m[K = 0;
[4.903s]       |           [01;35m[K^~~~~~~~~~~~~~[m[K
[17.844s] [100%] [32m[1mLinking CXX executable routine[0m
[18.832s] [100%] Built target routine
[18.870s] Invoked command in '/home/danendra/Kuliah/SRO/TugasPID/build/routine' returned '0': CMAKE_PREFIX_PATH=${CMAKE_PREFIX_PATH}:/opt/ros/foxy /usr/bin/cmake --build /home/danendra/Kuliah/SRO/TugasPID/build/routine -- -j8 -l8
[18.970s] Invoking command in '/home/danendra/Kuliah/SRO/TugasPID/build/routine': CMAKE_PREFIX_PATH=${CMAKE_PREFIX_PATH}:/opt/ros/foxy /usr/bin/cmake --install /home/danendra/Kuliah/SRO/TugasPID/build/routine
[18.990s] -- Install configuration: ""
[18.990s] -- Installing: /home/danendra/Kuliah/SRO/TugasPID/install/routine/lib/routine/routine
[18.999s] -- Set runtime path of "/home/danendra/Kuliah/SRO/TugasPID/install/routine/lib/routine/routine" to ""
[19.004s] -- Up-to-date: /home/danendra/Kuliah/SRO/TugasPID/install/routine/share/ament_index/resource_index/package_run_dependencies/routine
[19.005s] -- Up-to-date: /home/danendra/Kuliah/SRO/TugasPID/install/routine/share/ament_index/resource_index/parent_prefix_path/routine
[19.008s] -- Up-to-date: /home/danendra/Kuliah/SRO/TugasPID/install/routine/share/routine/environment/ament_prefix_path.sh
[19.010s] -- Up-to-date: /home/danendra/Kuliah/SRO/TugasPID/install/routine/share/routine/environment/ament_prefix_path.dsv
[19.014s] -- Up-to-date: /home/danendra/Kuliah/SRO/TugasPID/install/routine/share/routine/environment/path.sh
[19.014s] -- Up-to-date: /home/danendra/Kuliah/SRO/TugasPID/install/routine/share/routine/environment/path.dsv
[19.014s] -- Up-to-date: /home/danendra/Kuliah/SRO/TugasPID/install/routine/share/routine/local_setup.bash
[19.015s] -- Up-to-date: /home/danendra/Kuliah/SRO/TugasPID/install/routine/share/routine/local_setup.sh
[19.015s] -- Up-to-date: /home/danendra/Kuliah/SRO/TugasPID/install/routine/share/routine/local_setup.zsh
[19.016s] -- Up-to-date: /home/danendra/Kuliah/SRO/TugasPID/install/routine/share/routine/local_setup.dsv
[19.023s] -- Installing: /home/danendra/Kuliah/SRO/TugasPID/install/routine/share/routine/package.dsv
[19.025s] -- Up-to-date: /home/danendra/Kuliah/SRO/TugasPID/install/routine/share/ament_index/resource_index/packages/routine
[19.025s] -- Up-to-date: /home/danendra/Kuliah/SRO/TugasPID/install/routine/share/routine/cmake/routineConfig.cmake
[19.025s] -- Up-to-date: /home/danendra/Kuliah/SRO/TugasPID/install/routine/share/routine/cmake/routineConfig-version.cmake
[19.026s] -- Up-to-date: /home/danendra/Kuliah/SRO/TugasPID/install/routine/share/routine/package.xml
[19.026s] Invoked command in '/home/danendra/Kuliah/SRO/TugasPID/build/routine' returned '0': CMAKE_PREFIX_PATH=${CMAKE_PREFIX_PATH}:/opt/ros/foxy /usr/bin/cmake --install /home/danendra/Kuliah/SRO/TugasPID/build/routine
