[0.017s] Invoking command in '/home/danendra/Kuliah/SRO/colcon_ws/build/routine': CMAKE_PREFIX_PATH=${CMAKE_PREFIX_PATH}:/opt/ros/foxy /usr/bin/cmake --build /home/danendra/Kuliah/SRO/colcon_ws/build/routine -- -j8 -l8
[0.076s] [35m[1mScanning dependencies of target routine[0m
[0.109s] [ 50%] [32mBuilding CXX object CMakeFiles/routine.dir/src/routine.cpp.o[0m
[5.648s] [100%] [32m[1mLinking CXX executable routine[0m
[5.979s] [100%] Built target routine
[5.994s] Invoked command in '/home/danendra/Kuliah/SRO/colcon_ws/build/routine' returned '0': CMAKE_PREFIX_PATH=${CMAKE_PREFIX_PATH}:/opt/ros/foxy /usr/bin/cmake --build /home/danendra/Kuliah/SRO/colcon_ws/build/routine -- -j8 -l8
[6.049s] Invoking command in '/home/danendra/Kuliah/SRO/colcon_ws/build/routine': CMAKE_PREFIX_PATH=${CMAKE_PREFIX_PATH}:/opt/ros/foxy /usr/bin/cmake --install /home/danendra/Kuliah/SRO/colcon_ws/build/routine
[6.063s] -- Install configuration: ""
[6.064s] -- Installing: /home/danendra/Kuliah/SRO/colcon_ws/install/routine/lib/routine/routine
[6.067s] -- Set runtime path of "/home/danendra/Kuliah/SRO/colcon_ws/install/routine/lib/routine/routine" to ""
[6.068s] -- Up-to-date: /home/danendra/Kuliah/SRO/colcon_ws/install/routine/share/ament_index/resource_index/package_run_dependencies/routine
[6.068s] -- Up-to-date: /home/danendra/Kuliah/SRO/colcon_ws/install/routine/share/ament_index/resource_index/parent_prefix_path/routine
[6.068s] -- Up-to-date: /home/danendra/Kuliah/SRO/colcon_ws/install/routine/share/routine/environment/ament_prefix_path.sh
[6.068s] -- Up-to-date: /home/danendra/Kuliah/SRO/colcon_ws/install/routine/share/routine/environment/ament_prefix_path.dsv
[6.068s] -- Up-to-date: /home/danendra/Kuliah/SRO/colcon_ws/install/routine/share/routine/environment/path.sh
[6.069s] -- Up-to-date: /home/danendra/Kuliah/SRO/colcon_ws/install/routine/share/routine/environment/path.dsv
[6.069s] -- Up-to-date: /home/danendra/Kuliah/SRO/colcon_ws/install/routine/share/routine/local_setup.bash
[6.069s] -- Up-to-date: /home/danendra/Kuliah/SRO/colcon_ws/install/routine/share/routine/local_setup.sh
[6.069s] -- Up-to-date: /home/danendra/Kuliah/SRO/colcon_ws/install/routine/share/routine/local_setup.zsh
[6.069s] -- Up-to-date: /home/danendra/Kuliah/SRO/colcon_ws/install/routine/share/routine/local_setup.dsv
[6.069s] -- Installing: /home/danendra/Kuliah/SRO/colcon_ws/install/routine/share/routine/package.dsv
[6.069s] -- Up-to-date: /home/danendra/Kuliah/SRO/colcon_ws/install/routine/share/ament_index/resource_index/packages/routine
[6.070s] -- Up-to-date: /home/danendra/Kuliah/SRO/colcon_ws/install/routine/share/routine/cmake/routineConfig.cmake
[6.070s] -- Up-to-date: /home/danendra/Kuliah/SRO/colcon_ws/install/routine/share/routine/cmake/routineConfig-version.cmake
[6.070s] -- Up-to-date: /home/danendra/Kuliah/SRO/colcon_ws/install/routine/share/routine/package.xml
[6.072s] Invoked command in '/home/danendra/Kuliah/SRO/colcon_ws/build/routine' returned '0': CMAKE_PREFIX_PATH=${CMAKE_PREFIX_PATH}:/opt/ros/foxy /usr/bin/cmake --install /home/danendra/Kuliah/SRO/colcon_ws/build/routine
