[01m[K/home/danendra/Kuliah/SRO/colcon_ws/src/routine/src/routine.cpp:[m[K In function ‘[01m[Kfloat CllbkDataSensor(const SharedPtr&)[m[K’:
[01m[K/home/danendra/Kuliah/SRO/colcon_ws/src/routine/src/routine.cpp:21:14:[m[K [01;35m[Kwarning: [m[Kformat ‘[01m[K%f[m[K’ expects argument of type ‘[01m[Kdouble[m[K’, but argument 2 has type ‘[01m[Kconst SharedPtr[m[K’ {aka ‘[01m[Kconst std::shared_ptr<std_msgs::msg::Float32_<std::allocator<void> > >[m[K’} [[01;35m[K-Wformat=[m[K]
   21 |     printf("[01;35m[K%f[m[K", msg);
      |             [01;35m[K~^[m[K
      |              [01;35m[K|[m[K
      |              [01;35m[Kdouble[m[K
[01m[K/home/danendra/Kuliah/SRO/colcon_ws/src/routine/src/routine.cpp:22:1:[m[K [01;35m[Kwarning: [m[Kno return statement in function returning non-void [[01;35m[K-Wreturn-type[m[K]
   22 | [01;35m[K}[m[K
      | [01;35m[K^[m[K
[01m[K/home/danendra/Kuliah/SRO/colcon_ws/src/routine/src/routine.cpp:[m[K In function ‘[01m[Kint main(int, char**)[m[K’:
[01m[K/home/danendra/Kuliah/SRO/colcon_ws/src/routine/src/routine.cpp:53:116:[m[K [01;31m[Kerror: [m[Kno matching function for call to ‘[01m[Krclcpp::Node::create_subscription<std_msgs::msg::Float32>(const char [13], int, <unresolved overloaded function type>)[m[K’
   53 |     auto sub_sensor_data = routine->create_subscription<std_msgs::msg::Float32>("/sensor_data", 10, CllbkDataSensor[01;31m[K)[m[K;
      |                                                                                                                    [01;31m[K^[m[K
In file included from [01m[K/opt/ros/foxy/include/rclcpp/executors/single_threaded_executor.hpp:28[m[K,
                 from [01m[K/opt/ros/foxy/include/rclcpp/executors.hpp:22[m[K,
                 from [01m[K/opt/ros/foxy/include/rclcpp/rclcpp.hpp:146[m[K,
                 from [01m[K/home/danendra/Kuliah/SRO/colcon_ws/src/routine/src/routine.cpp:1[m[K:
[01m[K/opt/ros/foxy/include/rclcpp/node.hpp:213:3:[m[K [01;36m[Knote: [m[Kcandidate: ‘[01m[Ktemplate<class MessageT, class CallbackT, class AllocatorT, class CallbackMessageT, class SubscriptionT, class MessageMemoryStrategyT> std::shared_ptr<SubscriptionT> rclcpp::Node::create_subscription(const string&, const rclcpp::QoS&, CallbackT&&, const rclcpp::SubscriptionOptionsWithAllocator<AllocatorT>&, typename MessageMemoryStrategyT::SharedPtr)[m[K’
  213 |   [01;36m[Kcreate_subscription[m[K(
      |   [01;36m[K^~~~~~~~~~~~~~~~~~~[m[K
[01m[K/opt/ros/foxy/include/rclcpp/node.hpp:213:3:[m[K [01;36m[Knote: [m[K  template argument deduction/substitution failed:
[01m[K/home/danendra/Kuliah/SRO/colcon_ws/src/routine/src/routine.cpp:53:116:[m[K [01;36m[Knote: [m[K  couldn’t deduce template parameter ‘[01m[KCallbackT[m[K’
   53 |     auto sub_sensor_data = routine->create_subscription<std_msgs::msg::Float32>("/sensor_data", 10, CllbkDataSensor[01;36m[K)[m[K;
      |                                                                                                                    [01;36m[K^[m[K
make[2]: *** [CMakeFiles/routine.dir/build.make:63: CMakeFiles/routine.dir/src/routine.cpp.o] Error 1
make[1]: *** [CMakeFiles/Makefile2:78: CMakeFiles/routine.dir/all] Error 2
make: *** [Makefile:141: all] Error 2
