-- Found ament_cmake: 0.9.9 (/opt/ros/foxy/share/ament_cmake/cmake)
-- Using PYTHON_EXECUTABLE: /usr/bin/python3
-- Found std_msgs: 2.0.5 (/opt/ros/foxy/share/std_msgs/cmake)
-- Using all available rosidl_typesupport_c: rosidl_typesupport_fastrtps_c;rosidl_typesupport_introspection_c
-- Found rosidl_adapter: 1.2.1 (/opt/ros/foxy/share/rosidl_adapter/cmake)
-- Using all available rosidl_typesupport_cpp: rosidl_typesupport_fastrtps_cpp;rosidl_typesupport_introspection_cpp
-- Found rclcpp: 2.4.1 (/opt/ros/foxy/share/rclcpp/cmake)
-- Found rmw_implementation_cmake: 1.0.3 (/opt/ros/foxy/share/rmw_implementation_cmake/cmake)
-- Using RMW implementation 'rmw_fastrtps_cpp' as default
-- Configuring done
-- Generating done
-- Build files have been written to: /home/danendra/Kuliah/SRO/TugasPID/build/routine
[35m[1mScanning dependencies of target routine[0m
[ 50%] [32mBuilding CXX object CMakeFiles/routine.dir/src/routine.cpp.o[0m
[100%] [32m[1mLinking CXX executable routine[0m
[100%] Built target routine
-- Install configuration: ""
-- Installing: /home/danendra/Kuliah/SRO/TugasPID/install/routine/lib/routine/routine
-- Set runtime path of "/home/danendra/Kuliah/SRO/TugasPID/install/routine/lib/routine/routine" to ""
-- Installing: /home/danendra/Kuliah/SRO/TugasPID/install/routine/share/ament_index/resource_index/package_run_dependencies/routine
-- Installing: /home/danendra/Kuliah/SRO/TugasPID/install/routine/share/ament_index/resource_index/parent_prefix_path/routine
-- Installing: /home/danendra/Kuliah/SRO/TugasPID/install/routine/share/routine/environment/ament_prefix_path.sh
-- Installing: /home/danendra/Kuliah/SRO/TugasPID/install/routine/share/routine/environment/ament_prefix_path.dsv
-- Installing: /home/danendra/Kuliah/SRO/TugasPID/install/routine/share/routine/environment/path.sh
-- Installing: /home/danendra/Kuliah/SRO/TugasPID/install/routine/share/routine/environment/path.dsv
-- Installing: /home/danendra/Kuliah/SRO/TugasPID/install/routine/share/routine/local_setup.bash
-- Installing: /home/danendra/Kuliah/SRO/TugasPID/install/routine/share/routine/local_setup.sh
-- Installing: /home/danendra/Kuliah/SRO/TugasPID/install/routine/share/routine/local_setup.zsh
-- Installing: /home/danendra/Kuliah/SRO/TugasPID/install/routine/share/routine/local_setup.dsv
-- Installing: /home/danendra/Kuliah/SRO/TugasPID/install/routine/share/routine/package.dsv
-- Installing: /home/danendra/Kuliah/SRO/TugasPID/install/routine/share/ament_index/resource_index/packages/routine
-- Installing: /home/danendra/Kuliah/SRO/TugasPID/install/routine/share/routine/cmake/routineConfig.cmake
-- Installing: /home/danendra/Kuliah/SRO/TugasPID/install/routine/share/routine/cmake/routineConfig-version.cmake
-- Installing: /home/danendra/Kuliah/SRO/TugasPID/install/routine/share/routine/package.xml
