[0.015s] Invoking command in '/home/danendra/Kuliah/SRO/TugasPID/build/routine': CMAKE_PREFIX_PATH=${CMAKE_PREFIX_PATH}:/opt/ros/foxy /usr/bin/cmake /home/danendra/Kuliah/SRO/TugasPID/src/routine -DCMAKE_INSTALL_PREFIX=/home/danendra/Kuliah/SRO/TugasPID/install/routine
[0.034s] -- Found ament_cmake: 0.9.9 (/opt/ros/foxy/share/ament_cmake/cmake)
[0.057s] -- Using PYTHON_EXECUTABLE: /usr/bin/python3
[0.237s] -- Found std_msgs: 2.0.5 (/opt/ros/foxy/share/std_msgs/cmake)
[0.260s] -- Using all available rosidl_typesupport_c: rosidl_typesupport_fastrtps_c;rosidl_typesupport_introspection_c
[0.263s] -- Found rosidl_adapter: 1.2.1 (/opt/ros/foxy/share/rosidl_adapter/cmake)
[0.391s] -- Using all available rosidl_typesupport_cpp: rosidl_typesupport_fastrtps_cpp;rosidl_typesupport_introspection_cpp
[0.435s] -- Found rclcpp: 2.4.1 (/opt/ros/foxy/share/rclcpp/cmake)
[0.472s] -- Found rmw_implementation_cmake: 1.0.3 (/opt/ros/foxy/share/rmw_implementation_cmake/cmake)
[0.473s] -- Using RMW implementation 'rmw_fastrtps_cpp' as default
[0.679s] -- Configuring done
[0.686s] -- Generating done
[0.687s] -- Build files have been written to: /home/danendra/Kuliah/SRO/TugasPID/build/routine
[0.694s] Invoked command in '/home/danendra/Kuliah/SRO/TugasPID/build/routine' returned '0': CMAKE_PREFIX_PATH=${CMAKE_PREFIX_PATH}:/opt/ros/foxy /usr/bin/cmake /home/danendra/Kuliah/SRO/TugasPID/src/routine -DCMAKE_INSTALL_PREFIX=/home/danendra/Kuliah/SRO/TugasPID/install/routine
[0.697s] Invoking command in '/home/danendra/Kuliah/SRO/TugasPID/build/routine': CMAKE_PREFIX_PATH=${CMAKE_PREFIX_PATH}:/opt/ros/foxy /usr/bin/cmake --build /home/danendra/Kuliah/SRO/TugasPID/build/routine -- -j8 -l8
[0.739s] [35m[1mScanning dependencies of target routine[0m
[0.778s] [ 50%] [32mBuilding CXX object CMakeFiles/routine.dir/src/routine.cpp.o[0m
[5.571s] [100%] [32m[1mLinking CXX executable routine[0m
[5.879s] [100%] Built target routine
[5.892s] Invoked command in '/home/danendra/Kuliah/SRO/TugasPID/build/routine' returned '0': CMAKE_PREFIX_PATH=${CMAKE_PREFIX_PATH}:/opt/ros/foxy /usr/bin/cmake --build /home/danendra/Kuliah/SRO/TugasPID/build/routine -- -j8 -l8
[5.937s] Invoking command in '/home/danendra/Kuliah/SRO/TugasPID/build/routine': CMAKE_PREFIX_PATH=${CMAKE_PREFIX_PATH}:/opt/ros/foxy /usr/bin/cmake --install /home/danendra/Kuliah/SRO/TugasPID/build/routine
[5.948s] -- Install configuration: ""
[5.948s] -- Installing: /home/danendra/Kuliah/SRO/TugasPID/install/routine/lib/routine/routine
[5.950s] -- Set runtime path of "/home/danendra/Kuliah/SRO/TugasPID/install/routine/lib/routine/routine" to ""
[5.950s] -- Installing: /home/danendra/Kuliah/SRO/TugasPID/install/routine/share/ament_index/resource_index/package_run_dependencies/routine
[5.951s] -- Installing: /home/danendra/Kuliah/SRO/TugasPID/install/routine/share/ament_index/resource_index/parent_prefix_path/routine
[5.951s] -- Installing: /home/danendra/Kuliah/SRO/TugasPID/install/routine/share/routine/environment/ament_prefix_path.sh
[5.951s] -- Installing: /home/danendra/Kuliah/SRO/TugasPID/install/routine/share/routine/environment/ament_prefix_path.dsv
[5.951s] -- Installing: /home/danendra/Kuliah/SRO/TugasPID/install/routine/share/routine/environment/path.sh
[5.952s] -- Installing: /home/danendra/Kuliah/SRO/TugasPID/install/routine/share/routine/environment/path.dsv
[5.952s] -- Installing: /home/danendra/Kuliah/SRO/TugasPID/install/routine/share/routine/local_setup.bash
[5.952s] -- Installing: /home/danendra/Kuliah/SRO/TugasPID/install/routine/share/routine/local_setup.sh
[5.952s] -- Installing: /home/danendra/Kuliah/SRO/TugasPID/install/routine/share/routine/local_setup.zsh
[5.952s] -- Installing: /home/danendra/Kuliah/SRO/TugasPID/install/routine/share/routine/local_setup.dsv
[5.952s] -- Installing: /home/danendra/Kuliah/SRO/TugasPID/install/routine/share/routine/package.dsv
[5.953s] -- Installing: /home/danendra/Kuliah/SRO/TugasPID/install/routine/share/ament_index/resource_index/packages/routine
[5.953s] -- Installing: /home/danendra/Kuliah/SRO/TugasPID/install/routine/share/routine/cmake/routineConfig.cmake
[5.953s] -- Installing: /home/danendra/Kuliah/SRO/TugasPID/install/routine/share/routine/cmake/routineConfig-version.cmake
[5.953s] -- Installing: /home/danendra/Kuliah/SRO/TugasPID/install/routine/share/routine/package.xml
[5.957s] Invoked command in '/home/danendra/Kuliah/SRO/TugasPID/build/routine' returned '0': CMAKE_PREFIX_PATH=${CMAKE_PREFIX_PATH}:/opt/ros/foxy /usr/bin/cmake --install /home/danendra/Kuliah/SRO/TugasPID/build/routine
