[0.026s] Invoking command in '/home/danendra/Kuliah/SRO/TugasPID/build/routine': CMAKE_PREFIX_PATH=${CMAKE_PREFIX_PATH}:/opt/ros/foxy /usr/bin/cmake --build /home/danendra/Kuliah/SRO/TugasPID/build/routine -- -j8 -l8
[0.085s] [35m[1mScanning dependencies of target routine[0m
[0.127s] [ 50%] [32mBuilding CXX object CMakeFiles/routine.dir/src/routine.cpp.o[0m
[1.709s] In file included from [01m[K/home/danendra/Kuliah/SRO/TugasPID/src/routine/src/routine.cpp:5[m[K:
[1.709s] [01m[K/home/danendra/Kuliah/SRO/TugasPID/src/routine/include/routine/kinematics.h:9:18:[m[K [01;35m[Kwarning: [m[KISO C++ forbids zero-size array ‘[01m[Kvel_res[m[K’ [[01;35m[K-Wpedantic[m[K]
[1.709s]     9 | float vel_res[1][[01;35m[K0[m[K];
[1.709s]       |                  [01;35m[K^[m[K
[1.709s] [01m[K/home/danendra/Kuliah/SRO/TugasPID/src/routine/include/routine/kinematics.h:10:18:[m[K [01;35m[Kwarning: [m[KISO C++ forbids zero-size array ‘[01m[Kvel_inp[m[K’ [[01;35m[K-Wpedantic[m[K]
[1.710s]    10 | float vel_inp[1][[01;35m[K0[m[K];
[1.710s]       |                  [01;35m[K^[m[K
[1.710s] [01m[K/home/danendra/Kuliah/SRO/TugasPID/src/routine/include/routine/kinematics.h:[m[K In function ‘[01m[Kfloat reverseArray(float (*)[2])[m[K’:
[1.710s] [01m[K/home/danendra/Kuliah/SRO/TugasPID/src/routine/include/routine/kinematics.h:34:1:[m[K [01;35m[Kwarning: [m[Kno return statement in function returning non-void [[01;35m[K-Wreturn-type[m[K]
[1.710s]    34 | [01;35m[K}[m[K
[1.710s]       | [01;35m[K^[m[K
[1.710s] [01m[K/home/danendra/Kuliah/SRO/TugasPID/src/routine/include/routine/kinematics.h:[m[K In function ‘[01m[Kfloat forwardKinematics(int, int)[m[K’:
[1.710s] [01m[K/home/danendra/Kuliah/SRO/TugasPID/src/routine/include/routine/kinematics.h:40:24:[m[K [01;35m[Kwarning: [m[Kleft operand of comma operator has no effect [[01;35m[K-Wunused-value[m[K]
[1.710s]    40 |     return [01;35m[Kvel_res[0][0][m[K, vel_res[0][1];
[1.710s]       |            [01;35m[K~~~~~~~~~~~~^[m[K
[1.711s] [01m[K/home/danendra/Kuliah/SRO/TugasPID/src/routine/include/routine/kinematics.h:[m[K In function ‘[01m[Kfloat inreverseKinematics(int, int)[m[K’:
[1.711s] [01m[K/home/danendra/Kuliah/SRO/TugasPID/src/routine/include/routine/kinematics.h:48:24:[m[K [01;35m[Kwarning: [m[Kleft operand of comma operator has no effect [[01;35m[K-Wunused-value[m[K]
[1.711s]    48 |     return [01;35m[Kvel_res[0][0][m[K, vel_res[1][0];
[1.711s]       |            [01;35m[K~~~~~~~~~~~~^[m[K
[1.738s] [01m[K/home/danendra/Kuliah/SRO/TugasPID/src/routine/src/routine.cpp:[m[K In function ‘[01m[Kint main(int, char**)[m[K’:
[1.738s] [01m[K/home/danendra/Kuliah/SRO/TugasPID/src/routine/src/routine.cpp:68:15:[m[K [01;35m[Kwarning: [m[Kunused variable ‘[01m[KvLeft[m[K’ [[01;35m[K-Wunused-variable[m[K]
[1.738s]    68 |         float [01;35m[KvLeft[m[K, vRight = inreverseKinematics(vy, vz);
[1.738s]       |               [01;35m[K^~~~~[m[K
[1.738s] [01m[K/home/danendra/Kuliah/SRO/TugasPID/src/routine/src/routine.cpp:68:22:[m[K [01;35m[Kwarning: [m[Kunused variable ‘[01m[KvRight[m[K’ [[01;35m[K-Wunused-variable[m[K]
[1.738s]    68 |         float vLeft, [01;35m[KvRight[m[K = inreverseKinematics(vy, vz);
[1.739s]       |                      [01;35m[K^~~~~~[m[K
[1.739s] [01m[K/home/danendra/Kuliah/SRO/TugasPID/src/routine/src/routine.cpp:54:11:[m[K [01;35m[Kwarning: [m[Kunused variable ‘[01m[Kdelta_rotation[m[K’ [[01;35m[K-Wunused-variable[m[K]
[1.739s]    54 |     float [01;35m[Kdelta_rotation[m[K = 0;
[1.739s]       |           [01;35m[K^~~~~~~~~~~~~~[m[K
[6.070s] [100%] [32m[1mLinking CXX executable routine[0m
[6.457s] [100%] Built target routine
[6.476s] Invoked command in '/home/danendra/Kuliah/SRO/TugasPID/build/routine' returned '0': CMAKE_PREFIX_PATH=${CMAKE_PREFIX_PATH}:/opt/ros/foxy /usr/bin/cmake --build /home/danendra/Kuliah/SRO/TugasPID/build/routine -- -j8 -l8
[6.532s] Invoking command in '/home/danendra/Kuliah/SRO/TugasPID/build/routine': CMAKE_PREFIX_PATH=${CMAKE_PREFIX_PATH}:/opt/ros/foxy /usr/bin/cmake --install /home/danendra/Kuliah/SRO/TugasPID/build/routine
[6.546s] -- Install configuration: ""
[6.546s] -- Installing: /home/danendra/Kuliah/SRO/TugasPID/install/routine/lib/routine/routine
[6.552s] -- Set runtime path of "/home/danendra/Kuliah/SRO/TugasPID/install/routine/lib/routine/routine" to ""
[6.552s] -- Up-to-date: /home/danendra/Kuliah/SRO/TugasPID/install/routine/share/ament_index/resource_index/package_run_dependencies/routine
[6.552s] -- Up-to-date: /home/danendra/Kuliah/SRO/TugasPID/install/routine/share/ament_index/resource_index/parent_prefix_path/routine
[6.552s] -- Up-to-date: /home/danendra/Kuliah/SRO/TugasPID/install/routine/share/routine/environment/ament_prefix_path.sh
[6.553s] -- Up-to-date: /home/danendra/Kuliah/SRO/TugasPID/install/routine/share/routine/environment/ament_prefix_path.dsv
[6.553s] -- Up-to-date: /home/danendra/Kuliah/SRO/TugasPID/install/routine/share/routine/environment/path.sh
[6.553s] -- Up-to-date: /home/danendra/Kuliah/SRO/TugasPID/install/routine/share/routine/environment/path.dsv
[6.553s] -- Up-to-date: /home/danendra/Kuliah/SRO/TugasPID/install/routine/share/routine/local_setup.bash
[6.553s] -- Up-to-date: /home/danendra/Kuliah/SRO/TugasPID/install/routine/share/routine/local_setup.sh
[6.554s] -- Up-to-date: /home/danendra/Kuliah/SRO/TugasPID/install/routine/share/routine/local_setup.zsh
[6.554s] -- Up-to-date: /home/danendra/Kuliah/SRO/TugasPID/install/routine/share/routine/local_setup.dsv
[6.554s] -- Installing: /home/danendra/Kuliah/SRO/TugasPID/install/routine/share/routine/package.dsv
[6.554s] -- Up-to-date: /home/danendra/Kuliah/SRO/TugasPID/install/routine/share/ament_index/resource_index/packages/routine
[6.554s] -- Up-to-date: /home/danendra/Kuliah/SRO/TugasPID/install/routine/share/routine/cmake/routineConfig.cmake
[6.555s] -- Up-to-date: /home/danendra/Kuliah/SRO/TugasPID/install/routine/share/routine/cmake/routineConfig-version.cmake
[6.555s] -- Up-to-date: /home/danendra/Kuliah/SRO/TugasPID/install/routine/share/routine/package.xml
[6.557s] Invoked command in '/home/danendra/Kuliah/SRO/TugasPID/build/routine' returned '0': CMAKE_PREFIX_PATH=${CMAKE_PREFIX_PATH}:/opt/ros/foxy /usr/bin/cmake --install /home/danendra/Kuliah/SRO/TugasPID/build/routine
