-- The C compiler identification is GNU 9.4.0
-- The CXX compiler identification is GNU 9.4.0
-- Check for working C compiler: /usr/bin/cc
-- Check for working C compiler: /usr/bin/cc -- works
-- Detecting C compiler ABI info
-- Detecting C compiler ABI info - done
-- Detecting C compile features
-- Detecting C compile features - done
-- Check for working CXX compiler: /usr/bin/c++
-- Check for working CXX compiler: /usr/bin/c++ -- works
-- Detecting CXX compiler ABI info
-- Detecting CXX compiler ABI info - done
-- Detecting CXX compile features
-- Detecting CXX compile features - done
-- Found ament_cmake: 0.9.9 (/opt/ros/foxy/share/ament_cmake/cmake)
-- Found PythonInterp: /usr/bin/python3 (found suitable version "3.8.10", minimum required is "3") 
-- Using PYTHON_EXECUTABLE: /usr/bin/python3
-- Found std_msgs: 2.0.5 (/opt/ros/foxy/share/std_msgs/cmake)
-- Using all available rosidl_typesupport_c: rosidl_typesupport_fastrtps_c;rosidl_typesupport_introspection_c
-- Found rosidl_adapter: 1.2.1 (/opt/ros/foxy/share/rosidl_adapter/cmake)
-- Found OpenSSL: /usr/lib/x86_64-linux-gnu/libcrypto.so (found version "1.1.1f")  
-- Found FastRTPS: /opt/ros/foxy/include  
-- Using all available rosidl_typesupport_cpp: rosidl_typesupport_fastrtps_cpp;rosidl_typesupport_introspection_cpp
-- Found rclcpp: 2.4.1 (/opt/ros/foxy/share/rclcpp/cmake)
-- Found rmw_implementation_cmake: 1.0.3 (/opt/ros/foxy/share/rmw_implementation_cmake/cmake)
-- Using RMW implementation 'rmw_fastrtps_cpp' as default
-- Looking for pthread.h
-- Looking for pthread.h - found
-- Performing Test CMAKE_HAVE_LIBC_PTHREAD
-- Performing Test CMAKE_HAVE_LIBC_PTHREAD - Failed
-- Looking for pthread_create in pthreads
-- Looking for pthread_create in pthreads - not found
-- Looking for pthread_create in pthread
-- Looking for pthread_create in pthread - found
-- Found Threads: TRUE  
-- Configuring done
-- Generating done
-- Build files have been written to: /home/danendra/Kuliah/SistemRobotOtonom_ROS2Coppeliasim/build/routine
[35m[1mScanning dependencies of target routine[0m
[ 50%] [32mBuilding CXX object CMakeFiles/routine.dir/src/routine.cpp.o[0m
In file included from [01m[K/home/danendra/Kuliah/SistemRobotOtonom_ROS2Coppeliasim/src/routine/src/routine.cpp:5[m[K:
[01m[K/home/danendra/Kuliah/SistemRobotOtonom_ROS2Coppeliasim/src/routine/include/routine/kinematics.h:9:18:[m[K [01;35m[Kwarning: [m[KISO C++ forbids zero-size array ‘[01m[Kvel_res[m[K’ [[01;35m[K-Wpedantic[m[K]
    9 | float vel_res[1][[01;35m[K0[m[K];
      |                  [01;35m[K^[m[K
[01m[K/home/danendra/Kuliah/SistemRobotOtonom_ROS2Coppeliasim/src/routine/include/routine/kinematics.h:10:18:[m[K [01;35m[Kwarning: [m[KISO C++ forbids zero-size array ‘[01m[Kvel_inp[m[K’ [[01;35m[K-Wpedantic[m[K]
   10 | float vel_inp[1][[01;35m[K0[m[K];
      |                  [01;35m[K^[m[K
[01m[K/home/danendra/Kuliah/SistemRobotOtonom_ROS2Coppeliasim/src/routine/include/routine/kinematics.h:[m[K In function ‘[01m[Kfloat reverseArray(float (*)[2])[m[K’:
[01m[K/home/danendra/Kuliah/SistemRobotOtonom_ROS2Coppeliasim/src/routine/include/routine/kinematics.h:39:1:[m[K [01;35m[Kwarning: [m[Kno return statement in function returning non-void [[01;35m[K-Wreturn-type[m[K]
   39 | [01;35m[K}[m[K
      | [01;35m[K^[m[K
[01m[K/home/danendra/Kuliah/SistemRobotOtonom_ROS2Coppeliasim/src/routine/include/routine/kinematics.h:[m[K In function ‘[01m[Kfloat forwardKinematics(int, int)[m[K’:
[01m[K/home/danendra/Kuliah/SistemRobotOtonom_ROS2Coppeliasim/src/routine/include/routine/kinematics.h:45:24:[m[K [01;35m[Kwarning: [m[Kleft operand of comma operator has no effect [[01;35m[K-Wunused-value[m[K]
   45 |     return [01;35m[Kvel_res[0][0][m[K, vel_res[0][1];
      |            [01;35m[K~~~~~~~~~~~~^[m[K
[01m[K/home/danendra/Kuliah/SistemRobotOtonom_ROS2Coppeliasim/src/routine/include/routine/kinematics.h:[m[K In function ‘[01m[Kfloat inverseKinematics(float, float, float*)[m[K’:
[01m[K/home/danendra/Kuliah/SistemRobotOtonom_ROS2Coppeliasim/src/routine/include/routine/kinematics.h:61:1:[m[K [01;35m[Kwarning: [m[Kno return statement in function returning non-void [[01;35m[K-Wreturn-type[m[K]
   61 | [01;35m[K}[m[K
      | [01;35m[K^[m[K
In file included from [01m[K/home/danendra/Kuliah/SistemRobotOtonom_ROS2Coppeliasim/src/routine/include/routine/motion.h:4[m[K,
                 from [01m[K/home/danendra/Kuliah/SistemRobotOtonom_ROS2Coppeliasim/src/routine/src/routine.cpp:6[m[K:
[01m[K/home/danendra/Kuliah/SistemRobotOtonom_ROS2Coppeliasim/src/routine/include/routine/pid.h:[m[K In member function ‘[01m[Kfloat pid::calc(float, float)[m[K’:
[01m[K/home/danendra/Kuliah/SistemRobotOtonom_ROS2Coppeliasim/src/routine/include/routine/pid.h:21:36:[m[K [01;35m[Kwarning: [m[Kunused parameter ‘[01m[K_integral[m[K’ [[01;35m[K-Wunused-parameter[m[K]
   21 |     float calc(float _error, [01;35m[Kfloat _integral[m[K){
      |                              [01;35m[K~~~~~~^~~~~~~~~[m[K
In file included from [01m[K/home/danendra/Kuliah/SistemRobotOtonom_ROS2Coppeliasim/src/routine/src/routine.cpp:6[m[K:
[01m[K/home/danendra/Kuliah/SistemRobotOtonom_ROS2Coppeliasim/src/routine/include/routine/motion.h:[m[K In function ‘[01m[Kvoid JalanManualPosisi(float, float)[m[K’:
[01m[K/home/danendra/Kuliah/SistemRobotOtonom_ROS2Coppeliasim/src/routine/include/routine/motion.h:8:30:[m[K [01;35m[Kwarning: [m[Kunused parameter ‘[01m[K_vx[m[K’ [[01;35m[K-Wunused-parameter[m[K]
    8 | void JalanManualPosisi([01;35m[Kfloat _vx[m[K, float _vy)
      |                        [01;35m[K~~~~~~^~~[m[K
[01m[K/home/danendra/Kuliah/SistemRobotOtonom_ROS2Coppeliasim/src/routine/include/routine/motion.h:8:41:[m[K [01;35m[Kwarning: [m[Kunused parameter ‘[01m[K_vy[m[K’ [[01;35m[K-Wunused-parameter[m[K]
    8 | void JalanManualPosisi(float _vx, [01;35m[Kfloat _vy[m[K)
      |                                   [01;35m[K~~~~~~^~~[m[K
[01m[K/home/danendra/Kuliah/SistemRobotOtonom_ROS2Coppeliasim/src/routine/src/routine.cpp:[m[K In function ‘[01m[Kint main(int, char**)[m[K’:
[01m[K/home/danendra/Kuliah/SistemRobotOtonom_ROS2Coppeliasim/src/routine/src/routine.cpp:62:11:[m[K [01;35m[Kwarning: [m[Kvariable ‘[01m[Kdelta_sensor[m[K’ set but not used [[01;35m[K-Wunused-but-set-variable[m[K]
   62 |     float [01;35m[Kdelta_sensor[m[K = 0;
      |           [01;35m[K^~~~~~~~~~~~[m[K
[01m[K/home/danendra/Kuliah/SistemRobotOtonom_ROS2Coppeliasim/src/routine/src/routine.cpp:64:11:[m[K [01;35m[Kwarning: [m[Kunused variable ‘[01m[Kdelta_rotation[m[K’ [[01;35m[K-Wunused-variable[m[K]
   64 |     float [01;35m[Kdelta_rotation[m[K = 0;
      |           [01;35m[K^~~~~~~~~~~~~~[m[K
[01m[K/home/danendra/Kuliah/SistemRobotOtonom_ROS2Coppeliasim/src/routine/src/routine.cpp:83:26:[m[K [01;35m[Kwarning: [m[K‘[01m[Kvy[m[K’ may be used uninitialized in this function [[01;35m[K-Wmaybe-uninitialized[m[K]
   83 |         [01;35m[KinverseKinematics(vy, vz, vMotor)[m[K;
      |         [01;35m[K~~~~~~~~~~~~~~~~~^~~~~~~~~~~~~~~~[m[K
[100%] [32m[1mLinking CXX executable routine[0m
/usr/bin/ld: CMakeFiles/routine.dir/src/routine.cpp.o: in function `JalanPosisiSudut(float, float, float, float*, float*)':
routine.cpp:(.text+0x7d7): undefined reference to `pid::~pid()'
/usr/bin/ld: CMakeFiles/routine.dir/src/routine.cpp.o: in function `main':
routine.cpp:(.text+0xe0d): undefined reference to `CllbkSubPosXTarget(std::shared_ptr<std_msgs::msg::Float32_<std::allocator<void> > >)'
/usr/bin/ld: routine.cpp:(.text+0xefa): undefined reference to `CllbkSubPosYTarget(std::shared_ptr<std_msgs::msg::Float32_<std::allocator<void> > >)'
collect2: error: ld returned 1 exit status
make[2]: *** [CMakeFiles/routine.dir/build.make:131: routine] Error 1
make[1]: *** [CMakeFiles/Makefile2:78: CMakeFiles/routine.dir/all] Error 2
make: *** [Makefile:141: all] Error 2
