[0.075s] Invoking command in '/home/danendra/Kuliah/SRO/TugasPID/build/routine': CMAKE_PREFIX_PATH=${CMAKE_PREFIX_PATH}:/opt/ros/foxy /usr/bin/cmake --build /home/danendra/Kuliah/SRO/TugasPID/build/routine -- -j8 -l8
[0.261s] [35m[1mScanning dependencies of target routine[0m
[0.357s] [ 50%] [32mBuilding CXX object CMakeFiles/routine.dir/src/routine.cpp.o[0m
[4.820s] In file included from [01m[K/home/danendra/Kuliah/SRO/TugasPID/src/routine/src/routine.cpp:5[m[K:
[4.821s] [01m[K/home/danendra/Kuliah/SRO/TugasPID/src/routine/include/routine/kinematics.h:9:18:[m[K [01;35m[Kwarning: [m[KISO C++ forbids zero-size array ‘[01m[Kvel_res[m[K’ [[01;35m[K-Wpedantic[m[K]
[4.821s]     9 | float vel_res[1][[01;35m[K0[m[K];
[4.822s]       |                  [01;35m[K^[m[K
[4.822s] [01m[K/home/danendra/Kuliah/SRO/TugasPID/src/routine/include/routine/kinematics.h:10:18:[m[K [01;35m[Kwarning: [m[KISO C++ forbids zero-size array ‘[01m[Kvel_inp[m[K’ [[01;35m[K-Wpedantic[m[K]
[4.822s]    10 | float vel_inp[1][[01;35m[K0[m[K];
[4.823s]       |                  [01;35m[K^[m[K
[4.823s] [01m[K/home/danendra/Kuliah/SRO/TugasPID/src/routine/include/routine/kinematics.h:[m[K In function ‘[01m[Kfloat reverseArray(float (*)[2])[m[K’:
[4.823s] [01m[K/home/danendra/Kuliah/SRO/TugasPID/src/routine/include/routine/kinematics.h:39:1:[m[K [01;35m[Kwarning: [m[Kno return statement in function returning non-void [[01;35m[K-Wreturn-type[m[K]
[4.823s]    39 | [01;35m[K}[m[K
[4.823s]       | [01;35m[K^[m[K
[4.823s] [01m[K/home/danendra/Kuliah/SRO/TugasPID/src/routine/include/routine/kinematics.h:[m[K In function ‘[01m[Kfloat forwardKinematics(int, int)[m[K’:
[4.824s] [01m[K/home/danendra/Kuliah/SRO/TugasPID/src/routine/include/routine/kinematics.h:45:24:[m[K [01;35m[Kwarning: [m[Kleft operand of comma operator has no effect [[01;35m[K-Wunused-value[m[K]
[4.824s]    45 |     return [01;35m[Kvel_res[0][0][m[K, vel_res[0][1];
[4.824s]       |            [01;35m[K~~~~~~~~~~~~^[m[K
[4.824s] [01m[K/home/danendra/Kuliah/SRO/TugasPID/src/routine/include/routine/kinematics.h:[m[K In function ‘[01m[Kfloat inverseKinematics(float, float, float*)[m[K’:
[4.824s] [01m[K/home/danendra/Kuliah/SRO/TugasPID/src/routine/include/routine/kinematics.h:61:1:[m[K [01;35m[Kwarning: [m[Kno return statement in function returning non-void [[01;35m[K-Wreturn-type[m[K]
[4.824s]    61 | [01;35m[K}[m[K
[4.825s]       | [01;35m[K^[m[K
[4.905s] [01m[K/home/danendra/Kuliah/SRO/TugasPID/src/routine/src/routine.cpp:[m[K In function ‘[01m[Kint main(int, char**)[m[K’:
[4.906s] [01m[K/home/danendra/Kuliah/SRO/TugasPID/src/routine/src/routine.cpp:54:11:[m[K [01;35m[Kwarning: [m[Kunused variable ‘[01m[Kdelta_rotation[m[K’ [[01;35m[K-Wunused-variable[m[K]
[4.906s]    54 |     float [01;35m[Kdelta_rotation[m[K = 0;
[4.906s]       |           [01;35m[K^~~~~~~~~~~~~~[m[K
[17.814s] [100%] [32m[1mLinking CXX executable routine[0m
[18.727s] [100%] Built target routine
[18.768s] Invoked command in '/home/danendra/Kuliah/SRO/TugasPID/build/routine' returned '0': CMAKE_PREFIX_PATH=${CMAKE_PREFIX_PATH}:/opt/ros/foxy /usr/bin/cmake --build /home/danendra/Kuliah/SRO/TugasPID/build/routine -- -j8 -l8
[18.877s] Invoking command in '/home/danendra/Kuliah/SRO/TugasPID/build/routine': CMAKE_PREFIX_PATH=${CMAKE_PREFIX_PATH}:/opt/ros/foxy /usr/bin/cmake --install /home/danendra/Kuliah/SRO/TugasPID/build/routine
[18.907s] -- Install configuration: ""
[18.907s] -- Installing: /home/danendra/Kuliah/SRO/TugasPID/install/routine/lib/routine/routine
[18.912s] -- Set runtime path of "/home/danendra/Kuliah/SRO/TugasPID/install/routine/lib/routine/routine" to ""
[18.913s] -- Up-to-date: /home/danendra/Kuliah/SRO/TugasPID/install/routine/share/ament_index/resource_index/package_run_dependencies/routine
[18.914s] -- Up-to-date: /home/danendra/Kuliah/SRO/TugasPID/install/routine/share/ament_index/resource_index/parent_prefix_path/routine
[18.914s] -- Up-to-date: /home/danendra/Kuliah/SRO/TugasPID/install/routine/share/routine/environment/ament_prefix_path.sh
[18.915s] -- Up-to-date: /home/danendra/Kuliah/SRO/TugasPID/install/routine/share/routine/environment/ament_prefix_path.dsv
[18.915s] -- Up-to-date: /home/danendra/Kuliah/SRO/TugasPID/install/routine/share/routine/environment/path.sh
[18.916s] -- Up-to-date: /home/danendra/Kuliah/SRO/TugasPID/install/routine/share/routine/environment/path.dsv
[18.917s] -- Up-to-date: /home/danendra/Kuliah/SRO/TugasPID/install/routine/share/routine/local_setup.bash
[18.917s] -- Up-to-date: /home/danendra/Kuliah/SRO/TugasPID/install/routine/share/routine/local_setup.sh
[18.918s] -- Up-to-date: /home/danendra/Kuliah/SRO/TugasPID/install/routine/share/routine/local_setup.zsh
[18.919s] -- Up-to-date: /home/danendra/Kuliah/SRO/TugasPID/install/routine/share/routine/local_setup.dsv
[18.920s] -- Installing: /home/danendra/Kuliah/SRO/TugasPID/install/routine/share/routine/package.dsv
[18.922s] -- Up-to-date: /home/danendra/Kuliah/SRO/TugasPID/install/routine/share/ament_index/resource_index/packages/routine
[18.928s] -- Up-to-date: /home/danendra/Kuliah/SRO/TugasPID/install/routine/share/routine/cmake/routineConfig.cmake
[18.931s] -- Up-to-date: /home/danendra/Kuliah/SRO/TugasPID/install/routine/share/routine/cmake/routineConfig-version.cmake
[18.937s] -- Up-to-date: /home/danendra/Kuliah/SRO/TugasPID/install/routine/share/routine/package.xml
[18.938s] Invoked command in '/home/danendra/Kuliah/SRO/TugasPID/build/routine' returned '0': CMAKE_PREFIX_PATH=${CMAKE_PREFIX_PATH}:/opt/ros/foxy /usr/bin/cmake --install /home/danendra/Kuliah/SRO/TugasPID/build/routine
