[0.306s] DEBUG:colcon:Command line arguments: ['/usr/bin/colcon', 'build']
[0.306s] DEBUG:colcon:Parsed command line arguments: Namespace(allow_overriding=[], ament_cmake_args=None, base_paths=['.'], build_base='build', catkin_cmake_args=None, catkin_skip_building_tests=False, cmake_args=None, cmake_clean_cache=False, cmake_clean_first=False, cmake_force_configure=False, cmake_target=None, cmake_target_skip_unavailable=False, continue_on_error=False, event_handlers=None, executor='parallel', ignore_user_meta=False, install_base='install', log_base=None, log_level=None, main=<bound method BuildVerb.main of <colcon_core.verb.build.BuildVerb object at 0x7f7dc75f6d00>>, merge_install=False, metas=['./colcon.meta'], packages_above=None, packages_above_and_dependencies=None, packages_above_depth=None, packages_end=None, packages_ignore=None, packages_ignore_regex=None, packages_select=None, packages_select_build_failed=False, packages_select_by_dep=None, packages_select_regex=None, packages_select_test_failures=False, packages_skip=None, packages_skip_build_finished=False, packages_skip_by_dep=None, packages_skip_regex=None, packages_skip_test_passed=False, packages_skip_up_to=None, packages_start=None, packages_up_to=None, packages_up_to_regex=None, parallel_workers=8, paths=None, symlink_install=False, test_result_base=None, verb_extension=<colcon_core.verb.build.BuildVerb object at 0x7f7dc75f6d00>, verb_name='build', verb_parser=<colcon_defaults.argument_parser.defaults.DefaultArgumentsDecorator object at 0x7f7dc75862b0>)
[0.381s] Level 1:colcon.colcon_core.package_discovery:discover_packages(colcon_meta) check parameters
[0.381s] Level 1:colcon.colcon_core.package_discovery:discover_packages(recursive) check parameters
[0.381s] Level 1:colcon.colcon_core.package_discovery:discover_packages(ignore) check parameters
[0.381s] Level 1:colcon.colcon_core.package_discovery:discover_packages(path) check parameters
[0.381s] Level 1:colcon.colcon_core.package_discovery:discover_packages(colcon_meta) discover
[0.381s] Level 1:colcon.colcon_core.package_discovery:discover_packages(recursive) discover
[0.381s] INFO:colcon.colcon_core.package_discovery:Crawling recursively for packages in '/home/danendra/Kuliah/SRO/TugasPID'
[0.381s] Level 1:colcon.colcon_core.package_identification:_identify(.) by extensions ['ignore', 'ignore_ament_install']
[0.381s] Level 1:colcon.colcon_core.package_identification:_identify(.) by extension 'ignore'
[0.381s] Level 1:colcon.colcon_core.package_identification:_identify(.) by extension 'ignore_ament_install'
[0.381s] Level 1:colcon.colcon_core.package_identification:_identify(.) by extensions ['colcon_pkg']
[0.381s] Level 1:colcon.colcon_core.package_identification:_identify(.) by extension 'colcon_pkg'
[0.381s] Level 1:colcon.colcon_core.package_identification:_identify(.) by extensions ['colcon_meta']
[0.382s] Level 1:colcon.colcon_core.package_identification:_identify(.) by extension 'colcon_meta'
[0.382s] Level 1:colcon.colcon_core.package_identification:_identify(.) by extensions ['ros']
[0.382s] Level 1:colcon.colcon_core.package_identification:_identify(.) by extension 'ros'
[0.397s] Level 1:colcon.colcon_core.package_identification:_identify(.) by extensions ['cmake', 'python']
[0.397s] Level 1:colcon.colcon_core.package_identification:_identify(.) by extension 'cmake'
[0.397s] Level 1:colcon.colcon_core.package_identification:_identify(.) by extension 'python'
[0.397s] Level 1:colcon.colcon_core.package_identification:_identify(.) by extensions ['python_setup_py']
[0.397s] Level 1:colcon.colcon_core.package_identification:_identify(.) by extension 'python_setup_py'
[0.397s] Level 1:colcon.colcon_core.package_identification:_identify(build) by extensions ['ignore', 'ignore_ament_install']
[0.397s] Level 1:colcon.colcon_core.package_identification:_identify(build) by extension 'ignore'
[0.397s] Level 1:colcon.colcon_core.package_identification:_identify(build) ignored
[0.398s] Level 1:colcon.colcon_core.package_identification:_identify(install) by extensions ['ignore', 'ignore_ament_install']
[0.398s] Level 1:colcon.colcon_core.package_identification:_identify(install) by extension 'ignore'
[0.398s] Level 1:colcon.colcon_core.package_identification:_identify(install) ignored
[0.398s] Level 1:colcon.colcon_core.package_identification:_identify(log) by extensions ['ignore', 'ignore_ament_install']
[0.398s] Level 1:colcon.colcon_core.package_identification:_identify(log) by extension 'ignore'
[0.398s] Level 1:colcon.colcon_core.package_identification:_identify(log) ignored
[0.398s] Level 1:colcon.colcon_core.package_identification:_identify(src) by extensions ['ignore', 'ignore_ament_install']
[0.398s] Level 1:colcon.colcon_core.package_identification:_identify(src) by extension 'ignore'
[0.398s] Level 1:colcon.colcon_core.package_identification:_identify(src) by extension 'ignore_ament_install'
[0.398s] Level 1:colcon.colcon_core.package_identification:_identify(src) by extensions ['colcon_pkg']
[0.398s] Level 1:colcon.colcon_core.package_identification:_identify(src) by extension 'colcon_pkg'
[0.398s] Level 1:colcon.colcon_core.package_identification:_identify(src) by extensions ['colcon_meta']
[0.398s] Level 1:colcon.colcon_core.package_identification:_identify(src) by extension 'colcon_meta'
[0.399s] Level 1:colcon.colcon_core.package_identification:_identify(src) by extensions ['ros']
[0.399s] Level 1:colcon.colcon_core.package_identification:_identify(src) by extension 'ros'
[0.399s] Level 1:colcon.colcon_core.package_identification:_identify(src) by extensions ['cmake', 'python']
[0.399s] Level 1:colcon.colcon_core.package_identification:_identify(src) by extension 'cmake'
[0.399s] Level 1:colcon.colcon_core.package_identification:_identify(src) by extension 'python'
[0.399s] Level 1:colcon.colcon_core.package_identification:_identify(src) by extensions ['python_setup_py']
[0.399s] Level 1:colcon.colcon_core.package_identification:_identify(src) by extension 'python_setup_py'
[0.399s] Level 1:colcon.colcon_core.package_identification:_identify(src/routine) by extensions ['ignore', 'ignore_ament_install']
[0.399s] Level 1:colcon.colcon_core.package_identification:_identify(src/routine) by extension 'ignore'
[0.399s] Level 1:colcon.colcon_core.package_identification:_identify(src/routine) by extension 'ignore_ament_install'
[0.399s] Level 1:colcon.colcon_core.package_identification:_identify(src/routine) by extensions ['colcon_pkg']
[0.399s] Level 1:colcon.colcon_core.package_identification:_identify(src/routine) by extension 'colcon_pkg'
[0.399s] Level 1:colcon.colcon_core.package_identification:_identify(src/routine) by extensions ['colcon_meta']
[0.400s] Level 1:colcon.colcon_core.package_identification:_identify(src/routine) by extension 'colcon_meta'
[0.400s] Level 1:colcon.colcon_core.package_identification:_identify(src/routine) by extensions ['ros']
[0.400s] Level 1:colcon.colcon_core.package_identification:_identify(src/routine) by extension 'ros'
[0.404s] DEBUG:colcon.colcon_core.package_identification:Package 'src/routine' with type 'ros.ament_cmake' and name 'routine'
[0.404s] Level 1:colcon.colcon_core.package_discovery:discover_packages(recursive) using defaults
[0.404s] Level 1:colcon.colcon_core.package_discovery:discover_packages(ignore) discover
[0.404s] Level 1:colcon.colcon_core.package_discovery:discover_packages(ignore) using defaults
[0.404s] Level 1:colcon.colcon_core.package_discovery:discover_packages(path) discover
[0.404s] Level 1:colcon.colcon_core.package_discovery:discover_packages(path) using defaults
[0.450s] Level 1:colcon.colcon_core.package_discovery:discover_packages(prefix_path) check parameters
[0.450s] Level 1:colcon.colcon_core.package_discovery:discover_packages(prefix_path) discover
[0.455s] DEBUG:colcon.colcon_installed_package_information.package_discovery:Found 256 installed packages in /opt/ros/foxy
[0.457s] Level 1:colcon.colcon_core.package_discovery:discover_packages(prefix_path) using defaults
[0.542s] Level 5:colcon.colcon_core.verb:set package 'routine' build argument 'cmake_args' from command line to 'None'
[0.542s] Level 5:colcon.colcon_core.verb:set package 'routine' build argument 'cmake_target' from command line to 'None'
[0.542s] Level 5:colcon.colcon_core.verb:set package 'routine' build argument 'cmake_target_skip_unavailable' from command line to 'False'
[0.542s] Level 5:colcon.colcon_core.verb:set package 'routine' build argument 'cmake_clean_cache' from command line to 'False'
[0.542s] Level 5:colcon.colcon_core.verb:set package 'routine' build argument 'cmake_clean_first' from command line to 'False'
[0.542s] Level 5:colcon.colcon_core.verb:set package 'routine' build argument 'cmake_force_configure' from command line to 'False'
[0.542s] Level 5:colcon.colcon_core.verb:set package 'routine' build argument 'ament_cmake_args' from command line to 'None'
[0.542s] Level 5:colcon.colcon_core.verb:set package 'routine' build argument 'catkin_cmake_args' from command line to 'None'
[0.542s] Level 5:colcon.colcon_core.verb:set package 'routine' build argument 'catkin_skip_building_tests' from command line to 'False'
[0.542s] DEBUG:colcon.colcon_core.verb:Building package 'routine' with the following arguments: {'ament_cmake_args': None, 'build_base': '/home/danendra/Kuliah/SRO/TugasPID/build/routine', 'catkin_cmake_args': None, 'catkin_skip_building_tests': False, 'cmake_args': None, 'cmake_clean_cache': False, 'cmake_clean_first': False, 'cmake_force_configure': False, 'cmake_target': None, 'cmake_target_skip_unavailable': False, 'install_base': '/home/danendra/Kuliah/SRO/TugasPID/install/routine', 'merge_install': False, 'path': '/home/danendra/Kuliah/SRO/TugasPID/src/routine', 'symlink_install': False, 'test_result_base': None}
[0.543s] INFO:colcon.colcon_core.executor:Executing jobs using 'parallel' executor
[0.547s] DEBUG:colcon.colcon_parallel_executor.executor.parallel:run_until_complete
[0.548s] INFO:colcon.colcon_ros.task.ament_cmake.build:Building ROS package in '/home/danendra/Kuliah/SRO/TugasPID/src/routine' with build type 'ament_cmake'
[0.548s] INFO:colcon.colcon_cmake.task.cmake.build:Building CMake package in '/home/danendra/Kuliah/SRO/TugasPID/src/routine'
[0.556s] INFO:colcon.colcon_core.plugin_system:Skipping extension 'colcon_core.shell.bat': Not used on non-Windows systems
[0.557s] INFO:colcon.colcon_core.shell:Skip shell extension 'powershell' for command environment: Not usable outside of PowerShell
[0.557s] DEBUG:colcon.colcon_core.shell:Skip shell extension 'dsv' for command environment
[0.570s] DEBUG:colcon.colcon_core.event_handler.log_command:Invoking command in '/home/danendra/Kuliah/SRO/TugasPID/build/routine': CMAKE_PREFIX_PATH=/opt/ros/foxy /usr/bin/cmake --build /home/danendra/Kuliah/SRO/TugasPID/build/routine -- -j8 -l8
[6.769s] DEBUG:colcon.colcon_core.event_handler.log_command:Invoked command in '/home/danendra/Kuliah/SRO/TugasPID/build/routine' returned '0': CMAKE_PREFIX_PATH=/opt/ros/foxy /usr/bin/cmake --build /home/danendra/Kuliah/SRO/TugasPID/build/routine -- -j8 -l8
[6.817s] DEBUG:colcon.colcon_core.event_handler.log_command:Invoking command in '/home/danendra/Kuliah/SRO/TugasPID/build/routine': CMAKE_PREFIX_PATH=/opt/ros/foxy /usr/bin/cmake --install /home/danendra/Kuliah/SRO/TugasPID/build/routine
[6.835s] Level 1:colcon.colcon_core.environment:create_environment_scripts_only(routine)
[6.836s] DEBUG:colcon.colcon_core.event_handler.log_command:Invoked command in '/home/danendra/Kuliah/SRO/TugasPID/build/routine' returned '0': CMAKE_PREFIX_PATH=/opt/ros/foxy /usr/bin/cmake --install /home/danendra/Kuliah/SRO/TugasPID/build/routine
[7.043s] Level 1:colcon.colcon_core.environment:checking '/home/danendra/Kuliah/SRO/TugasPID/install/routine' for CMake module files
[7.045s] Level 1:colcon.colcon_core.environment:checking '/home/danendra/Kuliah/SRO/TugasPID/install/routine' for CMake config files
[7.046s] Level 1:colcon.colcon_core.shell:create_environment_hook('routine', 'cmake_prefix_path')
[7.052s] INFO:colcon.colcon_core.shell:Creating environment hook '/home/danendra/Kuliah/SRO/TugasPID/install/routine/share/routine/hook/cmake_prefix_path.ps1'
[7.072s] INFO:colcon.colcon_core.shell:Creating environment descriptor '/home/danendra/Kuliah/SRO/TugasPID/install/routine/share/routine/hook/cmake_prefix_path.dsv'
[7.080s] INFO:colcon.colcon_core.shell:Creating environment hook '/home/danendra/Kuliah/SRO/TugasPID/install/routine/share/routine/hook/cmake_prefix_path.sh'
[7.091s] Level 1:colcon.colcon_core.environment:checking '/home/danendra/Kuliah/SRO/TugasPID/install/routine/lib'
[7.092s] Level 1:colcon.colcon_core.environment:checking '/home/danendra/Kuliah/SRO/TugasPID/install/routine/bin'
[7.092s] Level 1:colcon.colcon_core.environment:checking '/home/danendra/Kuliah/SRO/TugasPID/install/routine/lib/pkgconfig/routine.pc'
[7.093s] Level 1:colcon.colcon_core.environment:checking '/home/danendra/Kuliah/SRO/TugasPID/install/routine/lib/python3.8/site-packages'
[7.094s] Level 1:colcon.colcon_core.environment:checking '/home/danendra/Kuliah/SRO/TugasPID/install/routine/bin'
[7.099s] INFO:colcon.colcon_core.shell:Creating package script '/home/danendra/Kuliah/SRO/TugasPID/install/routine/share/routine/package.ps1'
[7.108s] INFO:colcon.colcon_core.shell:Creating package descriptor '/home/danendra/Kuliah/SRO/TugasPID/install/routine/share/routine/package.dsv'
[7.117s] INFO:colcon.colcon_core.shell:Creating package script '/home/danendra/Kuliah/SRO/TugasPID/install/routine/share/routine/package.sh'
[7.176s] INFO:colcon.colcon_core.shell:Creating package script '/home/danendra/Kuliah/SRO/TugasPID/install/routine/share/routine/package.bash'
[7.181s] INFO:colcon.colcon_core.shell:Creating package script '/home/danendra/Kuliah/SRO/TugasPID/install/routine/share/routine/package.zsh'
[7.184s] Level 1:colcon.colcon_core.environment:create_file_with_runtime_dependencies(/home/danendra/Kuliah/SRO/TugasPID/install/routine/share/colcon-core/packages/routine)
[7.251s] Level 1:colcon.colcon_core.environment:create_environment_scripts_only(routine)
[7.254s] Level 1:colcon.colcon_core.environment:checking '/home/danendra/Kuliah/SRO/TugasPID/install/routine' for CMake module files
[7.255s] Level 1:colcon.colcon_core.environment:checking '/home/danendra/Kuliah/SRO/TugasPID/install/routine' for CMake config files
[7.255s] Level 1:colcon.colcon_core.shell:create_environment_hook('routine', 'cmake_prefix_path')
[7.257s] INFO:colcon.colcon_core.shell:Creating environment hook '/home/danendra/Kuliah/SRO/TugasPID/install/routine/share/routine/hook/cmake_prefix_path.ps1'
[7.258s] INFO:colcon.colcon_core.shell:Creating environment descriptor '/home/danendra/Kuliah/SRO/TugasPID/install/routine/share/routine/hook/cmake_prefix_path.dsv'
[7.258s] INFO:colcon.colcon_core.shell:Creating environment hook '/home/danendra/Kuliah/SRO/TugasPID/install/routine/share/routine/hook/cmake_prefix_path.sh'
[7.259s] Level 1:colcon.colcon_core.environment:checking '/home/danendra/Kuliah/SRO/TugasPID/install/routine/lib'
[7.259s] Level 1:colcon.colcon_core.environment:checking '/home/danendra/Kuliah/SRO/TugasPID/install/routine/bin'
[7.260s] Level 1:colcon.colcon_core.environment:checking '/home/danendra/Kuliah/SRO/TugasPID/install/routine/lib/pkgconfig/routine.pc'
[7.260s] Level 1:colcon.colcon_core.environment:checking '/home/danendra/Kuliah/SRO/TugasPID/install/routine/lib/python3.8/site-packages'
[7.260s] Level 1:colcon.colcon_core.environment:checking '/home/danendra/Kuliah/SRO/TugasPID/install/routine/bin'
[7.263s] INFO:colcon.colcon_core.shell:Creating package script '/home/danendra/Kuliah/SRO/TugasPID/install/routine/share/routine/package.ps1'
[7.264s] INFO:colcon.colcon_core.shell:Creating package descriptor '/home/danendra/Kuliah/SRO/TugasPID/install/routine/share/routine/package.dsv'
[7.264s] INFO:colcon.colcon_core.shell:Creating package script '/home/danendra/Kuliah/SRO/TugasPID/install/routine/share/routine/package.sh'
[7.265s] INFO:colcon.colcon_core.shell:Creating package script '/home/danendra/Kuliah/SRO/TugasPID/install/routine/share/routine/package.bash'
[7.266s] INFO:colcon.colcon_core.shell:Creating package script '/home/danendra/Kuliah/SRO/TugasPID/install/routine/share/routine/package.zsh'
[7.267s] Level 1:colcon.colcon_core.environment:create_file_with_runtime_dependencies(/home/danendra/Kuliah/SRO/TugasPID/install/routine/share/colcon-core/packages/routine)
[7.268s] DEBUG:colcon.colcon_parallel_executor.executor.parallel:closing loop
[7.269s] DEBUG:colcon.colcon_parallel_executor.executor.parallel:loop closed
[7.269s] DEBUG:colcon.colcon_parallel_executor.executor.parallel:run_until_complete finished with '0'
[7.269s] DEBUG:colcon.colcon_core.event_reactor:joining thread
[7.281s] INFO:colcon.colcon_core.plugin_system:Skipping extension 'colcon_notification.desktop_notification.terminal_notifier': Not used on non-Darwin systems
[7.281s] INFO:colcon.colcon_core.plugin_system:Skipping extension 'colcon_notification.desktop_notification.win32': Not used on non-Windows systems
[7.282s] INFO:colcon.colcon_notification.desktop_notification:Sending desktop notification using 'notify2'
[7.312s] DEBUG:colcon.colcon_core.event_reactor:joined thread
[7.314s] INFO:colcon.colcon_core.shell:Creating prefix script '/home/danendra/Kuliah/SRO/TugasPID/install/local_setup.ps1'
[7.315s] INFO:colcon.colcon_core.shell:Creating prefix util module '/home/danendra/Kuliah/SRO/TugasPID/install/_local_setup_util_ps1.py'
[7.317s] INFO:colcon.colcon_core.shell:Creating prefix chain script '/home/danendra/Kuliah/SRO/TugasPID/install/setup.ps1'
[7.318s] INFO:colcon.colcon_core.shell:Creating prefix script '/home/danendra/Kuliah/SRO/TugasPID/install/local_setup.sh'
[7.319s] INFO:colcon.colcon_core.shell:Creating prefix util module '/home/danendra/Kuliah/SRO/TugasPID/install/_local_setup_util_sh.py'
[7.320s] INFO:colcon.colcon_core.shell:Creating prefix chain script '/home/danendra/Kuliah/SRO/TugasPID/install/setup.sh'
[7.322s] INFO:colcon.colcon_core.shell:Creating prefix script '/home/danendra/Kuliah/SRO/TugasPID/install/local_setup.bash'
[7.323s] INFO:colcon.colcon_core.shell:Creating prefix chain script '/home/danendra/Kuliah/SRO/TugasPID/install/setup.bash'
[7.326s] INFO:colcon.colcon_core.shell:Creating prefix script '/home/danendra/Kuliah/SRO/TugasPID/install/local_setup.zsh'
[7.327s] INFO:colcon.colcon_core.shell:Creating prefix chain script '/home/danendra/Kuliah/SRO/TugasPID/install/setup.zsh'
