[0.020s] Invoking command in '/home/danendra/Kuliah/SRO/colcon_ws/build/routine': CMAKE_PREFIX_PATH=${CMAKE_PREFIX_PATH}:/opt/ros/foxy /usr/bin/cmake --build /home/danendra/Kuliah/SRO/colcon_ws/build/routine -- -j8 -l8
[0.070s] [35m[1mScanning dependencies of target routine[0m
[0.102s] [ 50%] [32mBuilding CXX object CMakeFiles/routine.dir/src/routine.cpp.o[0m
[1.637s] [01m[K/home/danendra/Kuliah/SRO/colcon_ws/src/routine/src/routine.cpp:20:42:[m[K [01;31m[Kerror: [m[K‘[01m[KString[m[K’ in namespace ‘[01m[Kstd_msgs::msg[m[K’ does not name a type
[1.637s]    20 | void topic_callback(const std_msgs::msg::[01;31m[KString[m[K & msg)
[1.637s]       |                                          [01;31m[K^~~~~~[m[K
[1.637s] [01m[K/home/danendra/Kuliah/SRO/colcon_ws/src/routine/src/routine.cpp:[m[K In function ‘[01m[Kvoid topic_callback(const int&)[m[K’:
[1.637s] [01m[K/home/danendra/Kuliah/SRO/colcon_ws/src/routine/src/routine.cpp:22:27:[m[K [01;31m[Kerror: [m[Krequest for member ‘[01m[Kdata[m[K’ in ‘[01m[Kmsg[m[K’, which is of non-class type ‘[01m[Kconst int[m[K’
[1.637s]    22 |   std::cout << " " << msg.[01;31m[Kdata[m[K;
[1.637s]       |                           [01;31m[K^~~~[m[K
[1.642s] In file included from [01m[K/usr/include/c++/9/ext/alloc_traits.h:36[m[K,
[1.642s]                  from [01m[K/usr/include/c++/9/bits/stl_construct.h:61[m[K,
[1.642s]                  from [01m[K/usr/include/c++/9/memory:64[m[K,
[1.642s]                  from [01m[K/opt/ros/foxy/include/rclcpp/rclcpp.hpp:144[m[K,
[1.642s]                  from [01m[K/home/danendra/Kuliah/SRO/colcon_ws/src/routine/src/routine.cpp:1[m[K:
[1.642s] /usr/include/c++/9/bits/alloc_traits.h: In instantiation of ‘[01m[Kstruct std::allocator_traits<std::allocator<const int&> >[m[K’:
[1.642s] [01m[K/opt/ros/foxy/include/rclcpp/message_memory_strategy.hpp:47:9:[m[K   required from ‘[01m[Kclass rclcpp::message_memory_strategy::MessageMemoryStrategy<const int&, std::allocator<void> >[m[K’
[1.642s] [01m[K/opt/ros/foxy/include/rclcpp/node_impl.hpp:91:1:[m[K   required by substitution of ‘[01m[Ktemplate<class MessageT, class CallbackT, class AllocatorT, class CallbackMessageT, class SubscriptionT, class MessageMemoryStrategyT> std::shared_ptr<SubscriptionT> rclcpp::Node::create_subscription(const string&, const rclcpp::QoS&, CallbackT&&, const rclcpp::SubscriptionOptionsWithAllocator<AllocatorT>&, typename MessageMemoryStrategyT::SharedPtr) [with MessageT = std_msgs::msg::Float32_<std::allocator<void> >; CallbackT = void (&)(const int&); AllocatorT = std::allocator<void>; CallbackMessageT = const int&; SubscriptionT = rclcpp::Subscription<const int&, std::allocator<void>, rclcpp::message_memory_strategy::MessageMemoryStrategy<const int&, std::allocator<void> > >; MessageMemoryStrategyT = rclcpp::message_memory_strategy::MessageMemoryStrategy<const int&, std::allocator<void> >][m[K’
[1.642s] [01m[K/home/danendra/Kuliah/SRO/colcon_ws/src/routine/src/routine.cpp:59:115:[m[K   required from here
[1.642s] [01m[K/usr/include/c++/9/bits/alloc_traits.h:399:13:[m[K [01;31m[Kerror: [m[Kforming pointer to reference type ‘[01m[Kconst int&[m[K’
[1.642s]   399 |       using [01;31m[Kpointer[m[K = _Tp*;
[1.643s]       |             [01;31m[K^~~~~~~[m[K
[1.643s] [01m[K/usr/include/c++/9/bits/alloc_traits.h:402:13:[m[K [01;31m[Kerror: [m[Kforming pointer to reference type ‘[01m[Kconst int&[m[K’
[1.643s]   402 |       using [01;31m[Kconst_pointer[m[K = const _Tp*;
[1.643s]       |             [01;31m[K^~~~~~~~~~~~~[m[K
[1.644s] In file included from [01m[K/usr/include/c++/9/memory:80[m[K,
[1.645s]                  from [01m[K/opt/ros/foxy/include/rclcpp/rclcpp.hpp:144[m[K,
[1.645s]                  from [01m[K/home/danendra/Kuliah/SRO/colcon_ws/src/routine/src/routine.cpp:1[m[K:
[1.645s] /usr/include/c++/9/bits/unique_ptr.h: In instantiation of ‘[01m[Kstruct std::default_delete<const int&>[m[K’:
[1.645s] [01m[K/opt/ros/foxy/include/rclcpp/message_memory_strategy.hpp:119:18:[m[K   required from ‘[01m[Kclass rclcpp::message_memory_strategy::MessageMemoryStrategy<const int&, std::allocator<void> >[m[K’
[1.645s] [01m[K/opt/ros/foxy/include/rclcpp/node_impl.hpp:91:1:[m[K   required by substitution of ‘[01m[Ktemplate<class MessageT, class CallbackT, class AllocatorT, class CallbackMessageT, class SubscriptionT, class MessageMemoryStrategyT> std::shared_ptr<SubscriptionT> rclcpp::Node::create_subscription(const string&, const rclcpp::QoS&, CallbackT&&, const rclcpp::SubscriptionOptionsWithAllocator<AllocatorT>&, typename MessageMemoryStrategyT::SharedPtr) [with MessageT = std_msgs::msg::Float32_<std::allocator<void> >; CallbackT = void (&)(const int&); AllocatorT = std::allocator<void>; CallbackMessageT = const int&; SubscriptionT = rclcpp::Subscription<const int&, std::allocator<void>, rclcpp::message_memory_strategy::MessageMemoryStrategy<const int&, std::allocator<void> > >; MessageMemoryStrategyT = rclcpp::message_memory_strategy::MessageMemoryStrategy<const int&, std::allocator<void> >][m[K’
[1.645s] [01m[K/home/danendra/Kuliah/SRO/colcon_ws/src/routine/src/routine.cpp:59:115:[m[K   required from here
[1.645s] [01m[K/usr/include/c++/9/bits/unique_ptr.h:71:9:[m[K [01;31m[Kerror: [m[Kforming pointer to reference type ‘[01m[Kconst int&[m[K’
[1.645s]    71 |         [01;31m[Kdefault_delete[m[K(const default_delete<_Up>&) noexcept { }
[1.645s]       |         [01;31m[K^~~~~~~~~~~~~~[m[K
[1.645s] [01m[K/usr/include/c++/9/bits/unique_ptr.h:75:7:[m[K [01;31m[Kerror: [m[Kforming pointer to reference type ‘[01m[Kconst int&[m[K’
[1.645s]    75 |       [01;31m[Koperator[m[K()(_Tp* __ptr) const
[1.645s]       |       [01;31m[K^~~~~~~~[m[K
[1.933s] In file included from [01m[K/opt/ros/foxy/include/rclcpp/subscription_base.hpp:29[m[K,
[1.933s]                  from [01m[K/opt/ros/foxy/include/rclcpp/callback_group.hpp:26[m[K,
[1.933s]                  from [01m[K/opt/ros/foxy/include/rclcpp/any_executable.hpp:20[m[K,
[1.933s]                  from [01m[K/opt/ros/foxy/include/rclcpp/memory_strategy.hpp:24[m[K,
[1.933s]                  from [01m[K/opt/ros/foxy/include/rclcpp/memory_strategies.hpp:18[m[K,
[1.933s]                  from [01m[K/opt/ros/foxy/include/rclcpp/executor_options.hpp:20[m[K,
[1.933s]                  from [01m[K/opt/ros/foxy/include/rclcpp/executor.hpp:33[m[K,
[1.934s]                  from [01m[K/opt/ros/foxy/include/rclcpp/executors/multi_threaded_executor.hpp:26[m[K,
[1.934s]                  from [01m[K/opt/ros/foxy/include/rclcpp/executors.hpp:21[m[K,
[1.934s]                  from [01m[K/opt/ros/foxy/include/rclcpp/rclcpp.hpp:146[m[K,
[1.934s]                  from [01m[K/home/danendra/Kuliah/SRO/colcon_ws/src/routine/src/routine.cpp:1[m[K:
[1.934s] /opt/ros/foxy/include/rclcpp/any_subscription_callback.hpp: In instantiation of ‘[01m[Kclass rclcpp::AnySubscriptionCallback<const int&, std::allocator<void> >[m[K’:
[1.934s] [01m[K/opt/ros/foxy/include/rclcpp/subscription_factory.hpp:96:57:[m[K   required from ‘[01m[Krclcpp::SubscriptionFactory rclcpp::create_subscription_factory(CallbackT&&, const rclcpp::SubscriptionOptionsWithAllocator<AllocatorT>&, typename MessageMemoryStrategyT::SharedPtr, std::shared_ptr<rclcpp::topic_statistics::SubscriptionTopicStatistics<CallbackMessageT> >) [with MessageT = std_msgs::msg::Float32_<std::allocator<void> >; CallbackT = void (&)(const int&); AllocatorT = std::allocator<void>; CallbackMessageT = const int&; SubscriptionT = rclcpp::Subscription<const int&, std::allocator<void>, rclcpp::message_memory_strategy::MessageMemoryStrategy<const int&, std::allocator<void> > >; MessageMemoryStrategyT = rclcpp::message_memory_strategy::MessageMemoryStrategy<const int&, std::allocator<void> >; typename MessageMemoryStrategyT::SharedPtr = std::shared_ptr<rclcpp::message_memory_strategy::MessageMemoryStrategy<const int&, std::allocator<void> > >][m[K’
[1.934s] [01m[K/opt/ros/foxy/include/rclcpp/create_subscription.hpp:144:63:[m[K   required from ‘[01m[Kstd::shared_ptr<SubscriptionT> rclcpp::create_subscription(NodeT&&, const string&, const rclcpp::QoS&, CallbackT&&, const rclcpp::SubscriptionOptionsWithAllocator<AllocatorT>&, typename MessageMemoryStrategyT::SharedPtr) [with MessageT = std_msgs::msg::Float32_<std::allocator<void> >; CallbackT = void (&)(const int&); AllocatorT = std::allocator<void>; CallbackMessageT = const int&; SubscriptionT = rclcpp::Subscription<const int&, std::allocator<void>, rclcpp::message_memory_strategy::MessageMemoryStrategy<const int&, std::allocator<void> > >; MessageMemoryStrategyT = rclcpp::message_memory_strategy::MessageMemoryStrategy<const int&, std::allocator<void> >; NodeT = rclcpp::Node&; std::string = std::__cxx11::basic_string<char>; typename MessageMemoryStrategyT::SharedPtr = std::shared_ptr<rclcpp::message_memory_strategy::MessageMemoryStrategy<const int&, std::allocator<void> > >][m[K’
[1.934s] [01m[K/opt/ros/foxy/include/rclcpp/node_impl.hpp:98:47:[m[K   required from ‘[01m[Kstd::shared_ptr<SubscriptionT> rclcpp::Node::create_subscription(const string&, const rclcpp::QoS&, CallbackT&&, const rclcpp::SubscriptionOptionsWithAllocator<AllocatorT>&, typename MessageMemoryStrategyT::SharedPtr) [with MessageT = std_msgs::msg::Float32_<std::allocator<void> >; CallbackT = void (&)(const int&); AllocatorT = std::allocator<void>; CallbackMessageT = const int&; SubscriptionT = rclcpp::Subscription<const int&, std::allocator<void>, rclcpp::message_memory_strategy::MessageMemoryStrategy<const int&, std::allocator<void> > >; MessageMemoryStrategyT = rclcpp::message_memory_strategy::MessageMemoryStrategy<const int&, std::allocator<void> >; std::string = std::__cxx11::basic_string<char>; typename MessageMemoryStrategyT::SharedPtr = std::shared_ptr<rclcpp::message_memory_strategy::MessageMemoryStrategy<const int&, std::allocator<void> > >][m[K’
[1.934s] [01m[K/home/danendra/Kuliah/SRO/colcon_ws/src/routine/src/routine.cpp:59:115:[m[K   required from here
[1.934s] [01m[K/opt/ros/foxy/include/rclcpp/any_subscription_callback.hpp:111:8:[m[K [01;31m[Kerror: [m[K‘[01m[Ktemplate<class CallbackT, typename std::enable_if<rclcpp::function_traits::same_arguments<CallbackT, std::function<void(std::shared_ptr<const int&>)> >::value, void>::type* <anonymous> > void rclcpp::AnySubscriptionCallback<MessageT, Alloc>::set(CallbackT) [with CallbackT = CallbackT; typename std::enable_if<rclcpp::function_traits::same_arguments<CallbackT, std::function<void(std::shared_ptr<const _Tp>)> >::value>::type* <anonymous> = <enumerator>; MessageT = const int&; Alloc = std::allocator<void>][m[K’ cannot be overloaded with ‘[01m[Ktemplate<class CallbackT, typename std::enable_if<rclcpp::function_traits::same_arguments<CallbackT, std::function<void(std::shared_ptr<const int&>)> >::value, void>::type* <anonymous> > void rclcpp::AnySubscriptionCallback<MessageT, Alloc>::set(CallbackT) [with CallbackT = CallbackT; typename std::enable_if<rclcpp::function_traits::same_arguments<CallbackT, std::function<void(std::shared_ptr<_Tp>)> >::value>::type* <anonymous> = <enumerator>; MessageT = const int&; Alloc = std::allocator<void>][m[K’
[1.934s]   111 |   void [01;31m[Kset[m[K(CallbackT callback)
[1.934s]       |        [01;31m[K^~~[m[K
[1.935s] [01m[K/opt/ros/foxy/include/rclcpp/any_subscription_callback.hpp:83:8:[m[K [01;36m[Knote: [m[Kprevious declaration ‘[01m[Ktemplate<class CallbackT, typename std::enable_if<rclcpp::function_traits::same_arguments<CallbackT, std::function<void(std::shared_ptr<const int&>)> >::value, void>::type* <anonymous> > void rclcpp::AnySubscriptionCallback<MessageT, Alloc>::set(CallbackT) [with CallbackT = CallbackT; typename std::enable_if<rclcpp::function_traits::same_arguments<CallbackT, std::function<void(std::shared_ptr<_Tp>)> >::value>::type* <anonymous> = <enumerator>; MessageT = const int&; Alloc = std::allocator<void>][m[K’
[1.935s]    83 |   void [01;36m[Kset[m[K(CallbackT callback)
[1.935s]       |        [01;36m[K^~~[m[K
[1.935s] [01m[K/opt/ros/foxy/include/rclcpp/any_subscription_callback.hpp:125:8:[m[K [01;31m[Kerror: [m[K‘[01m[Ktemplate<class CallbackT, typename std::enable_if<rclcpp::function_traits::same_arguments<CallbackT, std::function<void(std::shared_ptr<const int&>, const rclcpp::MessageInfo&)> >::value, void>::type* <anonymous> > void rclcpp::AnySubscriptionCallback<MessageT, Alloc>::set(CallbackT) [with CallbackT = CallbackT; typename std::enable_if<rclcpp::function_traits::same_arguments<CallbackT, std::function<void(std::shared_ptr<const _Tp>, const rclcpp::MessageInfo&)> >::value>::type* <anonymous> = <enumerator>; MessageT = const int&; Alloc = std::allocator<void>][m[K’ cannot be overloaded with ‘[01m[Ktemplate<class CallbackT, typename std::enable_if<rclcpp::function_traits::same_arguments<CallbackT, std::function<void(std::shared_ptr<const int&>, const rclcpp::MessageInfo&)> >::value, void>::type* <anonymous> > void rclcpp::AnySubscriptionCallback<MessageT, Alloc>::set(CallbackT) [with CallbackT = CallbackT; typename std::enable_if<rclcpp::function_traits::same_arguments<CallbackT, std::function<void(std::shared_ptr<_Tp>, const rclcpp::MessageInfo&)> >::value>::type* <anonymous> = <enumerator>; MessageT = const int&; Alloc = std::allocator<void>][m[K’
[1.936s]   125 |   void [01;31m[Kset[m[K(CallbackT callback)
[1.936s]       |        [01;31m[K^~~[m[K
[1.936s] [01m[K/opt/ros/foxy/include/rclcpp/any_subscription_callback.hpp:97:8:[m[K [01;36m[Knote: [m[Kprevious declaration ‘[01m[Ktemplate<class CallbackT, typename std::enable_if<rclcpp::function_traits::same_arguments<CallbackT, std::function<void(std::shared_ptr<const int&>, const rclcpp::MessageInfo&)> >::value, void>::type* <anonymous> > void rclcpp::AnySubscriptionCallback<MessageT, Alloc>::set(CallbackT) [with CallbackT = CallbackT; typename std::enable_if<rclcpp::function_traits::same_arguments<CallbackT, std::function<void(std::shared_ptr<_Tp>, const rclcpp::MessageInfo&)> >::value>::type* <anonymous> = <enumerator>; MessageT = const int&; Alloc = std::allocator<void>][m[K’
[1.936s]    97 |   void [01;36m[Kset[m[K(CallbackT callback)
[1.936s]       |        [01;36m[K^~~[m[K
[1.936s] In file included from [01m[K/opt/ros/foxy/include/rclcpp/node_interfaces/node_topics_interface.hpp:32[m[K,
[1.937s]                  from [01m[K/opt/ros/foxy/include/rclcpp/node.hpp:55[m[K,
[1.937s]                  from [01m[K/opt/ros/foxy/include/rclcpp/executors/single_threaded_executor.hpp:28[m[K,
[1.937s]                  from [01m[K/opt/ros/foxy/include/rclcpp/executors.hpp:22[m[K,
[1.937s]                  from [01m[K/opt/ros/foxy/include/rclcpp/rclcpp.hpp:146[m[K,
[1.937s]                  from [01m[K/home/danendra/Kuliah/SRO/colcon_ws/src/routine/src/routine.cpp:1[m[K:
[1.937s] /opt/ros/foxy/include/rclcpp/subscription_factory.hpp: In instantiation of ‘[01m[Krclcpp::SubscriptionFactory rclcpp::create_subscription_factory(CallbackT&&, const rclcpp::SubscriptionOptionsWithAllocator<AllocatorT>&, typename MessageMemoryStrategyT::SharedPtr, std::shared_ptr<rclcpp::topic_statistics::SubscriptionTopicStatistics<CallbackMessageT> >) [with MessageT = std_msgs::msg::Float32_<std::allocator<void> >; CallbackT = void (&)(const int&); AllocatorT = std::allocator<void>; CallbackMessageT = const int&; SubscriptionT = rclcpp::Subscription<const int&, std::allocator<void>, rclcpp::message_memory_strategy::MessageMemoryStrategy<const int&, std::allocator<void> > >; MessageMemoryStrategyT = rclcpp::message_memory_strategy::MessageMemoryStrategy<const int&, std::allocator<void> >; typename MessageMemoryStrategyT::SharedPtr = std::shared_ptr<rclcpp::message_memory_strategy::MessageMemoryStrategy<const int&, std::allocator<void> > >][m[K’:
[1.938s] [01m[K/opt/ros/foxy/include/rclcpp/create_subscription.hpp:144:63:[m[K   required from ‘[01m[Kstd::shared_ptr<SubscriptionT> rclcpp::create_subscription(NodeT&&, const string&, const rclcpp::QoS&, CallbackT&&, const rclcpp::SubscriptionOptionsWithAllocator<AllocatorT>&, typename MessageMemoryStrategyT::SharedPtr) [with MessageT = std_msgs::msg::Float32_<std::allocator<void> >; CallbackT = void (&)(const int&); AllocatorT = std::allocator<void>; CallbackMessageT = const int&; SubscriptionT = rclcpp::Subscription<const int&, std::allocator<void>, rclcpp::message_memory_strategy::MessageMemoryStrategy<const int&, std::allocator<void> > >; MessageMemoryStrategyT = rclcpp::message_memory_strategy::MessageMemoryStrategy<const int&, std::allocator<void> >; NodeT = rclcpp::Node&; std::string = std::__cxx11::basic_string<char>; typename MessageMemoryStrategyT::SharedPtr = std::shared_ptr<rclcpp::message_memory_strategy::MessageMemoryStrategy<const int&, std::allocator<void> > >][m[K’
[1.938s] [01m[K/opt/ros/foxy/include/rclcpp/node_impl.hpp:98:47:[m[K   required from ‘[01m[Kstd::shared_ptr<SubscriptionT> rclcpp::Node::create_subscription(const string&, const rclcpp::QoS&, CallbackT&&, const rclcpp::SubscriptionOptionsWithAllocator<AllocatorT>&, typename MessageMemoryStrategyT::SharedPtr) [with MessageT = std_msgs::msg::Float32_<std::allocator<void> >; CallbackT = void (&)(const int&); AllocatorT = std::allocator<void>; CallbackMessageT = const int&; SubscriptionT = rclcpp::Subscription<const int&, std::allocator<void>, rclcpp::message_memory_strategy::MessageMemoryStrategy<const int&, std::allocator<void> > >; MessageMemoryStrategyT = rclcpp::message_memory_strategy::MessageMemoryStrategy<const int&, std::allocator<void> >; std::string = std::__cxx11::basic_string<char>; typename MessageMemoryStrategyT::SharedPtr = std::shared_ptr<rclcpp::message_memory_strategy::MessageMemoryStrategy<const int&, std::allocator<void> > >][m[K’
[1.938s] [01m[K/home/danendra/Kuliah/SRO/colcon_ws/src/routine/src/routine.cpp:59:115:[m[K   required from here
[1.938s] [01m[K/opt/ros/foxy/include/rclcpp/subscription_factory.hpp:97:3:[m[K [01;31m[Kerror: [m[Kno matching function for call to ‘[01m[Krclcpp::AnySubscriptionCallback<const int&, std::allocator<void> >::set(void (&)(const int&))[m[K’
[1.938s]    97 |   [01;31m[Kany_subscription_callback[m[K.set(std::forward<CallbackT>(callback));
[1.938s]       |   [01;31m[K^~~~~~~~~~~~~~~~~~~~~~~~~[m[K
[1.939s] In file included from [01m[K/opt/ros/foxy/include/rclcpp/subscription_base.hpp:29[m[K,
[1.939s]                  from [01m[K/opt/ros/foxy/include/rclcpp/callback_group.hpp:26[m[K,
[1.939s]                  from [01m[K/opt/ros/foxy/include/rclcpp/any_executable.hpp:20[m[K,
[1.939s]                  from [01m[K/opt/ros/foxy/include/rclcpp/memory_strategy.hpp:24[m[K,
[1.939s]                  from [01m[K/opt/ros/foxy/include/rclcpp/memory_strategies.hpp:18[m[K,
[1.939s]                  from [01m[K/opt/ros/foxy/include/rclcpp/executor_options.hpp:20[m[K,
[1.940s]                  from [01m[K/opt/ros/foxy/include/rclcpp/executor.hpp:33[m[K,
[1.940s]                  from [01m[K/opt/ros/foxy/include/rclcpp/executors/multi_threaded_executor.hpp:26[m[K,
[1.940s]                  from [01m[K/opt/ros/foxy/include/rclcpp/executors.hpp:21[m[K,
[1.940s]                  from [01m[K/opt/ros/foxy/include/rclcpp/rclcpp.hpp:146[m[K,
[1.940s]                  from [01m[K/home/danendra/Kuliah/SRO/colcon_ws/src/routine/src/routine.cpp:1[m[K:
[1.940s] [01m[K/opt/ros/foxy/include/rclcpp/any_subscription_callback.hpp:83:8:[m[K [01;36m[Knote: [m[Kcandidate: ‘[01m[Ktemplate<class CallbackT, typename std::enable_if<rclcpp::function_traits::same_arguments<CallbackT, std::function<void(std::shared_ptr<const int&>)> >::value, void>::type* <anonymous> > void rclcpp::AnySubscriptionCallback<MessageT, Alloc>::set(CallbackT) [with CallbackT = CallbackT; typename std::enable_if<rclcpp::function_traits::same_arguments<CallbackT, std::function<void(std::shared_ptr<_Tp>)> >::value>::type* <anonymous> = <enumerator>; MessageT = const int&; Alloc = std::allocator<void>][m[K’
[1.941s]    83 |   void [01;36m[Kset[m[K(CallbackT callback)
[1.941s]       |        [01;36m[K^~~[m[K
[1.941s] [01m[K/opt/ros/foxy/include/rclcpp/any_subscription_callback.hpp:83:8:[m[K [01;36m[Knote: [m[K  template argument deduction/substitution failed:
[1.941s] [01m[K/opt/ros/foxy/include/rclcpp/any_subscription_callback.hpp:81:17:[m[K [01;31m[Kerror: [m[Kno type named ‘[01m[Ktype[m[K’ in ‘[01m[Kstruct std::enable_if<false, void>[m[K’
[1.941s]    81 |     >::type * = [01;31m[Knullptr[m[K
[1.941s]       |                 [01;31m[K^~~~~~~[m[K
[1.942s] [01m[K/opt/ros/foxy/include/rclcpp/any_subscription_callback.hpp:97:8:[m[K [01;36m[Knote: [m[Kcandidate: ‘[01m[Ktemplate<class CallbackT, typename std::enable_if<rclcpp::function_traits::same_arguments<CallbackT, std::function<void(std::shared_ptr<const int&>, const rclcpp::MessageInfo&)> >::value, void>::type* <anonymous> > void rclcpp::AnySubscriptionCallback<MessageT, Alloc>::set(CallbackT) [with CallbackT = CallbackT; typename std::enable_if<rclcpp::function_traits::same_arguments<CallbackT, std::function<void(std::shared_ptr<_Tp>, const rclcpp::MessageInfo&)> >::value>::type* <anonymous> = <enumerator>; MessageT = const int&; Alloc = std::allocator<void>][m[K’
[1.942s]    97 |   void [01;36m[Kset[m[K(CallbackT callback)
[1.942s]       |        [01;36m[K^~~[m[K
[1.942s] [01m[K/opt/ros/foxy/include/rclcpp/any_subscription_callback.hpp:97:8:[m[K [01;36m[Knote: [m[K  template argument deduction/substitution failed:
[1.942s] [01m[K/opt/ros/foxy/include/rclcpp/any_subscription_callback.hpp:95:17:[m[K [01;31m[Kerror: [m[Kno type named ‘[01m[Ktype[m[K’ in ‘[01m[Kstruct std::enable_if<false, void>[m[K’
[1.942s]    95 |     >::type * = [01;31m[Knullptr[m[K
[1.943s]       |                 [01;31m[K^~~~~~~[m[K
[1.943s] [01m[K/opt/ros/foxy/include/rclcpp/any_subscription_callback.hpp:139:8:[m[K [01;36m[Knote: [m[Kcandidate: ‘[01m[Ktemplate<class CallbackT, typename std::enable_if<rclcpp::function_traits::same_arguments<CallbackT, std::function<void(std::unique_ptr<const int&, std::default_delete<const int&> >)> >::value, void>::type* <anonymous> > void rclcpp::AnySubscriptionCallback<MessageT, Alloc>::set(CallbackT) [with CallbackT = CallbackT; typename std::enable_if<rclcpp::function_traits::same_arguments<CallbackT, std::function<void(std::unique_ptr<MessageT, typename std::conditional<std::is_same<typename std::allocator_traits<typename std::allocator_traits<_Alloc>::rebind_traits<MessageT>::allocator_type>::rebind_alloc<MessageT>, typename std::allocator<void>::rebind<_Tp1>::other>::value, std::default_delete<_Tp>, rclcpp::allocator::AllocatorDeleter<typename std::allocator_traits<_Alloc>::rebind_traits<MessageT>::allocator_type> >::type>)> >::value>::type* <anonymous> = <enumerator>; MessageT = const int&; Alloc = std::allocator<void>][m[K’
[1.943s]   139 |   void [01;36m[Kset[m[K(CallbackT callback)
[1.943s]       |        [01;36m[K^~~[m[K
[1.943s] [01m[K/opt/ros/foxy/include/rclcpp/any_subscription_callback.hpp:139:8:[m[K [01;36m[Knote: [m[K  template argument deduction/substitution failed:
[1.943s] [01m[K/opt/ros/foxy/include/rclcpp/any_subscription_callback.hpp:137:17:[m[K [01;31m[Kerror: [m[Kno type named ‘[01m[Ktype[m[K’ in ‘[01m[Kstruct std::enable_if<false, void>[m[K’
[1.944s]   137 |     >::type * = [01;31m[Knullptr[m[K
[1.944s]       |                 [01;31m[K^~~~~~~[m[K
[1.944s] [01m[K/opt/ros/foxy/include/rclcpp/any_subscription_callback.hpp:153:8:[m[K [01;36m[Knote: [m[Kcandidate: ‘[01m[Ktemplate<class CallbackT, typename std::enable_if<rclcpp::function_traits::same_arguments<CallbackT, std::function<void(std::unique_ptr<const int&, std::default_delete<const int&> >, const rclcpp::MessageInfo&)> >::value, void>::type* <anonymous> > void rclcpp::AnySubscriptionCallback<MessageT, Alloc>::set(CallbackT) [with CallbackT = CallbackT; typename std::enable_if<rclcpp::function_traits::same_arguments<CallbackT, std::function<void(std::unique_ptr<MessageT, typename std::conditional<std::is_same<typename std::allocator_traits<typename std::allocator_traits<_Alloc>::rebind_traits<MessageT>::allocator_type>::rebind_alloc<MessageT>, typename std::allocator<void>::rebind<_Tp1>::other>::value, std::default_delete<_Tp>, rclcpp::allocator::AllocatorDeleter<typename std::allocator_traits<_Alloc>::rebind_traits<MessageT>::allocator_type> >::type>, const rclcpp::MessageInfo&)> >::value>::type* <anonymous> = <enumerator>; MessageT = const int&; Alloc = std::allocator<void>][m[K’
[1.944s]   153 |   void [01;36m[Kset[m[K(CallbackT callback)
[1.944s]       |        [01;36m[K^~~[m[K
[1.945s] [01m[K/opt/ros/foxy/include/rclcpp/any_subscription_callback.hpp:153:8:[m[K [01;36m[Knote: [m[K  template argument deduction/substitution failed:
[1.945s] [01m[K/opt/ros/foxy/include/rclcpp/any_subscription_callback.hpp:151:17:[m[K [01;31m[Kerror: [m[Kno type named ‘[01m[Ktype[m[K’ in ‘[01m[Kstruct std::enable_if<false, void>[m[K’
[1.945s]   151 |     >::type * = [01;31m[Knullptr[m[K
[1.945s]       |                 [01;31m[K^~~~~~~[m[K
[2.583s] In file included from [01m[K/usr/include/x86_64-linux-gnu/c++/9/bits/c++allocator.h:33[m[K,
[2.583s]                  from [01m[K/usr/include/c++/9/bits/allocator.h:46[m[K,
[2.584s]                  from [01m[K/usr/include/c++/9/memory:63[m[K,
[2.584s]                  from [01m[K/opt/ros/foxy/include/rclcpp/rclcpp.hpp:144[m[K,
[2.584s]                  from [01m[K/home/danendra/Kuliah/SRO/colcon_ws/src/routine/src/routine.cpp:1[m[K:
[2.584s] /usr/include/c++/9/ext/new_allocator.h: In instantiation of ‘[01m[Kclass __gnu_cxx::new_allocator<const int&>[m[K’:
[2.584s] [01m[K/usr/include/c++/9/bits/allocator.h:111:11:[m[K   required from ‘[01m[Kclass std::allocator<const int&>[m[K’
[2.584s] [01m[K/usr/include/c++/9/bits/shared_ptr_base.h:1365:63:[m[K   required by substitution of ‘[01m[Ktemplate<class _Yp> struct std::__shared_ptr<std::allocator<const int&>, __gnu_cxx::_S_atomic>::__has_esft_base<_Yp, std::__void_t<decltype (__enable_shared_from_this_base(declval<const std::__shared_count<__gnu_cxx::_S_atomic>&>(), declval<_Yp*>()))> > [with _Yp = std::allocator<const int&>][m[K’
[2.584s] [01m[K/usr/include/c++/9/bits/shared_ptr_base.h:1387:21:[m[K   required by substitution of ‘[01m[Ktemplate<class _Yp, class _Yp2> typename std::enable_if<(! std::__shared_ptr<std::allocator<const int&>, __gnu_cxx::_S_atomic>::__has_esft_base<_Yp2, void>::value), void>::type std::__shared_ptr<std::allocator<const int&>, __gnu_cxx::_S_atomic>::_M_enable_shared_from_this_with<_Yp, _Yp2>(_Yp*) [with _Yp = std::allocator<const int&>; _Yp2 = std::allocator<const int&>][m[K’
[2.584s] [01m[K/usr/include/c++/9/bits/shared_ptr_base.h:1345:4:[m[K   required from ‘[01m[Kstd::__shared_ptr<_Tp, _Lp>::__shared_ptr(std::_Sp_alloc_shared_tag<_Tp>, _Args&& ...) [with _Alloc = std::allocator<std::allocator<const int&> >; _Args = {std::allocator<void>&}; _Tp = std::allocator<const int&>; __gnu_cxx::_Lock_policy _Lp = __gnu_cxx::_S_atomic][m[K’
[2.584s] [01m[K/usr/include/c++/9/bits/shared_ptr.h:359:59:[m[K   required from ‘[01m[Kstd::shared_ptr<_Tp>::shared_ptr(std::_Sp_alloc_shared_tag<_Tp>, _Args&& ...) [with _Alloc = std::allocator<std::allocator<const int&> >; _Args = {std::allocator<void>&}; _Tp = std::allocator<const int&>][m[K’
[2.584s] [01m[K/usr/include/c++/9/bits/shared_ptr.h:701:14:[m[K   [ skipping 7 instantiation contexts, use -ftemplate-backtrace-limit=0 to disable ]
[2.584s] [01m[K/usr/include/c++/9/bits/shared_ptr_base.h:1344:71:[m[K   required from ‘[01m[Kstd::__shared_ptr<_Tp, _Lp>::__shared_ptr(std::_Sp_alloc_shared_tag<_Tp>, _Args&& ...) [with _Alloc = std::allocator<rclcpp::message_memory_strategy::MessageMemoryStrategy<const int&, std::allocator<void> > >; _Args = {std::shared_ptr<std::allocator<void> >}; _Tp = rclcpp::message_memory_strategy::MessageMemoryStrategy<const int&, std::allocator<void> >; __gnu_cxx::_Lock_policy _Lp = __gnu_cxx::_S_atomic][m[K’
[2.584s] [01m[K/usr/include/c++/9/bits/shared_ptr.h:359:59:[m[K   required from ‘[01m[Kstd::shared_ptr<_Tp>::shared_ptr(std::_Sp_alloc_shared_tag<_Tp>, _Args&& ...) [with _Alloc = std::allocator<rclcpp::message_memory_strategy::MessageMemoryStrategy<const int&, std::allocator<void> > >; _Args = {std::shared_ptr<std::allocator<void> >}; _Tp = rclcpp::message_memory_strategy::MessageMemoryStrategy<const int&, std::allocator<void> >][m[K’
[2.585s] [01m[K/usr/include/c++/9/bits/shared_ptr.h:701:14:[m[K   required from ‘[01m[Kstd::shared_ptr<_Tp> std::allocate_shared(const _Alloc&, _Args&& ...) [with _Tp = rclcpp::message_memory_strategy::MessageMemoryStrategy<const int&, std::allocator<void> >; _Alloc = std::allocator<rclcpp::message_memory_strategy::MessageMemoryStrategy<const int&, std::allocator<void> > >; _Args = {std::shared_ptr<std::allocator<void> >}][m[K’
[2.585s] [01m[K/usr/include/c++/9/bits/shared_ptr.h:717:39:[m[K   required from ‘[01m[Kstd::shared_ptr<_Tp> std::make_shared(_Args&& ...) [with _Tp = rclcpp::message_memory_strategy::MessageMemoryStrategy<const int&, std::allocator<void> >; _Args = {std::shared_ptr<std::allocator<void> >}][m[K’
[2.585s] [01m[K/opt/ros/foxy/include/rclcpp/message_memory_strategy.hpp:80:68:[m[K   required from ‘[01m[Kstatic rclcpp::message_memory_strategy::MessageMemoryStrategy<MessageT, Alloc>::SharedPtr rclcpp::message_memory_strategy::MessageMemoryStrategy<MessageT, Alloc>::create_default() [with MessageT = const int&; Alloc = std::allocator<void>; rclcpp::message_memory_strategy::MessageMemoryStrategy<MessageT, Alloc>::SharedPtr = std::shared_ptr<rclcpp::message_memory_strategy::MessageMemoryStrategy<const int&, std::allocator<void> > >][m[K’
[2.585s] [01m[K/opt/ros/foxy/include/rclcpp/node.hpp:220:45:[m[K   required from here
[2.585s] [01m[K/usr/include/c++/9/ext/new_allocator.h:63:26:[m[K [01;31m[Kerror: [m[Kforming pointer to reference type ‘[01m[Kconst int&[m[K’
[2.585s]    63 |       typedef _Tp*       [01;31m[Kpointer[m[K;
[2.585s]       |                          [01;31m[K^~~~~~~[m[K
[2.585s] [01m[K/usr/include/c++/9/ext/new_allocator.h:64:26:[m[K [01;31m[Kerror: [m[Kforming pointer to reference type ‘[01m[Kconst int&[m[K’
[2.585s]    64 |       typedef const _Tp* [01;31m[Kconst_pointer[m[K;
[2.585s]       |                          [01;31m[K^~~~~~~~~~~~~[m[K
[2.585s] In file included from [01m[K/usr/include/c++/9/memory:63[m[K,
[2.585s]                  from [01m[K/opt/ros/foxy/include/rclcpp/rclcpp.hpp:144[m[K,
[2.585s]                  from [01m[K/home/danendra/Kuliah/SRO/colcon_ws/src/routine/src/routine.cpp:1[m[K:
[2.586s] /usr/include/c++/9/bits/allocator.h: In instantiation of ‘[01m[Kclass std::allocator<const int&>[m[K’:
[2.586s] [01m[K/usr/include/c++/9/bits/shared_ptr_base.h:1365:63:[m[K   required by substitution of ‘[01m[Ktemplate<class _Yp> struct std::__shared_ptr<std::allocator<const int&>, __gnu_cxx::_S_atomic>::__has_esft_base<_Yp, std::__void_t<decltype (__enable_shared_from_this_base(declval<const std::__shared_count<__gnu_cxx::_S_atomic>&>(), declval<_Yp*>()))> > [with _Yp = std::allocator<const int&>][m[K’
[2.586s] [01m[K/usr/include/c++/9/bits/shared_ptr_base.h:1387:21:[m[K   required by substitution of ‘[01m[Ktemplate<class _Yp, class _Yp2> typename std::enable_if<(! std::__shared_ptr<std::allocator<const int&>, __gnu_cxx::_S_atomic>::__has_esft_base<_Yp2, void>::value), void>::type std::__shared_ptr<std::allocator<const int&>, __gnu_cxx::_S_atomic>::_M_enable_shared_from_this_with<_Yp, _Yp2>(_Yp*) [with _Yp = std::allocator<const int&>; _Yp2 = std::allocator<const int&>][m[K’
[2.586s] [01m[K/usr/include/c++/9/bits/shared_ptr_base.h:1345:4:[m[K   required from ‘[01m[Kstd::__shared_ptr<_Tp, _Lp>::__shared_ptr(std::_Sp_alloc_shared_tag<_Tp>, _Args&& ...) [with _Alloc = std::allocator<std::allocator<const int&> >; _Args = {std::allocator<void>&}; _Tp = std::allocator<const int&>; __gnu_cxx::_Lock_policy _Lp = __gnu_cxx::_S_atomic][m[K’
[2.586s] [01m[K/usr/include/c++/9/bits/shared_ptr.h:359:59:[m[K   required from ‘[01m[Kstd::shared_ptr<_Tp>::shared_ptr(std::_Sp_alloc_shared_tag<_Tp>, _Args&& ...) [with _Alloc = std::allocator<std::allocator<const int&> >; _Args = {std::allocator<void>&}; _Tp = std::allocator<const int&>][m[K’
[2.586s] [01m[K/usr/include/c++/9/bits/shared_ptr.h:701:14:[m[K   required from ‘[01m[Kstd::shared_ptr<_Tp> std::allocate_shared(const _Alloc&, _Args&& ...) [with _Tp = std::allocator<const int&>; _Alloc = std::allocator<std::allocator<const int&> >; _Args = {std::allocator<void>&}][m[K’
[2.586s] [01m[K/usr/include/c++/9/bits/shared_ptr.h:717:39:[m[K   [ skipping 6 instantiation contexts, use -ftemplate-backtrace-limit=0 to disable ]
[2.586s] [01m[K/usr/include/c++/9/bits/shared_ptr_base.h:1344:71:[m[K   required from ‘[01m[Kstd::__shared_ptr<_Tp, _Lp>::__shared_ptr(std::_Sp_alloc_shared_tag<_Tp>, _Args&& ...) [with _Alloc = std::allocator<rclcpp::message_memory_strategy::MessageMemoryStrategy<const int&, std::allocator<void> > >; _Args = {std::shared_ptr<std::allocator<void> >}; _Tp = rclcpp::message_memory_strategy::MessageMemoryStrategy<const int&, std::allocator<void> >; __gnu_cxx::_Lock_policy _Lp = __gnu_cxx::_S_atomic][m[K’
[2.586s] [01m[K/usr/include/c++/9/bits/shared_ptr.h:359:59:[m[K   required from ‘[01m[Kstd::shared_ptr<_Tp>::shared_ptr(std::_Sp_alloc_shared_tag<_Tp>, _Args&& ...) [with _Alloc = std::allocator<rclcpp::message_memory_strategy::MessageMemoryStrategy<const int&, std::allocator<void> > >; _Args = {std::shared_ptr<std::allocator<void> >}; _Tp = rclcpp::message_memory_strategy::MessageMemoryStrategy<const int&, std::allocator<void> >][m[K’
[2.586s] [01m[K/usr/include/c++/9/bits/shared_ptr.h:701:14:[m[K   required from ‘[01m[Kstd::shared_ptr<_Tp> std::allocate_shared(const _Alloc&, _Args&& ...) [with _Tp = rclcpp::message_memory_strategy::MessageMemoryStrategy<const int&, std::allocator<void> >; _Alloc = std::allocator<rclcpp::message_memory_strategy::MessageMemoryStrategy<const int&, std::allocator<void> > >; _Args = {std::shared_ptr<std::allocator<void> >}][m[K’
[2.586s] [01m[K/usr/include/c++/9/bits/shared_ptr.h:717:39:[m[K   required from ‘[01m[Kstd::shared_ptr<_Tp> std::make_shared(_Args&& ...) [with _Tp = rclcpp::message_memory_strategy::MessageMemoryStrategy<const int&, std::allocator<void> >; _Args = {std::shared_ptr<std::allocator<void> >}][m[K’
[2.587s] [01m[K/opt/ros/foxy/include/rclcpp/message_memory_strategy.hpp:80:68:[m[K   required from ‘[01m[Kstatic rclcpp::message_memory_strategy::MessageMemoryStrategy<MessageT, Alloc>::SharedPtr rclcpp::message_memory_strategy::MessageMemoryStrategy<MessageT, Alloc>::create_default() [with MessageT = const int&; Alloc = std::allocator<void>; rclcpp::message_memory_strategy::MessageMemoryStrategy<MessageT, Alloc>::SharedPtr = std::shared_ptr<rclcpp::message_memory_strategy::MessageMemoryStrategy<const int&, std::allocator<void> > >][m[K’
[2.587s] [01m[K/opt/ros/foxy/include/rclcpp/node.hpp:220:45:[m[K   required from here
[2.587s] [01m[K/usr/include/c++/9/bits/allocator.h:116:26:[m[K [01;31m[Kerror: [m[Kforming pointer to reference type ‘[01m[Kconst int&[m[K’
[2.587s]   116 |       typedef _Tp*       [01;31m[Kpointer[m[K;
[2.587s]       |                          [01;31m[K^~~~~~~[m[K
[2.587s] [01m[K/usr/include/c++/9/bits/allocator.h:117:26:[m[K [01;31m[Kerror: [m[Kforming pointer to reference type ‘[01m[Kconst int&[m[K’
[2.587s]   117 |       typedef const _Tp* [01;31m[Kconst_pointer[m[K;
[2.587s]       |                          [01;31m[K^~~~~~~~~~~~~[m[K
[2.723s] In file included from [01m[K/usr/include/c++/9/bits/shared_ptr.h:52[m[K,
[2.724s]                  from [01m[K/usr/include/c++/9/memory:81[m[K,
[2.724s]                  from [01m[K/opt/ros/foxy/include/rclcpp/rclcpp.hpp:144[m[K,
[2.724s]                  from [01m[K/home/danendra/Kuliah/SRO/colcon_ws/src/routine/src/routine.cpp:1[m[K:
[2.724s] /usr/include/c++/9/bits/shared_ptr_base.h: In instantiation of ‘[01m[Kclass std::__shared_ptr_access<const int&, __gnu_cxx::_S_atomic, false, false>[m[K’:
[2.724s] [01m[K/usr/include/c++/9/bits/shared_ptr_base.h:1080:11:[m[K   required from ‘[01m[Kclass std::__shared_ptr<const int&, __gnu_cxx::_S_atomic>[m[K’
[2.724s] [01m[K/opt/ros/foxy/include/rclcpp/message_memory_strategy.hpp:85:37:[m[K   recursively required from ‘[01m[Kstd::shared_ptr<_Tp> rclcpp::message_memory_strategy::MessageMemoryStrategy<MessageT, Alloc>::borrow_message() [with MessageT = const int&; Alloc = std::allocator<void>][m[K’
[2.724s] [01m[K/opt/ros/foxy/include/rclcpp/message_memory_strategy.hpp:85:37:[m[K   required from here
[2.725s] [01m[K/usr/include/c++/9/bits/shared_ptr_base.h:1012:7:[m[K [01;31m[Kerror: [m[Kforming pointer to reference type ‘[01m[Kstd::__shared_ptr_access<const int&, __gnu_cxx::_S_atomic, false, false>::element_type[m[K’ {aka ‘[01m[Kconst int&[m[K’}
[2.725s]  1012 |       [01;31m[Koperator[m[K->() const noexcept
[2.725s]       |       [01;31m[K^~~~~~~~[m[K
[2.725s] [01m[K/usr/include/c++/9/bits/shared_ptr_base.h:1020:7:[m[K [01;31m[Kerror: [m[Kforming pointer to reference type ‘[01m[Kstd::__shared_ptr_access<const int&, __gnu_cxx::_S_atomic, false, false>::element_type[m[K’ {aka ‘[01m[Kconst int&[m[K’}
[2.725s]  1020 |       [01;31m[K_M_get[m[K() const noexcept
[2.725s]       |       [01;31m[K^~~~~~[m[K
[2.725s] /usr/include/c++/9/bits/shared_ptr_base.h: In instantiation of ‘[01m[Kclass std::__shared_ptr<const int&, __gnu_cxx::_S_atomic>[m[K’:
[2.726s] [01m[K/opt/ros/foxy/include/rclcpp/message_memory_strategy.hpp:85:37:[m[K   recursively required from ‘[01m[Kstd::shared_ptr<_Tp> rclcpp::message_memory_strategy::MessageMemoryStrategy<MessageT, Alloc>::borrow_message() [with MessageT = const int&; Alloc = std::allocator<void>][m[K’
[2.726s] [01m[K/opt/ros/foxy/include/rclcpp/message_memory_strategy.hpp:85:37:[m[K   required from here
[2.726s] [01m[K/usr/include/c++/9/bits/shared_ptr_base.h:1094:8:[m[K [01;31m[Kerror: [m[Kforming pointer to reference type ‘[01m[Kconst int&[m[K’
[2.726s]  1094 |  using [01;31m[K_Compatible[m[K = typename
[2.726s]       |        [01;31m[K^~~~~~~~~~~[m[K
[2.726s] [01m[K/usr/include/c++/9/bits/shared_ptr_base.h:1104:8:[m[K [01;31m[Kerror: [m[Kforming pointer to reference type ‘[01m[Kconst int&[m[K’
[2.726s]  1104 |  using [01;31m[K_UniqCompatible[m[K = typename enable_if<__and_<
[2.727s]       |        [01;31m[K^~~~~~~~~~~~~~~[m[K
[2.727s] [01m[K/usr/include/c++/9/bits/shared_ptr_base.h:1162:2:[m[K [01;31m[Kerror: [m[Kforming pointer to reference type ‘[01m[Kstd::__shared_ptr<const int&, __gnu_cxx::_S_atomic>::element_type[m[K’ {aka ‘[01m[Kconst int&[m[K’}
[2.727s]  1162 |  [01;31m[K__shared_ptr[m[K(const __shared_ptr<_Yp, _Lp>& __r,
[2.727s]       |  [01;31m[K^~~~~~~~~~~~[m[K
[2.727s] /usr/include/c++/9/bits/shared_ptr_base.h: In substitution of ‘[01m[Ktemplate<class _Tp, __gnu_cxx::_Lock_policy _Lp> template<class _Yp, class _Res> using _Compatible = typename std::enable_if<std::__sp_compatible_with<_Yp*, _Tp*>::value, _Res>::type [with _Yp = _Yp; _Res = void; _Tp = const int&; __gnu_cxx::_Lock_policy _Lp = __gnu_cxx::_S_atomic][m[K’:
[2.727s] [01m[K/usr/include/c++/9/bits/shared_ptr_base.h:1172:2:[m[K   required from ‘[01m[Kclass std::__shared_ptr<const int&, __gnu_cxx::_S_atomic>[m[K’
[2.727s] [01m[K/opt/ros/foxy/include/rclcpp/message_memory_strategy.hpp:85:37:[m[K   recursively required from ‘[01m[Kstd::shared_ptr<_Tp> rclcpp::message_memory_strategy::MessageMemoryStrategy<MessageT, Alloc>::borrow_message() [with MessageT = const int&; Alloc = std::allocator<void>][m[K’
[2.727s] [01m[K/opt/ros/foxy/include/rclcpp/message_memory_strategy.hpp:85:37:[m[K   required from here
[2.728s] [01m[K/usr/include/c++/9/bits/shared_ptr_base.h:1094:8:[m[K [01;31m[Kerror: [m[Kforming pointer to reference type ‘[01m[Kconst int&[m[K’
[2.728s]  1094 |  using [01;31m[K_Compatible[m[K = typename
[2.728s]       |        [01;31m[K^~~~~~~~~~~[m[K
[2.728s] /usr/include/c++/9/bits/shared_ptr_base.h: In substitution of ‘[01m[Ktemplate<class _Tp, __gnu_cxx::_Lock_policy _Lp> template<class _Yp, class _Del, class _Res, class _Ptr> using _UniqCompatible = typename std::enable_if<std::__and_<std::__sp_compatible_with<_Yp*, _Tp*>, std::is_convertible<_Ptr, typename std::remove_extent<_Up>::type*> >::value, _Res>::type [with _Yp = _Yp; _Del = _Del; _Res = void; _Ptr = typename std::unique_ptr<_Tp, _Dp>::pointer; _Tp = const int&; __gnu_cxx::_Lock_policy _Lp = __gnu_cxx::_S_atomic][m[K’:
[2.728s] [01m[K/usr/include/c++/9/bits/shared_ptr_base.h:1203:2:[m[K   required from ‘[01m[Kclass std::__shared_ptr<const int&, __gnu_cxx::_S_atomic>[m[K’
[2.728s] [01m[K/opt/ros/foxy/include/rclcpp/message_memory_strategy.hpp:85:37:[m[K   recursively required from ‘[01m[Kstd::shared_ptr<_Tp> rclcpp::message_memory_strategy::MessageMemoryStrategy<MessageT, Alloc>::borrow_message() [with MessageT = const int&; Alloc = std::allocator<void>][m[K’
[2.728s] [01m[K/opt/ros/foxy/include/rclcpp/message_memory_strategy.hpp:85:37:[m[K   required from here
[2.728s] [01m[K/usr/include/c++/9/bits/shared_ptr_base.h:1104:8:[m[K [01;31m[Kerror: [m[Kforming pointer to reference type ‘[01m[Kconst int&[m[K’
[2.728s]  1104 |  using [01;31m[K_UniqCompatible[m[K = typename enable_if<__and_<
[2.729s]       |        [01;31m[K^~~~~~~~~~~~~~~[m[K
[2.729s] /usr/include/c++/9/bits/shared_ptr_base.h: In instantiation of ‘[01m[Kclass std::__shared_ptr<const int&, __gnu_cxx::_S_atomic>[m[K’:
[2.729s] [01m[K/opt/ros/foxy/include/rclcpp/message_memory_strategy.hpp:85:37:[m[K   recursively required from ‘[01m[Kstd::shared_ptr<_Tp> rclcpp::message_memory_strategy::MessageMemoryStrategy<MessageT, Alloc>::borrow_message() [with MessageT = const int&; Alloc = std::allocator<void>][m[K’
[2.729s] [01m[K/opt/ros/foxy/include/rclcpp/message_memory_strategy.hpp:85:37:[m[K   required from here
[2.729s] [01m[K/usr/include/c++/9/bits/shared_ptr_base.h:1219:2:[m[K [01;31m[Kerror: [m[Kforming pointer to reference type ‘[01m[Kconst int&[m[K’
[2.729s]  1219 |  [01;31m[K__shared_ptr[m[K(unique_ptr<_Tp1, _Del>&& __r, __sp_array_delete)
[2.730s]       |  [01;31m[K^~~~~~~~~~~~[m[K
[2.730s] [01m[K/usr/include/c++/9/bits/shared_ptr_base.h:1309:7:[m[K [01;31m[Kerror: [m[Kforming pointer to reference type ‘[01m[Kstd::__shared_ptr<const int&, __gnu_cxx::_S_atomic>::element_type[m[K’ {aka ‘[01m[Kconst int&[m[K’}
[2.730s]  1309 |       [01;31m[Kget[m[K() const noexcept
[2.730s]       |       [01;31m[K^~~[m[K
[2.730s] [01m[K/usr/include/c++/9/bits/shared_ptr_base.h:1404:24:[m[K [01;31m[Kerror: [m[Kforming pointer to reference type ‘[01m[Kstd::__shared_ptr<const int&, __gnu_cxx::_S_atomic>::element_type[m[K’ {aka ‘[01m[Kconst int&[m[K’}
[2.730s]  1404 |       element_type*    [01;31m[K_M_ptr[m[K;         // Contained pointer.
[2.730s]       |                        [01;31m[K^~~~~~[m[K
[2.731s] In file included from [01m[K/usr/include/c++/9/memory:81[m[K,
[2.731s]                  from [01m[K/opt/ros/foxy/include/rclcpp/rclcpp.hpp:144[m[K,
[2.731s]                  from [01m[K/home/danendra/Kuliah/SRO/colcon_ws/src/routine/src/routine.cpp:1[m[K:
[2.731s] /usr/include/c++/9/bits/shared_ptr.h: In instantiation of ‘[01m[Kclass std::shared_ptr<const int&>[m[K’:
[2.731s] [01m[K/opt/ros/foxy/include/rclcpp/message_memory_strategy.hpp:85:37:[m[K   recursively required from ‘[01m[Kstd::shared_ptr<_Tp> rclcpp::message_memory_strategy::MessageMemoryStrategy<MessageT, Alloc>::borrow_message() [with MessageT = const int&; Alloc = std::allocator<void>][m[K’
[2.731s] [01m[K/opt/ros/foxy/include/rclcpp/message_memory_strategy.hpp:85:37:[m[K   required from here
[2.732s] [01m[K/usr/include/c++/9/bits/shared_ptr.h:234:2:[m[K [01;31m[Kerror: [m[Kforming pointer to reference type ‘[01m[Kstd::shared_ptr<const int&>::element_type[m[K’ {aka ‘[01m[Kconst int&[m[K’}
[2.732s]   234 |  [01;31m[Kshared_ptr[m[K(const shared_ptr<_Yp>& __r, element_type* __p) noexcept
[2.732s]       |  [01;31m[K^~~~~~~~~~[m[K
[2.736s] In file included from [01m[K/usr/include/c++/9/bits/shared_ptr.h:52[m[K,
[2.736s]                  from [01m[K/usr/include/c++/9/memory:81[m[K,
[2.736s]                  from [01m[K/opt/ros/foxy/include/rclcpp/rclcpp.hpp:144[m[K,
[2.736s]                  from [01m[K/home/danendra/Kuliah/SRO/colcon_ws/src/routine/src/routine.cpp:1[m[K:
[2.736s] /usr/include/c++/9/bits/shared_ptr_base.h: In instantiation of ‘[01m[Kconstexpr std::__shared_ptr<_Tp, _Lp>::__shared_ptr() [with _Tp = const int&; __gnu_cxx::_Lock_policy _Lp = __gnu_cxx::_S_atomic][m[K’:
[2.736s] [01m[K/usr/include/c++/9/bits/shared_ptr_base.h:1287:9:[m[K   required from ‘[01m[Kvoid std::__shared_ptr<_Tp, _Lp>::reset() [with _Tp = const int&; __gnu_cxx::_Lock_policy _Lp = __gnu_cxx::_S_atomic][m[K’
[2.736s] [01m[K/opt/ros/foxy/include/rclcpp/message_memory_strategy.hpp:109:5:[m[K   required from ‘[01m[Kvoid rclcpp::message_memory_strategy::MessageMemoryStrategy<MessageT, Alloc>::return_message(std::shared_ptr<_Tp>&) [with MessageT = const int&; Alloc = std::allocator<void>][m[K’
[2.736s] [01m[K/opt/ros/foxy/include/rclcpp/message_memory_strategy.hpp:107:16:[m[K   required from here
[2.736s] [01m[K/usr/include/c++/9/bits/shared_ptr_base.h:1119:32:[m[K [01;31m[Kerror: [m[Kusing invalid field ‘[01m[Kstd::__shared_ptr<_Tp, _Lp>::_M_ptr[m[K’
[2.736s]  1119 |       : _M_ptr(0), _M_refcount([01;31m[K)[m[K
[2.736s]       |                                [01;31m[K^[m[K
[2.736s] /usr/include/c++/9/bits/shared_ptr_base.h: In instantiation of ‘[01m[Kvoid std::__shared_ptr<_Tp, _Lp>::swap(std::__shared_ptr<_Tp, _Lp>&) [with _Tp = const int&; __gnu_cxx::_Lock_policy _Lp = __gnu_cxx::_S_atomic][m[K’:
[2.737s] [01m[K/usr/include/c++/9/bits/shared_ptr_base.h:1287:24:[m[K   required from ‘[01m[Kvoid std::__shared_ptr<_Tp, _Lp>::reset() [with _Tp = const int&; __gnu_cxx::_Lock_policy _Lp = __gnu_cxx::_S_atomic][m[K’
[2.737s] [01m[K/opt/ros/foxy/include/rclcpp/message_memory_strategy.hpp:109:5:[m[K   required from ‘[01m[Kvoid rclcpp::message_memory_strategy::MessageMemoryStrategy<MessageT, Alloc>::return_message(std::shared_ptr<_Tp>&) [with MessageT = const int&; Alloc = std::allocator<void>][m[K’
[2.737s] [01m[K/opt/ros/foxy/include/rclcpp/message_memory_strategy.hpp:107:16:[m[K   required from here
[2.737s] [01m[K/usr/include/c++/9/bits/shared_ptr_base.h:1326:12:[m[K [01;31m[Kerror: [m[Kusing invalid field ‘[01m[Kstd::__shared_ptr<_Tp, _Lp>::_M_ptr[m[K’
[2.737s]  1326 |  std::swap([01;31m[K_M_ptr[m[K, __other._M_ptr);
[2.737s]       |            [01;31m[K^~~~~~[m[K
[2.737s] [01m[K/usr/include/c++/9/bits/shared_ptr_base.h:1326:28:[m[K [01;31m[Kerror: [m[K‘[01m[Kclass std::__shared_ptr<const int&, __gnu_cxx::_S_atomic>[m[K’ has no member named ‘[01m[K_M_ptr[m[K’
[2.737s]  1326 |  std::swap(_M_ptr, [01;31m[K__other._M_ptr[m[K);
[2.737s]       |                    [01;31m[K~~~~~~~~^~~~~~[m[K
[2.749s] In file included from [01m[K/usr/include/c++/9/future:48[m[K,
[2.750s]                  from [01m[K/opt/ros/foxy/include/rclcpp/executors.hpp:18[m[K,
[2.750s]                  from [01m[K/opt/ros/foxy/include/rclcpp/rclcpp.hpp:146[m[K,
[2.750s]                  from [01m[K/home/danendra/Kuliah/SRO/colcon_ws/src/routine/src/routine.cpp:1[m[K:
[2.750s] [01m[K/usr/include/c++/9/bits/std_function.h:[m[K At global scope:
[2.750s] [01m[K/usr/include/c++/9/bits/std_function.h:667:7:[m[K [01;31m[Kerror: [m[K‘[01m[Kstd::function<_Res(_ArgTypes ...)>::function(_Functor) [with _Functor = rclcpp::create_subscription_factory(CallbackT&&, const rclcpp::SubscriptionOptionsWithAllocator<AllocatorT>&, typename MessageMemoryStrategyT::SharedPtr, std::shared_ptr<rclcpp::topic_statistics::SubscriptionTopicStatistics<CallbackMessageT> >) [with MessageT = std_msgs::msg::Float32_<std::allocator<void> >; CallbackT = void (&)(const int&); AllocatorT = std::allocator<void>; CallbackMessageT = const int&; SubscriptionT = rclcpp::Subscription<const int&, std::allocator<void>, rclcpp::message_memory_strategy::MessageMemoryStrategy<const int&, std::allocator<void> > >; MessageMemoryStrategyT = rclcpp::message_memory_strategy::MessageMemoryStrategy<const int&, std::allocator<void> >; typename MessageMemoryStrategyT::SharedPtr = std::shared_ptr<rclcpp::message_memory_strategy::MessageMemoryStrategy<const int&, std::allocator<void> > >]::<lambda(rclcpp::node_interfaces::NodeBaseInterface*, const string&, const rclcpp::QoS&)>; <template-parameter-2-2> = void; <template-parameter-2-3> = void; _Res = std::shared_ptr<rclcpp::SubscriptionBase>; _ArgTypes = {rclcpp::node_interfaces::NodeBaseInterface*, const std::__cxx11::basic_string<char, std::char_traits<char>, std::allocator<char> >&, const rclcpp::QoS&}][m[K’, declared using local type ‘[01m[Krclcpp::create_subscription_factory(CallbackT&&, const rclcpp::SubscriptionOptionsWithAllocator<AllocatorT>&, typename MessageMemoryStrategyT::SharedPtr, std::shared_ptr<rclcpp::topic_statistics::SubscriptionTopicStatistics<CallbackMessageT> >) [with MessageT = std_msgs::msg::Float32_<std::allocator<void> >; CallbackT = void (&)(const int&); AllocatorT = std::allocator<void>; CallbackMessageT = const int&; SubscriptionT = rclcpp::Subscription<const int&, std::allocator<void>, rclcpp::message_memory_strategy::MessageMemoryStrategy<const int&, std::allocator<void> > >; MessageMemoryStrategyT = rclcpp::message_memory_strategy::MessageMemoryStrategy<const int&, std::allocator<void> >; typename MessageMemoryStrategyT::SharedPtr = std::shared_ptr<rclcpp::message_memory_strategy::MessageMemoryStrategy<const int&, std::allocator<void> > >]::<lambda(rclcpp::node_interfaces::NodeBaseInterface*, const string&, const rclcpp::QoS&)>[m[K’, is used but never defined [[01;31m[K-fpermissive[m[K]
[2.751s]   667 |       [01;31m[Kfunction<_Res(_ArgTypes...)>[m[K::
[2.751s]       |       [01;31m[K^~~~~~~~~~~~~~~~~~~~~~~~~~~~[m[K
[2.928s] make[2]: *** [CMakeFiles/routine.dir/build.make:63: CMakeFiles/routine.dir/src/routine.cpp.o] Error 1
[2.928s] make[1]: *** [CMakeFiles/Makefile2:78: CMakeFiles/routine.dir/all] Error 2
[2.928s] make: *** [Makefile:141: all] Error 2
[2.931s] Invoked command in '/home/danendra/Kuliah/SRO/colcon_ws/build/routine' returned '2': CMAKE_PREFIX_PATH=${CMAKE_PREFIX_PATH}:/opt/ros/foxy /usr/bin/cmake --build /home/danendra/Kuliah/SRO/colcon_ws/build/routine -- -j8 -l8
