[0.019s] Invoking command in '/home/danendra/Kuliah/SRO/TugasPID/build/routine': CMAKE_PREFIX_PATH=${CMAKE_PREFIX_PATH}:/opt/ros/foxy /usr/bin/cmake --build /home/danendra/Kuliah/SRO/TugasPID/build/routine -- -j8 -l8
[0.065s] [35m[1mScanning dependencies of target routine[0m
[0.096s] [ 50%] [32mBuilding CXX object CMakeFiles/routine.dir/src/routine.cpp.o[0m
[1.385s] In file included from [01m[K/home/danendra/Kuliah/SRO/TugasPID/src/routine/src/routine.cpp:5[m[K:
[1.385s] [01m[K/home/danendra/Kuliah/SRO/TugasPID/src/routine/include/routine/kinematics.h:9:18:[m[K [01;35m[Kwarning: [m[KISO C++ forbids zero-size array ‘[01m[Kvel_res[m[K’ [[01;35m[K-Wpedantic[m[K]
[1.386s]     9 | float vel_res[1][[01;35m[K0[m[K];
[1.386s]       |                  [01;35m[K^[m[K
[1.386s] [01m[K/home/danendra/Kuliah/SRO/TugasPID/src/routine/include/routine/kinematics.h:10:18:[m[K [01;35m[Kwarning: [m[KISO C++ forbids zero-size array ‘[01m[Kvel_inp[m[K’ [[01;35m[K-Wpedantic[m[K]
[1.386s]    10 | float vel_inp[1][[01;35m[K0[m[K];
[1.386s]       |                  [01;35m[K^[m[K
[1.386s] [01m[K/home/danendra/Kuliah/SRO/TugasPID/src/routine/include/routine/kinematics.h:[m[K In function ‘[01m[Kfloat reverseArray(float (*)[2])[m[K’:
[1.387s] [01m[K/home/danendra/Kuliah/SRO/TugasPID/src/routine/include/routine/kinematics.h:39:1:[m[K [01;35m[Kwarning: [m[Kno return statement in function returning non-void [[01;35m[K-Wreturn-type[m[K]
[1.387s]    39 | [01;35m[K}[m[K
[1.387s]       | [01;35m[K^[m[K
[1.387s] [01m[K/home/danendra/Kuliah/SRO/TugasPID/src/routine/include/routine/kinematics.h:[m[K In function ‘[01m[Kfloat forwardKinematics(int, int)[m[K’:
[1.387s] [01m[K/home/danendra/Kuliah/SRO/TugasPID/src/routine/include/routine/kinematics.h:45:24:[m[K [01;35m[Kwarning: [m[Kleft operand of comma operator has no effect [[01;35m[K-Wunused-value[m[K]
[1.387s]    45 |     return [01;35m[Kvel_res[0][0][m[K, vel_res[0][1];
[1.387s]       |            [01;35m[K~~~~~~~~~~~~^[m[K
[1.388s] [01m[K/home/danendra/Kuliah/SRO/TugasPID/src/routine/include/routine/kinematics.h:[m[K In function ‘[01m[Kfloat inverseKinematicr(float, float, float*)[m[K’:
[1.388s] [01m[K/home/danendra/Kuliah/SRO/TugasPID/src/routine/include/routine/kinematics.h:57:1:[m[K [01;35m[Kwarning: [m[Kno return statement in function returning non-void [[01;35m[K-Wreturn-type[m[K]
[1.388s]    57 | [01;35m[K}[m[K
[1.388s]       | [01;35m[K^[m[K
[1.410s] [01m[K/home/danendra/Kuliah/SRO/TugasPID/src/routine/src/routine.cpp:[m[K In function ‘[01m[Kint main(int, char**)[m[K’:
[1.410s] [01m[K/home/danendra/Kuliah/SRO/TugasPID/src/routine/src/routine.cpp:71:11:[m[K [01;35m[Kwarning: [m[Kunused variable ‘[01m[Kdelta_rotation[m[K’ [[01;35m[K-Wunused-variable[m[K]
[1.411s]    71 |     float [01;35m[Kdelta_rotation[m[K = 0;
[1.411s]       |           [01;35m[K^~~~~~~~~~~~~~[m[K
[5.238s] [100%] [32m[1mLinking CXX executable routine[0m
[5.568s] [100%] Built target routine
[5.629s] Invoked command in '/home/danendra/Kuliah/SRO/TugasPID/build/routine' returned '0': CMAKE_PREFIX_PATH=${CMAKE_PREFIX_PATH}:/opt/ros/foxy /usr/bin/cmake --build /home/danendra/Kuliah/SRO/TugasPID/build/routine -- -j8 -l8
[5.679s] Invoking command in '/home/danendra/Kuliah/SRO/TugasPID/build/routine': CMAKE_PREFIX_PATH=${CMAKE_PREFIX_PATH}:/opt/ros/foxy /usr/bin/cmake --install /home/danendra/Kuliah/SRO/TugasPID/build/routine
[5.690s] -- Install configuration: ""
[5.690s] -- Installing: /home/danendra/Kuliah/SRO/TugasPID/install/routine/lib/routine/routine
[5.693s] -- Set runtime path of "/home/danendra/Kuliah/SRO/TugasPID/install/routine/lib/routine/routine" to ""
[5.693s] -- Up-to-date: /home/danendra/Kuliah/SRO/TugasPID/install/routine/share/ament_index/resource_index/package_run_dependencies/routine
[5.694s] -- Up-to-date: /home/danendra/Kuliah/SRO/TugasPID/install/routine/share/ament_index/resource_index/parent_prefix_path/routine
[5.694s] -- Up-to-date: /home/danendra/Kuliah/SRO/TugasPID/install/routine/share/routine/environment/ament_prefix_path.sh
[5.694s] -- Up-to-date: /home/danendra/Kuliah/SRO/TugasPID/install/routine/share/routine/environment/ament_prefix_path.dsv
[5.694s] -- Up-to-date: /home/danendra/Kuliah/SRO/TugasPID/install/routine/share/routine/environment/path.sh
[5.694s] -- Up-to-date: /home/danendra/Kuliah/SRO/TugasPID/install/routine/share/routine/environment/path.dsv
[5.694s] -- Up-to-date: /home/danendra/Kuliah/SRO/TugasPID/install/routine/share/routine/local_setup.bash
[5.695s] -- Up-to-date: /home/danendra/Kuliah/SRO/TugasPID/install/routine/share/routine/local_setup.sh
[5.695s] -- Up-to-date: /home/danendra/Kuliah/SRO/TugasPID/install/routine/share/routine/local_setup.zsh
[5.695s] -- Up-to-date: /home/danendra/Kuliah/SRO/TugasPID/install/routine/share/routine/local_setup.dsv
[5.695s] -- Installing: /home/danendra/Kuliah/SRO/TugasPID/install/routine/share/routine/package.dsv
[5.695s] -- Up-to-date: /home/danendra/Kuliah/SRO/TugasPID/install/routine/share/ament_index/resource_index/packages/routine
[5.695s] -- Up-to-date: /home/danendra/Kuliah/SRO/TugasPID/install/routine/share/routine/cmake/routineConfig.cmake
[5.695s] -- Up-to-date: /home/danendra/Kuliah/SRO/TugasPID/install/routine/share/routine/cmake/routineConfig-version.cmake
[5.696s] -- Up-to-date: /home/danendra/Kuliah/SRO/TugasPID/install/routine/share/routine/package.xml
[5.697s] Invoked command in '/home/danendra/Kuliah/SRO/TugasPID/build/routine' returned '0': CMAKE_PREFIX_PATH=${CMAKE_PREFIX_PATH}:/opt/ros/foxy /usr/bin/cmake --install /home/danendra/Kuliah/SRO/TugasPID/build/routine
