[0.023s] Invoking command in '/home/danendra/Kuliah/SRO/colcon_ws/build/routine': CMAKE_PREFIX_PATH=${CMAKE_PREFIX_PATH}:/opt/ros/foxy /usr/bin/cmake --build /home/danendra/Kuliah/SRO/colcon_ws/build/routine -- -j8 -l8
[0.088s] [35m[1mScanning dependencies of target routine[0m
[0.126s] [ 50%] [32mBuilding CXX object CMakeFiles/routine.dir/src/routine.cpp.o[0m
[7.276s] [100%] [32m[1mLinking CXX executable routine[0m
[7.737s] [100%] Built target routine
[7.802s] Invoked command in '/home/danendra/Kuliah/SRO/colcon_ws/build/routine' returned '0': CMAKE_PREFIX_PATH=${CMAKE_PREFIX_PATH}:/opt/ros/foxy /usr/bin/cmake --build /home/danendra/Kuliah/SRO/colcon_ws/build/routine -- -j8 -l8
[7.867s] Invoking command in '/home/danendra/Kuliah/SRO/colcon_ws/build/routine': CMAKE_PREFIX_PATH=${CMAKE_PREFIX_PATH}:/opt/ros/foxy /usr/bin/cmake --install /home/danendra/Kuliah/SRO/colcon_ws/build/routine
[7.880s] -- Install configuration: ""
[7.880s] -- Installing: /home/danendra/Kuliah/SRO/colcon_ws/install/routine/lib/routine/routine
[7.887s] -- Set runtime path of "/home/danendra/Kuliah/SRO/colcon_ws/install/routine/lib/routine/routine" to ""
[7.887s] -- Up-to-date: /home/danendra/Kuliah/SRO/colcon_ws/install/routine/share/ament_index/resource_index/package_run_dependencies/routine
[7.887s] -- Up-to-date: /home/danendra/Kuliah/SRO/colcon_ws/install/routine/share/ament_index/resource_index/parent_prefix_path/routine
[7.887s] -- Up-to-date: /home/danendra/Kuliah/SRO/colcon_ws/install/routine/share/routine/environment/ament_prefix_path.sh
[7.887s] -- Up-to-date: /home/danendra/Kuliah/SRO/colcon_ws/install/routine/share/routine/environment/ament_prefix_path.dsv
[7.888s] -- Up-to-date: /home/danendra/Kuliah/SRO/colcon_ws/install/routine/share/routine/environment/path.sh
[7.888s] -- Up-to-date: /home/danendra/Kuliah/SRO/colcon_ws/install/routine/share/routine/environment/path.dsv
[7.888s] -- Up-to-date: /home/danendra/Kuliah/SRO/colcon_ws/install/routine/share/routine/local_setup.bash
[7.888s] -- Up-to-date: /home/danendra/Kuliah/SRO/colcon_ws/install/routine/share/routine/local_setup.sh
[7.888s] -- Up-to-date: /home/danendra/Kuliah/SRO/colcon_ws/install/routine/share/routine/local_setup.zsh
[7.889s] -- Up-to-date: /home/danendra/Kuliah/SRO/colcon_ws/install/routine/share/routine/local_setup.dsv
[7.889s] -- Installing: /home/danendra/Kuliah/SRO/colcon_ws/install/routine/share/routine/package.dsv
[7.889s] -- Up-to-date: /home/danendra/Kuliah/SRO/colcon_ws/install/routine/share/ament_index/resource_index/packages/routine
[7.889s] -- Up-to-date: /home/danendra/Kuliah/SRO/colcon_ws/install/routine/share/routine/cmake/routineConfig.cmake
[7.889s] -- Up-to-date: /home/danendra/Kuliah/SRO/colcon_ws/install/routine/share/routine/cmake/routineConfig-version.cmake
[7.889s] -- Up-to-date: /home/danendra/Kuliah/SRO/colcon_ws/install/routine/share/routine/package.xml
[7.892s] Invoked command in '/home/danendra/Kuliah/SRO/colcon_ws/build/routine' returned '0': CMAKE_PREFIX_PATH=${CMAKE_PREFIX_PATH}:/opt/ros/foxy /usr/bin/cmake --install /home/danendra/Kuliah/SRO/colcon_ws/build/routine
