[0.017s] Invoking command in '/home/danendra/Kuliah/SRO/TugasPID/build/routine': CMAKE_PREFIX_PATH=${CMAKE_PREFIX_PATH}:/opt/ros/foxy /usr/bin/cmake --build /home/danendra/Kuliah/SRO/TugasPID/build/routine -- -j8 -l8
[0.076s] [35m[1mScanning dependencies of target routine[0m
[0.114s] [ 50%] [32mBuilding CXX object CMakeFiles/routine.dir/src/routine.cpp.o[0m
[1.425s] In file included from [01m[K/home/danendra/Kuliah/SRO/TugasPID/src/routine/src/routine.cpp:5[m[K:
[1.425s] [01m[K/home/danendra/Kuliah/SRO/TugasPID/src/routine/include/routine/kinematics.h:9:18:[m[K [01;35m[Kwarning: [m[KISO C++ forbids zero-size array ‘[01m[Kvel_res[m[K’ [[01;35m[K-Wpedantic[m[K]
[1.425s]     9 | float vel_res[1][[01;35m[K0[m[K];
[1.425s]       |                  [01;35m[K^[m[K
[1.425s] [01m[K/home/danendra/Kuliah/SRO/TugasPID/src/routine/include/routine/kinematics.h:10:18:[m[K [01;35m[Kwarning: [m[KISO C++ forbids zero-size array ‘[01m[Kvel_inp[m[K’ [[01;35m[K-Wpedantic[m[K]
[1.425s]    10 | float vel_inp[1][[01;35m[K0[m[K];
[1.426s]       |                  [01;35m[K^[m[K
[1.426s] [01m[K/home/danendra/Kuliah/SRO/TugasPID/src/routine/include/routine/kinematics.h:[m[K In function ‘[01m[Kfloat reverseArray(float (*)[2])[m[K’:
[1.426s] [01m[K/home/danendra/Kuliah/SRO/TugasPID/src/routine/include/routine/kinematics.h:39:1:[m[K [01;35m[Kwarning: [m[Kno return statement in function returning non-void [[01;35m[K-Wreturn-type[m[K]
[1.426s]    39 | [01;35m[K}[m[K
[1.426s]       | [01;35m[K^[m[K
[1.426s] [01m[K/home/danendra/Kuliah/SRO/TugasPID/src/routine/include/routine/kinematics.h:[m[K In function ‘[01m[Kfloat forwardKinematics(int, int)[m[K’:
[1.426s] [01m[K/home/danendra/Kuliah/SRO/TugasPID/src/routine/include/routine/kinematics.h:45:24:[m[K [01;35m[Kwarning: [m[Kleft operand of comma operator has no effect [[01;35m[K-Wunused-value[m[K]
[1.426s]    45 |     return [01;35m[Kvel_res[0][0][m[K, vel_res[0][1];
[1.427s]       |            [01;35m[K~~~~~~~~~~~~^[m[K
[1.427s] [01m[K/home/danendra/Kuliah/SRO/TugasPID/src/routine/include/routine/kinematics.h:[m[K In function ‘[01m[Kfloat inverseKinematicr(float, float, float*)[m[K’:
[1.427s] [01m[K/home/danendra/Kuliah/SRO/TugasPID/src/routine/include/routine/kinematics.h:57:1:[m[K [01;35m[Kwarning: [m[Kno return statement in function returning non-void [[01;35m[K-Wreturn-type[m[K]
[1.427s]    57 | [01;35m[K}[m[K
[1.427s]       | [01;35m[K^[m[K
[1.443s] [01m[K/home/danendra/Kuliah/SRO/TugasPID/src/routine/src/routine.cpp:[m[K In function ‘[01m[Kint main(int, char**)[m[K’:
[1.443s] [01m[K/home/danendra/Kuliah/SRO/TugasPID/src/routine/src/routine.cpp:73:9:[m[K [01;31m[Kerror: [m[K‘[01m[Kinv_kinematics[m[K’ was not declared in this scope; did you mean ‘[01m[KinverseKinematicr[m[K’?
[1.443s]    73 |         [01;31m[Kinv_kinematics[m[K(vy, vz, wheel_speed);
[1.443s]       |         [01;31m[K^~~~~~~~~~~~~~[m[K
[1.443s]       |         [32m[KinverseKinematicr[m[K
[1.451s] [01m[K/home/danendra/Kuliah/SRO/TugasPID/src/routine/src/routine.cpp:54:11:[m[K [01;35m[Kwarning: [m[Kunused variable ‘[01m[Kdelta_rotation[m[K’ [[01;35m[K-Wunused-variable[m[K]
[1.451s]    54 |     float [01;35m[Kdelta_rotation[m[K = 0;
[1.451s]       |           [01;35m[K^~~~~~~~~~~~~~[m[K
[3.025s] make[2]: *** [CMakeFiles/routine.dir/build.make:63: CMakeFiles/routine.dir/src/routine.cpp.o] Error 1
[3.025s] make[1]: *** [CMakeFiles/Makefile2:78: CMakeFiles/routine.dir/all] Error 2
[3.025s] make: *** [Makefile:141: all] Error 2
[3.028s] Invoked command in '/home/danendra/Kuliah/SRO/TugasPID/build/routine' returned '2': CMAKE_PREFIX_PATH=${CMAKE_PREFIX_PATH}:/opt/ros/foxy /usr/bin/cmake --build /home/danendra/Kuliah/SRO/TugasPID/build/routine -- -j8 -l8
