[0.020s] Invoking command in '/home/danendra/Kuliah/SRO/colcon_ws/build/routine': CMAKE_PREFIX_PATH=${CMAKE_PREFIX_PATH}:/opt/ros/foxy /usr/bin/cmake --build /home/danendra/Kuliah/SRO/colcon_ws/build/routine -- -j8 -l8
[0.050s] -- Found ament_cmake: 0.9.9 (/opt/ros/foxy/share/ament_cmake/cmake)
[0.073s] -- Found PythonInterp: /usr/bin/python3 (found suitable version "3.8.10", minimum required is "3") 
[0.073s] -- Using PYTHON_EXECUTABLE: /usr/bin/python3
[0.253s] -- Found std_msgs: 2.0.5 (/opt/ros/foxy/share/std_msgs/cmake)
[0.273s] -- Using all available rosidl_typesupport_c: rosidl_typesupport_fastrtps_c;rosidl_typesupport_introspection_c
[0.277s] -- Found rosidl_adapter: 1.2.1 (/opt/ros/foxy/share/rosidl_adapter/cmake)
[0.399s] -- Using all available rosidl_typesupport_cpp: rosidl_typesupport_fastrtps_cpp;rosidl_typesupport_introspection_cpp
[0.444s] -- Found rclcpp: 2.4.1 (/opt/ros/foxy/share/rclcpp/cmake)
[0.487s] -- Found rmw_implementation_cmake: 1.0.3 (/opt/ros/foxy/share/rmw_implementation_cmake/cmake)
[0.489s] -- Using RMW implementation 'rmw_fastrtps_cpp' as default
[0.629s] -- Found rosidl_default_generators: 1.0.1 (/opt/ros/foxy/share/rosidl_default_generators/cmake)
[0.661s] -- Found PythonInterp: /usr/bin/python3 (found version "3.8.10") 
[0.789s] -- Found ament_cmake_ros: 0.9.2 (/opt/ros/foxy/share/ament_cmake_ros/cmake)
[0.891s] -- Using all available rosidl_typesupport_c: rosidl_typesupport_fastrtps_c;rosidl_typesupport_introspection_c
[0.902s] -- Using all available rosidl_typesupport_cpp: rosidl_typesupport_fastrtps_cpp;rosidl_typesupport_introspection_cpp
[0.927s] -- Found PythonInterp: /usr/bin/python3 (found suitable version "3.8.10", minimum required is "3.5") 
[0.928s] -- Found python_cmake_module: 0.8.1 (/opt/ros/foxy/share/python_cmake_module/cmake)
[0.954s] -- Using PYTHON_EXECUTABLE: /usr/bin/python3
[0.954s] -- Using PYTHON_INCLUDE_DIRS: /usr/include/python3.8
[0.954s] -- Using PYTHON_LIBRARIES: /usr/lib/x86_64-linux-gnu/libpython3.8.so
[0.968s] CMake Error at CMakeLists.txt:30 (add_executable):
[0.968s]   add_executable cannot create target "routine" because another target with
[0.968s]   the same name already exists.  The existing target is a custom target
[0.968s]   created in source directory
[0.968s]   "/home/danendra/Kuliah/SRO/colcon_ws/src/routine".  See documentation for
[0.968s]   policy CMP0002 for more details.
[0.968s] 
[0.968s] 
[0.969s] CMake Error at /opt/ros/foxy/share/ament_cmake_target_dependencies/cmake/ament_target_dependencies.cmake:128 (target_compile_definitions):
[0.969s]   target_compile_definitions called with non-compilable target type
[0.969s] Call Stack (most recent call first):
[0.969s]   CMakeLists.txt:31 (ament_target_dependencies)
[0.969s] 
[0.969s] 
[0.969s] CMake Error at /opt/ros/foxy/share/ament_cmake_target_dependencies/cmake/ament_target_dependencies.cmake:141 (target_include_directories):
[0.969s]   target_include_directories called with non-compilable target type
[0.969s] Call Stack (most recent call first):
[0.969s]   CMakeLists.txt:31 (ament_target_dependencies)
[0.969s] 
[0.969s] 
[0.969s] CMake Error at /opt/ros/foxy/share/ament_cmake_target_dependencies/cmake/ament_target_dependencies.cmake:145 (target_link_libraries):
[0.969s]   Utility target "routine" must not be used as the target of a
[0.970s]   target_link_libraries call.
[0.970s] Call Stack (most recent call first):
[0.970s]   CMakeLists.txt:31 (ament_target_dependencies)
[0.970s] 
[0.970s] 
[0.970s] CMake Error at /opt/ros/foxy/share/ament_cmake_target_dependencies/cmake/ament_target_dependencies.cmake:147 (target_include_directories):
[0.970s]   target_include_directories called with non-compilable target type
[0.970s] Call Stack (most recent call first):
[0.970s]   CMakeLists.txt:31 (ament_target_dependencies)
[0.970s] 
[0.970s] 
[0.970s] CMake Error at /opt/ros/foxy/share/ament_cmake_target_dependencies/cmake/ament_target_dependencies.cmake:151 (target_link_libraries):
[0.970s]   Utility target "routine" must not be used as the target of a
[0.970s]   target_link_libraries call.
[0.971s] Call Stack (most recent call first):
[0.971s]   CMakeLists.txt:31 (ament_target_dependencies)
[0.971s] 
[0.971s] 
[0.971s] CMake Error at CMakeLists.txt:37 (install):
[0.971s]   install TARGETS given target "routine" which is not an executable, library,
[0.971s]   or module.
[0.971s] 
[0.971s] 
[0.971s] -- Found ament_lint_auto: 0.9.6 (/opt/ros/foxy/share/ament_lint_auto/cmake)
[0.980s] -- Added test 'copyright' to check source files copyright and LICENSE
[0.981s] -- Added test 'cppcheck' to perform static code analysis on C / C++ code
[0.982s] -- Configured cppcheck include dirs: 
[0.982s] -- Configured cppcheck exclude dirs and/or files: 
[0.983s] -- Added test 'cpplint' to check C / C++ code against the Google style
[0.983s] -- Configured cpplint exclude dirs and/or files: 
[0.984s] -- Added test 'lint_cmake' to check CMake code style
[0.985s] -- Added test 'uncrustify' to check C / C++ code style
[0.985s] -- Configured uncrustify additional arguments: 
[0.985s] -- Added test 'xmllint' to check XML markup files
[0.992s] -- Configuring incomplete, errors occurred!
[0.992s] See also "/home/danendra/Kuliah/SRO/colcon_ws/build/routine/CMakeFiles/CMakeOutput.log".
[0.992s] See also "/home/danendra/Kuliah/SRO/colcon_ws/build/routine/CMakeFiles/CMakeError.log".
[1.001s] make: *** [Makefile:266: cmake_check_build_system] Error 1
[1.003s] Invoked command in '/home/danendra/Kuliah/SRO/colcon_ws/build/routine' returned '2': CMAKE_PREFIX_PATH=${CMAKE_PREFIX_PATH}:/opt/ros/foxy /usr/bin/cmake --build /home/danendra/Kuliah/SRO/colcon_ws/build/routine -- -j8 -l8
