[0.019s] Invoking command in '/home/danendra/Kuliah/SRO/colcon_ws/build/routine': CMAKE_PREFIX_PATH=${CMAKE_PREFIX_PATH}:/opt/ros/foxy /usr/bin/cmake --build /home/danendra/Kuliah/SRO/colcon_ws/build/routine -- -j8 -l8
[0.050s] -- Found ament_cmake: 0.9.9 (/opt/ros/foxy/share/ament_cmake/cmake)
[0.074s] -- Using PYTHON_EXECUTABLE: /usr/bin/python3
[0.263s] -- Found std_msgs: 2.0.5 (/opt/ros/foxy/share/std_msgs/cmake)
[0.290s] -- Using all available rosidl_typesupport_c: rosidl_typesupport_fastrtps_c;rosidl_typesupport_introspection_c
[0.295s] -- Found rosidl_adapter: 1.2.1 (/opt/ros/foxy/share/rosidl_adapter/cmake)
[0.436s] -- Using all available rosidl_typesupport_cpp: rosidl_typesupport_fastrtps_cpp;rosidl_typesupport_introspection_cpp
[0.501s] -- Found rclcpp: 2.4.1 (/opt/ros/foxy/share/rclcpp/cmake)
[0.553s] -- Found rmw_implementation_cmake: 1.0.3 (/opt/ros/foxy/share/rmw_implementation_cmake/cmake)
[0.556s] -- Using RMW implementation 'rmw_fastrtps_cpp' as default
[0.719s] -- Found rosidl_default_generators: 1.0.1 (/opt/ros/foxy/share/rosidl_default_generators/cmake)
[0.759s] -- Found PythonInterp: /usr/bin/python3 (found version "3.8.10") 
[0.974s] CMake Error at /opt/ros/foxy/share/rosidl_adapter/cmake/rosidl_adapt_interfaces.cmake:60 (message):
[0.974s]   execute_process(/usr/bin/python3 -m rosidl_adapter --package-name routine
[0.974s]   --arguments-file
[0.974s]   /home/danendra/Kuliah/SRO/colcon_ws/build/routine/rosidl_adapter__arguments__routine.json
[0.974s]   --output-dir
[0.975s]   /home/danendra/Kuliah/SRO/colcon_ws/build/routine/rosidl_adapter/routine
[0.975s]   --output-file
[0.975s]   /home/danendra/Kuliah/SRO/colcon_ws/build/routine/rosidl_adapter/routine.idls)
[0.975s]   returned error code 1:
[0.975s] 
[0.975s]   Traceback (most recent call last):
[0.975s] 
[0.975s]     File "/usr/lib/python3.8/runpy.py", line 194, in _run_module_as_main
[0.975s]       return _run_code(code, main_globals, None,
[0.975s]     File "/usr/lib/python3.8/runpy.py", line 87, in _run_code
[0.975s]       exec(code, run_globals)
[0.976s]     File "/opt/ros/foxy/lib/python3.8/site-packages/rosidl_adapter/__main__.py", line 19, in <module>
[0.976s]       sys.exit(main())
[0.976s]     File "/opt/ros/foxy/lib/python3.8/site-packages/rosidl_adapter/main.py", line 53, in main
[0.976s]       abs_idl_file = convert_to_idl(
[0.976s]     File "/opt/ros/foxy/lib/python3.8/site-packages/rosidl_adapter/__init__.py", line 19, in convert_to_idl
[0.976s]       return convert_msg_to_idl(
[0.976s]     File "/opt/ros/foxy/lib/python3.8/site-packages/rosidl_adapter/msg/__init__.py", line 28, in convert_msg_to_idl
[0.976s]       msg = parse_message_string(package_name, input_file.stem, content)
[0.976s]     File "/opt/ros/foxy/lib/python3.8/site-packages/rosidl_adapter/parser.py", line 540, in parse_message_string
[0.977s]       msg = MessageSpecification(pkg_name, msg_name, fields, constants)
[0.977s]     File "/opt/ros/foxy/lib/python3.8/site-packages/rosidl_adapter/parser.py", line 387, in __init__
[0.977s]       self.base_type = BaseType(
[0.977s]     File "/opt/ros/foxy/lib/python3.8/site-packages/rosidl_adapter/parser.py", line 204, in __init__
[0.977s]       raise InvalidResourceName(
[0.978s] 
[0.978s]   rosidl_adapter.parser.InvalidResourceName: 'motion' is an invalid message
[0.978s]   name.  It should have the pattern '^[A-Z][A-Za-z0-9]*$'
[0.978s] 
[0.978s] Call Stack (most recent call first):
[0.978s]   /opt/ros/foxy/share/rosidl_cmake/cmake/rosidl_generate_interfaces.cmake:130 (rosidl_adapt_interfaces)
[0.979s]   CMakeLists.txt:24 (rosidl_generate_interfaces)
[0.979s] 
[0.979s] 
[0.979s] -- Configuring incomplete, errors occurred!
[0.979s] See also "/home/danendra/Kuliah/SRO/colcon_ws/build/routine/CMakeFiles/CMakeOutput.log".
[0.979s] See also "/home/danendra/Kuliah/SRO/colcon_ws/build/routine/CMakeFiles/CMakeError.log".
[0.989s] make: *** [Makefile:266: cmake_check_build_system] Error 1
[0.995s] Invoked command in '/home/danendra/Kuliah/SRO/colcon_ws/build/routine' returned '2': CMAKE_PREFIX_PATH=${CMAKE_PREFIX_PATH}:/opt/ros/foxy /usr/bin/cmake --build /home/danendra/Kuliah/SRO/colcon_ws/build/routine -- -j8 -l8
