[0.021s] Invoking command in '/home/danendra/Kuliah/SRO/colcon_ws/build/routine': CMAKE_PREFIX_PATH=${CMAKE_PREFIX_PATH}:/opt/ros/foxy /usr/bin/cmake --build /home/danendra/Kuliah/SRO/colcon_ws/build/routine -- -j8 -l8
[0.052s] -- Found ament_cmake: 0.9.9 (/opt/ros/foxy/share/ament_cmake/cmake)
[0.075s] -- Using PYTHON_EXECUTABLE: /usr/bin/python3
[0.309s] -- Found std_msgs: 2.0.5 (/opt/ros/foxy/share/std_msgs/cmake)
[0.337s] -- Using all available rosidl_typesupport_c: rosidl_typesupport_fastrtps_c;rosidl_typesupport_introspection_c
[0.342s] -- Found rosidl_adapter: 1.2.1 (/opt/ros/foxy/share/rosidl_adapter/cmake)
[0.481s] -- Using all available rosidl_typesupport_cpp: rosidl_typesupport_fastrtps_cpp;rosidl_typesupport_introspection_cpp
[0.525s] -- Found rclcpp: 2.4.1 (/opt/ros/foxy/share/rclcpp/cmake)
[0.564s] -- Found rmw_implementation_cmake: 1.0.3 (/opt/ros/foxy/share/rmw_implementation_cmake/cmake)
[0.566s] -- Using RMW implementation 'rmw_fastrtps_cpp' as default
[0.706s] -- Found rosidl_default_generators: 1.0.1 (/opt/ros/foxy/share/rosidl_default_generators/cmake)
[0.740s] -- Found PythonInterp: /usr/bin/python3 (found version "3.8.10") 
[0.867s] -- Found ament_cmake_ros: 0.9.2 (/opt/ros/foxy/share/ament_cmake_ros/cmake)
[0.980s] -- Using all available rosidl_typesupport_c: rosidl_typesupport_fastrtps_c;rosidl_typesupport_introspection_c
[0.989s] -- Using all available rosidl_typesupport_cpp: rosidl_typesupport_fastrtps_cpp;rosidl_typesupport_introspection_cpp
[1.013s] -- Found PythonInterp: /usr/bin/python3 (found suitable version "3.8.10", minimum required is "3.5") 
[1.015s] -- Found python_cmake_module: 0.8.1 (/opt/ros/foxy/share/python_cmake_module/cmake)
[1.061s] -- Found PythonLibs: /usr/lib/x86_64-linux-gnu/libpython3.8.so (found suitable version "3.8.10", minimum required is "3.5") 
[1.062s] -- Using PYTHON_EXECUTABLE: /usr/bin/python3
[1.062s] -- Using PYTHON_INCLUDE_DIRS: /usr/include/python3.8
[1.062s] -- Using PYTHON_LIBRARIES: /usr/lib/x86_64-linux-gnu/libpython3.8.so
[1.094s] -- Found PythonExtra: .so  
[1.141s] CMake Error at CMakeLists.txt:28 (add_executable):
[1.141s]   add_executable cannot create target "routine" because another target with
[1.141s]   the same name already exists.  The existing target is a custom target
[1.141s]   created in source directory
[1.141s]   "/home/danendra/Kuliah/SRO/colcon_ws/src/routine".  See documentation for
[1.142s]   policy CMP0002 for more details.
[1.142s] 
[1.142s] 
[1.142s] CMake Error at /opt/ros/foxy/share/ament_cmake_target_dependencies/cmake/ament_target_dependencies.cmake:128 (target_compile_definitions):
[1.142s]   target_compile_definitions called with non-compilable target type
[1.142s] Call Stack (most recent call first):
[1.142s]   CMakeLists.txt:29 (ament_target_dependencies)
[1.142s] 
[1.142s] 
[1.142s] CMake Error at /opt/ros/foxy/share/ament_cmake_target_dependencies/cmake/ament_target_dependencies.cmake:141 (target_include_directories):
[1.142s]   target_include_directories called with non-compilable target type
[1.143s] Call Stack (most recent call first):
[1.143s]   CMakeLists.txt:29 (ament_target_dependencies)
[1.143s] 
[1.143s] 
[1.143s] CMake Error at /opt/ros/foxy/share/ament_cmake_target_dependencies/cmake/ament_target_dependencies.cmake:145 (target_link_libraries):
[1.143s]   Utility target "routine" must not be used as the target of a
[1.143s]   target_link_libraries call.
[1.143s] Call Stack (most recent call first):
[1.143s]   CMakeLists.txt:29 (ament_target_dependencies)
[1.143s] 
[1.143s] 
[1.143s] CMake Error at /opt/ros/foxy/share/ament_cmake_target_dependencies/cmake/ament_target_dependencies.cmake:147 (target_include_directories):
[1.143s]   target_include_directories called with non-compilable target type
[1.144s] Call Stack (most recent call first):
[1.144s]   CMakeLists.txt:29 (ament_target_dependencies)
[1.144s] 
[1.144s] 
[1.144s] CMake Error at /opt/ros/foxy/share/ament_cmake_target_dependencies/cmake/ament_target_dependencies.cmake:151 (target_link_libraries):
[1.144s]   Utility target "routine" must not be used as the target of a
[1.144s]   target_link_libraries call.
[1.144s] Call Stack (most recent call first):
[1.144s]   CMakeLists.txt:29 (ament_target_dependencies)
[1.144s] 
[1.144s] 
[1.144s] CMake Error at CMakeLists.txt:31 (install):
[1.144s]   install TARGETS given target "routine" which is not an executable, library,
[1.145s]   or module.
[1.145s] 
[1.145s] 
[1.145s] -- Found ament_lint_auto: 0.9.6 (/opt/ros/foxy/share/ament_lint_auto/cmake)
[1.160s] -- Added test 'copyright' to check source files copyright and LICENSE
[1.162s] -- Added test 'cppcheck' to perform static code analysis on C / C++ code
[1.163s] -- Configured cppcheck include dirs: 
[1.163s] -- Configured cppcheck exclude dirs and/or files: 
[1.164s] -- Added test 'cpplint' to check C / C++ code against the Google style
[1.164s] -- Configured cpplint exclude dirs and/or files: 
[1.165s] -- Added test 'lint_cmake' to check CMake code style
[1.167s] -- Added test 'uncrustify' to check C / C++ code style
[1.167s] -- Configured uncrustify additional arguments: 
[1.167s] -- Added test 'xmllint' to check XML markup files
[1.176s] -- Configuring incomplete, errors occurred!
[1.176s] See also "/home/danendra/Kuliah/SRO/colcon_ws/build/routine/CMakeFiles/CMakeOutput.log".
[1.177s] See also "/home/danendra/Kuliah/SRO/colcon_ws/build/routine/CMakeFiles/CMakeError.log".
[1.186s] make: *** [Makefile:266: cmake_check_build_system] Error 1
[1.188s] Invoked command in '/home/danendra/Kuliah/SRO/colcon_ws/build/routine' returned '2': CMAKE_PREFIX_PATH=${CMAKE_PREFIX_PATH}:/opt/ros/foxy /usr/bin/cmake --build /home/danendra/Kuliah/SRO/colcon_ws/build/routine -- -j8 -l8
