[0.149s] DEBUG:colcon:Command line arguments: ['/usr/bin/colcon', 'build']
[0.149s] DEBUG:colcon:Parsed command line arguments: Namespace(allow_overriding=[], ament_cmake_args=None, base_paths=['.'], build_base='build', catkin_cmake_args=None, catkin_skip_building_tests=False, cmake_args=None, cmake_clean_cache=False, cmake_clean_first=False, cmake_force_configure=False, cmake_target=None, cmake_target_skip_unavailable=False, continue_on_error=False, event_handlers=None, executor='parallel', ignore_user_meta=False, install_base='install', log_base=None, log_level=None, main=<bound method BuildVerb.main of <colcon_core.verb.build.BuildVerb object at 0x7fd7e8ca76a0>>, merge_install=False, metas=['./colcon.meta'], packages_above=None, packages_above_and_dependencies=None, packages_above_depth=None, packages_end=None, packages_ignore=None, packages_ignore_regex=None, packages_select=None, packages_select_build_failed=False, packages_select_by_dep=None, packages_select_regex=None, packages_select_test_failures=False, packages_skip=None, packages_skip_build_finished=False, packages_skip_by_dep=None, packages_skip_regex=None, packages_skip_test_passed=False, packages_skip_up_to=None, packages_start=None, packages_up_to=None, packages_up_to_regex=None, parallel_workers=8, paths=None, symlink_install=False, test_result_base=None, verb_extension=<colcon_core.verb.build.BuildVerb object at 0x7fd7e8ca76a0>, verb_name='build', verb_parser=<colcon_defaults.argument_parser.defaults.DefaultArgumentsDecorator object at 0x7fd7e8ca7be0>)
[0.174s] Level 1:colcon.colcon_core.package_discovery:discover_packages(colcon_meta) check parameters
[0.174s] Level 1:colcon.colcon_core.package_discovery:discover_packages(recursive) check parameters
[0.174s] Level 1:colcon.colcon_core.package_discovery:discover_packages(ignore) check parameters
[0.174s] Level 1:colcon.colcon_core.package_discovery:discover_packages(path) check parameters
[0.174s] Level 1:colcon.colcon_core.package_discovery:discover_packages(colcon_meta) discover
[0.174s] Level 1:colcon.colcon_core.package_discovery:discover_packages(recursive) discover
[0.174s] INFO:colcon.colcon_core.package_discovery:Crawling recursively for packages in '/home/danendra/Kuliah/SistemRobotOtonom_ROS2Coppeliasim'
[0.174s] Level 1:colcon.colcon_core.package_identification:_identify(.) by extensions ['ignore', 'ignore_ament_install']
[0.175s] Level 1:colcon.colcon_core.package_identification:_identify(.) by extension 'ignore'
[0.175s] Level 1:colcon.colcon_core.package_identification:_identify(.) by extension 'ignore_ament_install'
[0.175s] Level 1:colcon.colcon_core.package_identification:_identify(.) by extensions ['colcon_pkg']
[0.175s] Level 1:colcon.colcon_core.package_identification:_identify(.) by extension 'colcon_pkg'
[0.175s] Level 1:colcon.colcon_core.package_identification:_identify(.) by extensions ['colcon_meta']
[0.175s] Level 1:colcon.colcon_core.package_identification:_identify(.) by extension 'colcon_meta'
[0.175s] Level 1:colcon.colcon_core.package_identification:_identify(.) by extensions ['ros']
[0.175s] Level 1:colcon.colcon_core.package_identification:_identify(.) by extension 'ros'
[0.188s] Level 1:colcon.colcon_core.package_identification:_identify(.) by extensions ['cmake', 'python']
[0.188s] Level 1:colcon.colcon_core.package_identification:_identify(.) by extension 'cmake'
[0.188s] Level 1:colcon.colcon_core.package_identification:_identify(.) by extension 'python'
[0.188s] Level 1:colcon.colcon_core.package_identification:_identify(.) by extensions ['python_setup_py']
[0.188s] Level 1:colcon.colcon_core.package_identification:_identify(.) by extension 'python_setup_py'
[0.189s] Level 1:colcon.colcon_core.package_identification:_identify(build) by extensions ['ignore', 'ignore_ament_install']
[0.189s] Level 1:colcon.colcon_core.package_identification:_identify(build) by extension 'ignore'
[0.189s] Level 1:colcon.colcon_core.package_identification:_identify(build) ignored
[0.189s] Level 1:colcon.colcon_core.package_identification:_identify(install) by extensions ['ignore', 'ignore_ament_install']
[0.189s] Level 1:colcon.colcon_core.package_identification:_identify(install) by extension 'ignore'
[0.189s] Level 1:colcon.colcon_core.package_identification:_identify(install) ignored
[0.189s] Level 1:colcon.colcon_core.package_identification:_identify(log) by extensions ['ignore', 'ignore_ament_install']
[0.189s] Level 1:colcon.colcon_core.package_identification:_identify(log) by extension 'ignore'
[0.189s] Level 1:colcon.colcon_core.package_identification:_identify(log) ignored
[0.190s] Level 1:colcon.colcon_core.package_identification:_identify(src) by extensions ['ignore', 'ignore_ament_install']
[0.190s] Level 1:colcon.colcon_core.package_identification:_identify(src) by extension 'ignore'
[0.190s] Level 1:colcon.colcon_core.package_identification:_identify(src) by extension 'ignore_ament_install'
[0.190s] Level 1:colcon.colcon_core.package_identification:_identify(src) by extensions ['colcon_pkg']
[0.190s] Level 1:colcon.colcon_core.package_identification:_identify(src) by extension 'colcon_pkg'
[0.190s] Level 1:colcon.colcon_core.package_identification:_identify(src) by extensions ['colcon_meta']
[0.190s] Level 1:colcon.colcon_core.package_identification:_identify(src) by extension 'colcon_meta'
[0.190s] Level 1:colcon.colcon_core.package_identification:_identify(src) by extensions ['ros']
[0.190s] Level 1:colcon.colcon_core.package_identification:_identify(src) by extension 'ros'
[0.190s] Level 1:colcon.colcon_core.package_identification:_identify(src) by extensions ['cmake', 'python']
[0.190s] Level 1:colcon.colcon_core.package_identification:_identify(src) by extension 'cmake'
[0.190s] Level 1:colcon.colcon_core.package_identification:_identify(src) by extension 'python'
[0.190s] Level 1:colcon.colcon_core.package_identification:_identify(src) by extensions ['python_setup_py']
[0.190s] Level 1:colcon.colcon_core.package_identification:_identify(src) by extension 'python_setup_py'
[0.191s] Level 1:colcon.colcon_core.package_identification:_identify(src/build) by extensions ['ignore', 'ignore_ament_install']
[0.191s] Level 1:colcon.colcon_core.package_identification:_identify(src/build) by extension 'ignore'
[0.191s] Level 1:colcon.colcon_core.package_identification:_identify(src/build) ignored
[0.191s] Level 1:colcon.colcon_core.package_identification:_identify(src/install) by extensions ['ignore', 'ignore_ament_install']
[0.191s] Level 1:colcon.colcon_core.package_identification:_identify(src/install) by extension 'ignore'
[0.191s] Level 1:colcon.colcon_core.package_identification:_identify(src/install) ignored
[0.191s] Level 1:colcon.colcon_core.package_identification:_identify(src/log) by extensions ['ignore', 'ignore_ament_install']
[0.191s] Level 1:colcon.colcon_core.package_identification:_identify(src/log) by extension 'ignore'
[0.192s] Level 1:colcon.colcon_core.package_identification:_identify(src/log) ignored
[0.192s] Level 1:colcon.colcon_core.package_identification:_identify(src/routine) by extensions ['ignore', 'ignore_ament_install']
[0.192s] Level 1:colcon.colcon_core.package_identification:_identify(src/routine) by extension 'ignore'
[0.192s] Level 1:colcon.colcon_core.package_identification:_identify(src/routine) by extension 'ignore_ament_install'
[0.192s] Level 1:colcon.colcon_core.package_identification:_identify(src/routine) by extensions ['colcon_pkg']
[0.192s] Level 1:colcon.colcon_core.package_identification:_identify(src/routine) by extension 'colcon_pkg'
[0.192s] Level 1:colcon.colcon_core.package_identification:_identify(src/routine) by extensions ['colcon_meta']
[0.192s] Level 1:colcon.colcon_core.package_identification:_identify(src/routine) by extension 'colcon_meta'
[0.192s] Level 1:colcon.colcon_core.package_identification:_identify(src/routine) by extensions ['ros']
[0.192s] Level 1:colcon.colcon_core.package_identification:_identify(src/routine) by extension 'ros'
[0.196s] DEBUG:colcon.colcon_core.package_identification:Package 'src/routine' with type 'ros.ament_cmake' and name 'routine'
[0.196s] Level 1:colcon.colcon_core.package_discovery:discover_packages(recursive) using defaults
[0.196s] Level 1:colcon.colcon_core.package_discovery:discover_packages(ignore) discover
[0.196s] Level 1:colcon.colcon_core.package_discovery:discover_packages(ignore) using defaults
[0.196s] Level 1:colcon.colcon_core.package_discovery:discover_packages(path) discover
[0.196s] Level 1:colcon.colcon_core.package_discovery:discover_packages(path) using defaults
[0.226s] Level 1:colcon.colcon_core.package_discovery:discover_packages(prefix_path) check parameters
[0.226s] Level 1:colcon.colcon_core.package_discovery:discover_packages(prefix_path) discover
[0.230s] DEBUG:colcon.colcon_installed_package_information.package_discovery:Found 1 installed packages in /home/danendra/Kuliah/SistemRobotOtonom_ROS2Coppeliasim/install
[0.231s] DEBUG:colcon.colcon_installed_package_information.package_discovery:Found 256 installed packages in /opt/ros/foxy
[0.233s] Level 1:colcon.colcon_core.package_discovery:discover_packages(prefix_path) using defaults
[0.300s] Level 5:colcon.colcon_core.verb:set package 'routine' build argument 'cmake_args' from command line to 'None'
[0.300s] Level 5:colcon.colcon_core.verb:set package 'routine' build argument 'cmake_target' from command line to 'None'
[0.300s] Level 5:colcon.colcon_core.verb:set package 'routine' build argument 'cmake_target_skip_unavailable' from command line to 'False'
[0.300s] Level 5:colcon.colcon_core.verb:set package 'routine' build argument 'cmake_clean_cache' from command line to 'False'
[0.300s] Level 5:colcon.colcon_core.verb:set package 'routine' build argument 'cmake_clean_first' from command line to 'False'
[0.300s] Level 5:colcon.colcon_core.verb:set package 'routine' build argument 'cmake_force_configure' from command line to 'False'
[0.300s] Level 5:colcon.colcon_core.verb:set package 'routine' build argument 'ament_cmake_args' from command line to 'None'
[0.300s] Level 5:colcon.colcon_core.verb:set package 'routine' build argument 'catkin_cmake_args' from command line to 'None'
[0.300s] Level 5:colcon.colcon_core.verb:set package 'routine' build argument 'catkin_skip_building_tests' from command line to 'False'
[0.300s] DEBUG:colcon.colcon_core.verb:Building package 'routine' with the following arguments: {'ament_cmake_args': None, 'build_base': '/home/danendra/Kuliah/SistemRobotOtonom_ROS2Coppeliasim/build/routine', 'catkin_cmake_args': None, 'catkin_skip_building_tests': False, 'cmake_args': None, 'cmake_clean_cache': False, 'cmake_clean_first': False, 'cmake_force_configure': False, 'cmake_target': None, 'cmake_target_skip_unavailable': False, 'install_base': '/home/danendra/Kuliah/SistemRobotOtonom_ROS2Coppeliasim/install/routine', 'merge_install': False, 'path': '/home/danendra/Kuliah/SistemRobotOtonom_ROS2Coppeliasim/src/routine', 'symlink_install': False, 'test_result_base': None}
[0.302s] INFO:colcon.colcon_core.executor:Executing jobs using 'parallel' executor
[0.308s] DEBUG:colcon.colcon_parallel_executor.executor.parallel:run_until_complete
[0.309s] INFO:colcon.colcon_ros.task.ament_cmake.build:Building ROS package in '/home/danendra/Kuliah/SistemRobotOtonom_ROS2Coppeliasim/src/routine' with build type 'ament_cmake'
[0.309s] INFO:colcon.colcon_cmake.task.cmake.build:Building CMake package in '/home/danendra/Kuliah/SistemRobotOtonom_ROS2Coppeliasim/src/routine'
[0.313s] INFO:colcon.colcon_core.plugin_system:Skipping extension 'colcon_core.shell.bat': Not used on non-Windows systems
[0.313s] INFO:colcon.colcon_core.shell:Skip shell extension 'powershell' for command environment: Not usable outside of PowerShell
[0.313s] DEBUG:colcon.colcon_core.shell:Skip shell extension 'dsv' for command environment
[0.329s] DEBUG:colcon.colcon_core.event_handler.log_command:Invoking command in '/home/danendra/Kuliah/SistemRobotOtonom_ROS2Coppeliasim/build/routine': CMAKE_PREFIX_PATH=${CMAKE_PREFIX_PATH}:/opt/ros/foxy /usr/bin/cmake --build /home/danendra/Kuliah/SistemRobotOtonom_ROS2Coppeliasim/build/routine -- -j8 -l8
[5.706s] DEBUG:colcon.colcon_core.event_handler.log_command:Invoked command in '/home/danendra/Kuliah/SistemRobotOtonom_ROS2Coppeliasim/build/routine' returned '0': CMAKE_PREFIX_PATH=${CMAKE_PREFIX_PATH}:/opt/ros/foxy /usr/bin/cmake --build /home/danendra/Kuliah/SistemRobotOtonom_ROS2Coppeliasim/build/routine -- -j8 -l8
[5.745s] DEBUG:colcon.colcon_core.event_handler.log_command:Invoking command in '/home/danendra/Kuliah/SistemRobotOtonom_ROS2Coppeliasim/build/routine': CMAKE_PREFIX_PATH=${CMAKE_PREFIX_PATH}:/opt/ros/foxy /usr/bin/cmake --install /home/danendra/Kuliah/SistemRobotOtonom_ROS2Coppeliasim/build/routine
[5.760s] Level 1:colcon.colcon_core.environment:create_environment_scripts_only(routine)
[5.762s] DEBUG:colcon.colcon_core.event_handler.log_command:Invoked command in '/home/danendra/Kuliah/SistemRobotOtonom_ROS2Coppeliasim/build/routine' returned '0': CMAKE_PREFIX_PATH=${CMAKE_PREFIX_PATH}:/opt/ros/foxy /usr/bin/cmake --install /home/danendra/Kuliah/SistemRobotOtonom_ROS2Coppeliasim/build/routine
[5.767s] Level 1:colcon.colcon_core.environment:checking '/home/danendra/Kuliah/SistemRobotOtonom_ROS2Coppeliasim/install/routine' for CMake module files
[5.768s] Level 1:colcon.colcon_core.environment:checking '/home/danendra/Kuliah/SistemRobotOtonom_ROS2Coppeliasim/install/routine' for CMake config files
[5.768s] Level 1:colcon.colcon_core.shell:create_environment_hook('routine', 'cmake_prefix_path')
[5.769s] INFO:colcon.colcon_core.shell:Creating environment hook '/home/danendra/Kuliah/SistemRobotOtonom_ROS2Coppeliasim/install/routine/share/routine/hook/cmake_prefix_path.ps1'
[5.770s] INFO:colcon.colcon_core.shell:Creating environment descriptor '/home/danendra/Kuliah/SistemRobotOtonom_ROS2Coppeliasim/install/routine/share/routine/hook/cmake_prefix_path.dsv'
[5.770s] INFO:colcon.colcon_core.shell:Creating environment hook '/home/danendra/Kuliah/SistemRobotOtonom_ROS2Coppeliasim/install/routine/share/routine/hook/cmake_prefix_path.sh'
[5.771s] Level 1:colcon.colcon_core.environment:checking '/home/danendra/Kuliah/SistemRobotOtonom_ROS2Coppeliasim/install/routine/lib'
[5.772s] Level 1:colcon.colcon_core.environment:checking '/home/danendra/Kuliah/SistemRobotOtonom_ROS2Coppeliasim/install/routine/bin'
[5.772s] Level 1:colcon.colcon_core.environment:checking '/home/danendra/Kuliah/SistemRobotOtonom_ROS2Coppeliasim/install/routine/lib/pkgconfig/routine.pc'
[5.772s] Level 1:colcon.colcon_core.environment:checking '/home/danendra/Kuliah/SistemRobotOtonom_ROS2Coppeliasim/install/routine/lib/python3.8/site-packages'
[5.772s] Level 1:colcon.colcon_core.environment:checking '/home/danendra/Kuliah/SistemRobotOtonom_ROS2Coppeliasim/install/routine/bin'
[5.774s] INFO:colcon.colcon_core.shell:Creating package script '/home/danendra/Kuliah/SistemRobotOtonom_ROS2Coppeliasim/install/routine/share/routine/package.ps1'
[5.774s] INFO:colcon.colcon_core.shell:Creating package descriptor '/home/danendra/Kuliah/SistemRobotOtonom_ROS2Coppeliasim/install/routine/share/routine/package.dsv'
[5.775s] INFO:colcon.colcon_core.shell:Creating package script '/home/danendra/Kuliah/SistemRobotOtonom_ROS2Coppeliasim/install/routine/share/routine/package.sh'
[5.776s] INFO:colcon.colcon_core.shell:Creating package script '/home/danendra/Kuliah/SistemRobotOtonom_ROS2Coppeliasim/install/routine/share/routine/package.bash'
[5.776s] INFO:colcon.colcon_core.shell:Creating package script '/home/danendra/Kuliah/SistemRobotOtonom_ROS2Coppeliasim/install/routine/share/routine/package.zsh'
[5.777s] Level 1:colcon.colcon_core.environment:create_file_with_runtime_dependencies(/home/danendra/Kuliah/SistemRobotOtonom_ROS2Coppeliasim/install/routine/share/colcon-core/packages/routine)
[5.804s] Level 1:colcon.colcon_core.environment:create_environment_scripts_only(routine)
[5.806s] Level 1:colcon.colcon_core.environment:checking '/home/danendra/Kuliah/SistemRobotOtonom_ROS2Coppeliasim/install/routine' for CMake module files
[5.807s] Level 1:colcon.colcon_core.environment:checking '/home/danendra/Kuliah/SistemRobotOtonom_ROS2Coppeliasim/install/routine' for CMake config files
[5.807s] Level 1:colcon.colcon_core.shell:create_environment_hook('routine', 'cmake_prefix_path')
[5.808s] INFO:colcon.colcon_core.shell:Creating environment hook '/home/danendra/Kuliah/SistemRobotOtonom_ROS2Coppeliasim/install/routine/share/routine/hook/cmake_prefix_path.ps1'
[5.809s] INFO:colcon.colcon_core.shell:Creating environment descriptor '/home/danendra/Kuliah/SistemRobotOtonom_ROS2Coppeliasim/install/routine/share/routine/hook/cmake_prefix_path.dsv'
[5.809s] INFO:colcon.colcon_core.shell:Creating environment hook '/home/danendra/Kuliah/SistemRobotOtonom_ROS2Coppeliasim/install/routine/share/routine/hook/cmake_prefix_path.sh'
[5.810s] Level 1:colcon.colcon_core.environment:checking '/home/danendra/Kuliah/SistemRobotOtonom_ROS2Coppeliasim/install/routine/lib'
[5.810s] Level 1:colcon.colcon_core.environment:checking '/home/danendra/Kuliah/SistemRobotOtonom_ROS2Coppeliasim/install/routine/bin'
[5.810s] Level 1:colcon.colcon_core.environment:checking '/home/danendra/Kuliah/SistemRobotOtonom_ROS2Coppeliasim/install/routine/lib/pkgconfig/routine.pc'
[5.810s] Level 1:colcon.colcon_core.environment:checking '/home/danendra/Kuliah/SistemRobotOtonom_ROS2Coppeliasim/install/routine/lib/python3.8/site-packages'
[5.810s] Level 1:colcon.colcon_core.environment:checking '/home/danendra/Kuliah/SistemRobotOtonom_ROS2Coppeliasim/install/routine/bin'
[5.812s] INFO:colcon.colcon_core.shell:Creating package script '/home/danendra/Kuliah/SistemRobotOtonom_ROS2Coppeliasim/install/routine/share/routine/package.ps1'
[5.812s] INFO:colcon.colcon_core.shell:Creating package descriptor '/home/danendra/Kuliah/SistemRobotOtonom_ROS2Coppeliasim/install/routine/share/routine/package.dsv'
[5.813s] INFO:colcon.colcon_core.shell:Creating package script '/home/danendra/Kuliah/SistemRobotOtonom_ROS2Coppeliasim/install/routine/share/routine/package.sh'
[5.813s] INFO:colcon.colcon_core.shell:Creating package script '/home/danendra/Kuliah/SistemRobotOtonom_ROS2Coppeliasim/install/routine/share/routine/package.bash'
[5.813s] INFO:colcon.colcon_core.shell:Creating package script '/home/danendra/Kuliah/SistemRobotOtonom_ROS2Coppeliasim/install/routine/share/routine/package.zsh'
[5.814s] Level 1:colcon.colcon_core.environment:create_file_with_runtime_dependencies(/home/danendra/Kuliah/SistemRobotOtonom_ROS2Coppeliasim/install/routine/share/colcon-core/packages/routine)
[5.814s] DEBUG:colcon.colcon_parallel_executor.executor.parallel:closing loop
[5.815s] DEBUG:colcon.colcon_parallel_executor.executor.parallel:loop closed
[5.815s] DEBUG:colcon.colcon_parallel_executor.executor.parallel:run_until_complete finished with '0'
[5.815s] DEBUG:colcon.colcon_core.event_reactor:joining thread
[5.822s] INFO:colcon.colcon_core.plugin_system:Skipping extension 'colcon_notification.desktop_notification.terminal_notifier': Not used on non-Darwin systems
[5.822s] INFO:colcon.colcon_core.plugin_system:Skipping extension 'colcon_notification.desktop_notification.win32': Not used on non-Windows systems
[5.822s] INFO:colcon.colcon_notification.desktop_notification:Sending desktop notification using 'notify2'
[5.838s] DEBUG:colcon.colcon_core.event_reactor:joined thread
[5.840s] INFO:colcon.colcon_core.shell:Creating prefix script '/home/danendra/Kuliah/SistemRobotOtonom_ROS2Coppeliasim/install/local_setup.ps1'
[5.841s] INFO:colcon.colcon_core.shell:Creating prefix util module '/home/danendra/Kuliah/SistemRobotOtonom_ROS2Coppeliasim/install/_local_setup_util_ps1.py'
[5.842s] INFO:colcon.colcon_core.shell:Creating prefix chain script '/home/danendra/Kuliah/SistemRobotOtonom_ROS2Coppeliasim/install/setup.ps1'
[5.844s] INFO:colcon.colcon_core.shell:Creating prefix script '/home/danendra/Kuliah/SistemRobotOtonom_ROS2Coppeliasim/install/local_setup.sh'
[5.844s] INFO:colcon.colcon_core.shell:Creating prefix util module '/home/danendra/Kuliah/SistemRobotOtonom_ROS2Coppeliasim/install/_local_setup_util_sh.py'
[5.845s] INFO:colcon.colcon_core.shell:Creating prefix chain script '/home/danendra/Kuliah/SistemRobotOtonom_ROS2Coppeliasim/install/setup.sh'
[5.847s] INFO:colcon.colcon_core.shell:Creating prefix script '/home/danendra/Kuliah/SistemRobotOtonom_ROS2Coppeliasim/install/local_setup.bash'
[5.848s] INFO:colcon.colcon_core.shell:Creating prefix chain script '/home/danendra/Kuliah/SistemRobotOtonom_ROS2Coppeliasim/install/setup.bash'
[5.851s] INFO:colcon.colcon_core.shell:Creating prefix script '/home/danendra/Kuliah/SistemRobotOtonom_ROS2Coppeliasim/install/local_setup.zsh'
[5.852s] INFO:colcon.colcon_core.shell:Creating prefix chain script '/home/danendra/Kuliah/SistemRobotOtonom_ROS2Coppeliasim/install/setup.zsh'
