[0.242s] DEBUG:colcon:Command line arguments: ['/usr/bin/colcon', 'build']
[0.242s] DEBUG:colcon:Parsed command line arguments: Namespace(allow_overriding=[], ament_cmake_args=None, base_paths=['.'], build_base='build', catkin_cmake_args=None, catkin_skip_building_tests=False, cmake_args=None, cmake_clean_cache=False, cmake_clean_first=False, cmake_force_configure=False, cmake_target=None, cmake_target_skip_unavailable=False, continue_on_error=False, event_handlers=None, executor='parallel', ignore_user_meta=False, install_base='install', log_base=None, log_level=None, main=<bound method BuildVerb.main of <colcon_core.verb.build.BuildVerb object at 0x7f873623bcd0>>, merge_install=False, metas=['./colcon.meta'], packages_above=None, packages_above_and_dependencies=None, packages_above_depth=None, packages_end=None, packages_ignore=None, packages_ignore_regex=None, packages_select=None, packages_select_build_failed=False, packages_select_by_dep=None, packages_select_regex=None, packages_select_test_failures=False, packages_skip=None, packages_skip_build_finished=False, packages_skip_by_dep=None, packages_skip_regex=None, packages_skip_test_passed=False, packages_skip_up_to=None, packages_start=None, packages_up_to=None, packages_up_to_regex=None, parallel_workers=8, paths=None, symlink_install=False, test_result_base=None, verb_extension=<colcon_core.verb.build.BuildVerb object at 0x7f873623bcd0>, verb_name='build', verb_parser=<colcon_defaults.argument_parser.defaults.DefaultArgumentsDecorator object at 0x7f87361cb280>)
[0.283s] Level 1:colcon.colcon_core.package_discovery:discover_packages(colcon_meta) check parameters
[0.283s] Level 1:colcon.colcon_core.package_discovery:discover_packages(recursive) check parameters
[0.283s] Level 1:colcon.colcon_core.package_discovery:discover_packages(ignore) check parameters
[0.283s] Level 1:colcon.colcon_core.package_discovery:discover_packages(path) check parameters
[0.283s] Level 1:colcon.colcon_core.package_discovery:discover_packages(colcon_meta) discover
[0.284s] Level 1:colcon.colcon_core.package_discovery:discover_packages(recursive) discover
[0.284s] INFO:colcon.colcon_core.package_discovery:Crawling recursively for packages in '/home/danendra/Kuliah/SRO/TugasPID'
[0.284s] Level 1:colcon.colcon_core.package_identification:_identify(.) by extensions ['ignore', 'ignore_ament_install']
[0.284s] Level 1:colcon.colcon_core.package_identification:_identify(.) by extension 'ignore'
[0.284s] Level 1:colcon.colcon_core.package_identification:_identify(.) by extension 'ignore_ament_install'
[0.284s] Level 1:colcon.colcon_core.package_identification:_identify(.) by extensions ['colcon_pkg']
[0.284s] Level 1:colcon.colcon_core.package_identification:_identify(.) by extension 'colcon_pkg'
[0.284s] Level 1:colcon.colcon_core.package_identification:_identify(.) by extensions ['colcon_meta']
[0.284s] Level 1:colcon.colcon_core.package_identification:_identify(.) by extension 'colcon_meta'
[0.284s] Level 1:colcon.colcon_core.package_identification:_identify(.) by extensions ['ros']
[0.284s] Level 1:colcon.colcon_core.package_identification:_identify(.) by extension 'ros'
[0.301s] Level 1:colcon.colcon_core.package_identification:_identify(.) by extensions ['cmake', 'python']
[0.301s] Level 1:colcon.colcon_core.package_identification:_identify(.) by extension 'cmake'
[0.301s] Level 1:colcon.colcon_core.package_identification:_identify(.) by extension 'python'
[0.301s] Level 1:colcon.colcon_core.package_identification:_identify(.) by extensions ['python_setup_py']
[0.301s] Level 1:colcon.colcon_core.package_identification:_identify(.) by extension 'python_setup_py'
[0.301s] Level 1:colcon.colcon_core.package_identification:_identify(build) by extensions ['ignore', 'ignore_ament_install']
[0.301s] Level 1:colcon.colcon_core.package_identification:_identify(build) by extension 'ignore'
[0.301s] Level 1:colcon.colcon_core.package_identification:_identify(build) ignored
[0.301s] Level 1:colcon.colcon_core.package_identification:_identify(install) by extensions ['ignore', 'ignore_ament_install']
[0.302s] Level 1:colcon.colcon_core.package_identification:_identify(install) by extension 'ignore'
[0.302s] Level 1:colcon.colcon_core.package_identification:_identify(install) ignored
[0.302s] Level 1:colcon.colcon_core.package_identification:_identify(log) by extensions ['ignore', 'ignore_ament_install']
[0.302s] Level 1:colcon.colcon_core.package_identification:_identify(log) by extension 'ignore'
[0.302s] Level 1:colcon.colcon_core.package_identification:_identify(log) ignored
[0.302s] Level 1:colcon.colcon_core.package_identification:_identify(src) by extensions ['ignore', 'ignore_ament_install']
[0.302s] Level 1:colcon.colcon_core.package_identification:_identify(src) by extension 'ignore'
[0.302s] Level 1:colcon.colcon_core.package_identification:_identify(src) by extension 'ignore_ament_install'
[0.302s] Level 1:colcon.colcon_core.package_identification:_identify(src) by extensions ['colcon_pkg']
[0.302s] Level 1:colcon.colcon_core.package_identification:_identify(src) by extension 'colcon_pkg'
[0.302s] Level 1:colcon.colcon_core.package_identification:_identify(src) by extensions ['colcon_meta']
[0.302s] Level 1:colcon.colcon_core.package_identification:_identify(src) by extension 'colcon_meta'
[0.303s] Level 1:colcon.colcon_core.package_identification:_identify(src) by extensions ['ros']
[0.303s] Level 1:colcon.colcon_core.package_identification:_identify(src) by extension 'ros'
[0.303s] Level 1:colcon.colcon_core.package_identification:_identify(src) by extensions ['cmake', 'python']
[0.303s] Level 1:colcon.colcon_core.package_identification:_identify(src) by extension 'cmake'
[0.303s] Level 1:colcon.colcon_core.package_identification:_identify(src) by extension 'python'
[0.303s] Level 1:colcon.colcon_core.package_identification:_identify(src) by extensions ['python_setup_py']
[0.303s] Level 1:colcon.colcon_core.package_identification:_identify(src) by extension 'python_setup_py'
[0.303s] Level 1:colcon.colcon_core.package_identification:_identify(src/build) by extensions ['ignore', 'ignore_ament_install']
[0.303s] Level 1:colcon.colcon_core.package_identification:_identify(src/build) by extension 'ignore'
[0.303s] Level 1:colcon.colcon_core.package_identification:_identify(src/build) ignored
[0.303s] Level 1:colcon.colcon_core.package_identification:_identify(src/install) by extensions ['ignore', 'ignore_ament_install']
[0.304s] Level 1:colcon.colcon_core.package_identification:_identify(src/install) by extension 'ignore'
[0.304s] Level 1:colcon.colcon_core.package_identification:_identify(src/install) ignored
[0.304s] Level 1:colcon.colcon_core.package_identification:_identify(src/log) by extensions ['ignore', 'ignore_ament_install']
[0.304s] Level 1:colcon.colcon_core.package_identification:_identify(src/log) by extension 'ignore'
[0.304s] Level 1:colcon.colcon_core.package_identification:_identify(src/log) ignored
[0.304s] Level 1:colcon.colcon_core.package_identification:_identify(src/routine) by extensions ['ignore', 'ignore_ament_install']
[0.304s] Level 1:colcon.colcon_core.package_identification:_identify(src/routine) by extension 'ignore'
[0.304s] Level 1:colcon.colcon_core.package_identification:_identify(src/routine) by extension 'ignore_ament_install'
[0.304s] Level 1:colcon.colcon_core.package_identification:_identify(src/routine) by extensions ['colcon_pkg']
[0.304s] Level 1:colcon.colcon_core.package_identification:_identify(src/routine) by extension 'colcon_pkg'
[0.304s] Level 1:colcon.colcon_core.package_identification:_identify(src/routine) by extensions ['colcon_meta']
[0.304s] Level 1:colcon.colcon_core.package_identification:_identify(src/routine) by extension 'colcon_meta'
[0.304s] Level 1:colcon.colcon_core.package_identification:_identify(src/routine) by extensions ['ros']
[0.305s] Level 1:colcon.colcon_core.package_identification:_identify(src/routine) by extension 'ros'
[0.308s] DEBUG:colcon.colcon_core.package_identification:Package 'src/routine' with type 'ros.ament_cmake' and name 'routine'
[0.308s] Level 1:colcon.colcon_core.package_discovery:discover_packages(recursive) using defaults
[0.309s] Level 1:colcon.colcon_core.package_discovery:discover_packages(ignore) discover
[0.309s] Level 1:colcon.colcon_core.package_discovery:discover_packages(ignore) using defaults
[0.309s] Level 1:colcon.colcon_core.package_discovery:discover_packages(path) discover
[0.309s] Level 1:colcon.colcon_core.package_discovery:discover_packages(path) using defaults
[0.369s] Level 1:colcon.colcon_core.package_discovery:discover_packages(prefix_path) check parameters
[0.369s] Level 1:colcon.colcon_core.package_discovery:discover_packages(prefix_path) discover
[0.375s] DEBUG:colcon.colcon_installed_package_information.package_discovery:Found 1 installed packages in /home/danendra/Kuliah/SRO/TugasPID/install
[0.378s] DEBUG:colcon.colcon_installed_package_information.package_discovery:Found 256 installed packages in /opt/ros/foxy
[0.380s] Level 1:colcon.colcon_core.package_discovery:discover_packages(prefix_path) using defaults
[0.492s] Level 5:colcon.colcon_core.verb:set package 'routine' build argument 'cmake_args' from command line to 'None'
[0.493s] Level 5:colcon.colcon_core.verb:set package 'routine' build argument 'cmake_target' from command line to 'None'
[0.493s] Level 5:colcon.colcon_core.verb:set package 'routine' build argument 'cmake_target_skip_unavailable' from command line to 'False'
[0.493s] Level 5:colcon.colcon_core.verb:set package 'routine' build argument 'cmake_clean_cache' from command line to 'False'
[0.493s] Level 5:colcon.colcon_core.verb:set package 'routine' build argument 'cmake_clean_first' from command line to 'False'
[0.493s] Level 5:colcon.colcon_core.verb:set package 'routine' build argument 'cmake_force_configure' from command line to 'False'
[0.493s] Level 5:colcon.colcon_core.verb:set package 'routine' build argument 'ament_cmake_args' from command line to 'None'
[0.493s] Level 5:colcon.colcon_core.verb:set package 'routine' build argument 'catkin_cmake_args' from command line to 'None'
[0.493s] Level 5:colcon.colcon_core.verb:set package 'routine' build argument 'catkin_skip_building_tests' from command line to 'False'
[0.493s] DEBUG:colcon.colcon_core.verb:Building package 'routine' with the following arguments: {'ament_cmake_args': None, 'build_base': '/home/danendra/Kuliah/SRO/TugasPID/build/routine', 'catkin_cmake_args': None, 'catkin_skip_building_tests': False, 'cmake_args': None, 'cmake_clean_cache': False, 'cmake_clean_first': False, 'cmake_force_configure': False, 'cmake_target': None, 'cmake_target_skip_unavailable': False, 'install_base': '/home/danendra/Kuliah/SRO/TugasPID/install/routine', 'merge_install': False, 'path': '/home/danendra/Kuliah/SRO/TugasPID/src/routine', 'symlink_install': False, 'test_result_base': None}
[0.494s] INFO:colcon.colcon_core.executor:Executing jobs using 'parallel' executor
[0.502s] DEBUG:colcon.colcon_parallel_executor.executor.parallel:run_until_complete
[0.503s] INFO:colcon.colcon_ros.task.ament_cmake.build:Building ROS package in '/home/danendra/Kuliah/SRO/TugasPID/src/routine' with build type 'ament_cmake'
[0.503s] INFO:colcon.colcon_cmake.task.cmake.build:Building CMake package in '/home/danendra/Kuliah/SRO/TugasPID/src/routine'
[0.509s] INFO:colcon.colcon_core.plugin_system:Skipping extension 'colcon_core.shell.bat': Not used on non-Windows systems
[0.509s] INFO:colcon.colcon_core.shell:Skip shell extension 'powershell' for command environment: Not usable outside of PowerShell
[0.509s] DEBUG:colcon.colcon_core.shell:Skip shell extension 'dsv' for command environment
[0.535s] DEBUG:colcon.colcon_core.event_handler.log_command:Invoking command in '/home/danendra/Kuliah/SRO/TugasPID/build/routine': CMAKE_PREFIX_PATH=${CMAKE_PREFIX_PATH}:/opt/ros/foxy /usr/bin/cmake --build /home/danendra/Kuliah/SRO/TugasPID/build/routine -- -j8 -l8
[10.167s] DEBUG:colcon.colcon_core.event_handler.log_command:Invoked command in '/home/danendra/Kuliah/SRO/TugasPID/build/routine' returned '0': CMAKE_PREFIX_PATH=${CMAKE_PREFIX_PATH}:/opt/ros/foxy /usr/bin/cmake --build /home/danendra/Kuliah/SRO/TugasPID/build/routine -- -j8 -l8
[10.230s] DEBUG:colcon.colcon_core.event_handler.log_command:Invoking command in '/home/danendra/Kuliah/SRO/TugasPID/build/routine': CMAKE_PREFIX_PATH=${CMAKE_PREFIX_PATH}:/opt/ros/foxy /usr/bin/cmake --install /home/danendra/Kuliah/SRO/TugasPID/build/routine
[10.253s] Level 1:colcon.colcon_core.environment:create_environment_scripts_only(routine)
[10.255s] DEBUG:colcon.colcon_core.event_handler.log_command:Invoked command in '/home/danendra/Kuliah/SRO/TugasPID/build/routine' returned '0': CMAKE_PREFIX_PATH=${CMAKE_PREFIX_PATH}:/opt/ros/foxy /usr/bin/cmake --install /home/danendra/Kuliah/SRO/TugasPID/build/routine
[10.263s] Level 1:colcon.colcon_core.environment:checking '/home/danendra/Kuliah/SRO/TugasPID/install/routine' for CMake module files
[10.263s] Level 1:colcon.colcon_core.environment:checking '/home/danendra/Kuliah/SRO/TugasPID/install/routine' for CMake config files
[10.264s] Level 1:colcon.colcon_core.shell:create_environment_hook('routine', 'cmake_prefix_path')
[10.265s] INFO:colcon.colcon_core.shell:Creating environment hook '/home/danendra/Kuliah/SRO/TugasPID/install/routine/share/routine/hook/cmake_prefix_path.ps1'
[10.266s] INFO:colcon.colcon_core.shell:Creating environment descriptor '/home/danendra/Kuliah/SRO/TugasPID/install/routine/share/routine/hook/cmake_prefix_path.dsv'
[10.267s] INFO:colcon.colcon_core.shell:Creating environment hook '/home/danendra/Kuliah/SRO/TugasPID/install/routine/share/routine/hook/cmake_prefix_path.sh'
[10.269s] Level 1:colcon.colcon_core.environment:checking '/home/danendra/Kuliah/SRO/TugasPID/install/routine/lib'
[10.270s] Level 1:colcon.colcon_core.environment:checking '/home/danendra/Kuliah/SRO/TugasPID/install/routine/bin'
[10.270s] Level 1:colcon.colcon_core.environment:checking '/home/danendra/Kuliah/SRO/TugasPID/install/routine/lib/pkgconfig/routine.pc'
[10.271s] Level 1:colcon.colcon_core.environment:checking '/home/danendra/Kuliah/SRO/TugasPID/install/routine/lib/python3.8/site-packages'
[10.271s] Level 1:colcon.colcon_core.environment:checking '/home/danendra/Kuliah/SRO/TugasPID/install/routine/bin'
[10.273s] INFO:colcon.colcon_core.shell:Creating package script '/home/danendra/Kuliah/SRO/TugasPID/install/routine/share/routine/package.ps1'
[10.274s] INFO:colcon.colcon_core.shell:Creating package descriptor '/home/danendra/Kuliah/SRO/TugasPID/install/routine/share/routine/package.dsv'
[10.275s] INFO:colcon.colcon_core.shell:Creating package script '/home/danendra/Kuliah/SRO/TugasPID/install/routine/share/routine/package.sh'
[10.276s] INFO:colcon.colcon_core.shell:Creating package script '/home/danendra/Kuliah/SRO/TugasPID/install/routine/share/routine/package.bash'
[10.277s] INFO:colcon.colcon_core.shell:Creating package script '/home/danendra/Kuliah/SRO/TugasPID/install/routine/share/routine/package.zsh'
[10.278s] Level 1:colcon.colcon_core.environment:create_file_with_runtime_dependencies(/home/danendra/Kuliah/SRO/TugasPID/install/routine/share/colcon-core/packages/routine)
[10.318s] Level 1:colcon.colcon_core.environment:create_environment_scripts_only(routine)
[10.325s] Level 1:colcon.colcon_core.environment:checking '/home/danendra/Kuliah/SRO/TugasPID/install/routine' for CMake module files
[10.326s] Level 1:colcon.colcon_core.environment:checking '/home/danendra/Kuliah/SRO/TugasPID/install/routine' for CMake config files
[10.327s] Level 1:colcon.colcon_core.shell:create_environment_hook('routine', 'cmake_prefix_path')
[10.330s] INFO:colcon.colcon_core.shell:Creating environment hook '/home/danendra/Kuliah/SRO/TugasPID/install/routine/share/routine/hook/cmake_prefix_path.ps1'
[10.331s] INFO:colcon.colcon_core.shell:Creating environment descriptor '/home/danendra/Kuliah/SRO/TugasPID/install/routine/share/routine/hook/cmake_prefix_path.dsv'
[10.331s] INFO:colcon.colcon_core.shell:Creating environment hook '/home/danendra/Kuliah/SRO/TugasPID/install/routine/share/routine/hook/cmake_prefix_path.sh'
[10.332s] Level 1:colcon.colcon_core.environment:checking '/home/danendra/Kuliah/SRO/TugasPID/install/routine/lib'
[10.332s] Level 1:colcon.colcon_core.environment:checking '/home/danendra/Kuliah/SRO/TugasPID/install/routine/bin'
[10.333s] Level 1:colcon.colcon_core.environment:checking '/home/danendra/Kuliah/SRO/TugasPID/install/routine/lib/pkgconfig/routine.pc'
[10.333s] Level 1:colcon.colcon_core.environment:checking '/home/danendra/Kuliah/SRO/TugasPID/install/routine/lib/python3.8/site-packages'
[10.333s] Level 1:colcon.colcon_core.environment:checking '/home/danendra/Kuliah/SRO/TugasPID/install/routine/bin'
[10.336s] INFO:colcon.colcon_core.shell:Creating package script '/home/danendra/Kuliah/SRO/TugasPID/install/routine/share/routine/package.ps1'
[10.337s] INFO:colcon.colcon_core.shell:Creating package descriptor '/home/danendra/Kuliah/SRO/TugasPID/install/routine/share/routine/package.dsv'
[10.338s] INFO:colcon.colcon_core.shell:Creating package script '/home/danendra/Kuliah/SRO/TugasPID/install/routine/share/routine/package.sh'
[10.339s] INFO:colcon.colcon_core.shell:Creating package script '/home/danendra/Kuliah/SRO/TugasPID/install/routine/share/routine/package.bash'
[10.340s] INFO:colcon.colcon_core.shell:Creating package script '/home/danendra/Kuliah/SRO/TugasPID/install/routine/share/routine/package.zsh'
[10.341s] Level 1:colcon.colcon_core.environment:create_file_with_runtime_dependencies(/home/danendra/Kuliah/SRO/TugasPID/install/routine/share/colcon-core/packages/routine)
[10.341s] DEBUG:colcon.colcon_parallel_executor.executor.parallel:closing loop
[10.342s] DEBUG:colcon.colcon_parallel_executor.executor.parallel:loop closed
[10.342s] DEBUG:colcon.colcon_parallel_executor.executor.parallel:run_until_complete finished with '0'
[10.342s] DEBUG:colcon.colcon_core.event_reactor:joining thread
[10.354s] INFO:colcon.colcon_core.plugin_system:Skipping extension 'colcon_notification.desktop_notification.terminal_notifier': Not used on non-Darwin systems
[10.354s] INFO:colcon.colcon_core.plugin_system:Skipping extension 'colcon_notification.desktop_notification.win32': Not used on non-Windows systems
[10.354s] INFO:colcon.colcon_notification.desktop_notification:Sending desktop notification using 'notify2'
[10.381s] DEBUG:colcon.colcon_core.event_reactor:joined thread
[10.385s] INFO:colcon.colcon_core.shell:Creating prefix script '/home/danendra/Kuliah/SRO/TugasPID/install/local_setup.ps1'
[10.386s] INFO:colcon.colcon_core.shell:Creating prefix util module '/home/danendra/Kuliah/SRO/TugasPID/install/_local_setup_util_ps1.py'
[10.390s] INFO:colcon.colcon_core.shell:Creating prefix chain script '/home/danendra/Kuliah/SRO/TugasPID/install/setup.ps1'
[10.394s] INFO:colcon.colcon_core.shell:Creating prefix script '/home/danendra/Kuliah/SRO/TugasPID/install/local_setup.sh'
[10.395s] INFO:colcon.colcon_core.shell:Creating prefix util module '/home/danendra/Kuliah/SRO/TugasPID/install/_local_setup_util_sh.py'
[10.396s] INFO:colcon.colcon_core.shell:Creating prefix chain script '/home/danendra/Kuliah/SRO/TugasPID/install/setup.sh'
[10.399s] INFO:colcon.colcon_core.shell:Creating prefix script '/home/danendra/Kuliah/SRO/TugasPID/install/local_setup.bash'
[10.400s] INFO:colcon.colcon_core.shell:Creating prefix chain script '/home/danendra/Kuliah/SRO/TugasPID/install/setup.bash'
[10.406s] INFO:colcon.colcon_core.shell:Creating prefix script '/home/danendra/Kuliah/SRO/TugasPID/install/local_setup.zsh'
[10.407s] INFO:colcon.colcon_core.shell:Creating prefix chain script '/home/danendra/Kuliah/SRO/TugasPID/install/setup.zsh'
