[0.019s] Invoking command in '/home/danendra/Kuliah/SRO/colcon_ws/build/routine': CMAKE_PREFIX_PATH=${CMAKE_PREFIX_PATH}:/opt/ros/foxy /usr/bin/cmake --build /home/danendra/Kuliah/SRO/colcon_ws/build/routine -- -j8 -l8
[0.048s] -- Found ament_cmake: 0.9.9 (/opt/ros/foxy/share/ament_cmake/cmake)
[0.073s] -- Found PythonInterp: /usr/bin/python3 (found suitable version "3.8.10", minimum required is "3") 
[0.073s] -- Using PYTHON_EXECUTABLE: /usr/bin/python3
[0.257s] -- Found std_msgs: 2.0.5 (/opt/ros/foxy/share/std_msgs/cmake)
[0.278s] -- Using all available rosidl_typesupport_c: rosidl_typesupport_fastrtps_c;rosidl_typesupport_introspection_c
[0.281s] -- Found rosidl_adapter: 1.2.1 (/opt/ros/foxy/share/rosidl_adapter/cmake)
[0.403s] -- Using all available rosidl_typesupport_cpp: rosidl_typesupport_fastrtps_cpp;rosidl_typesupport_introspection_cpp
[0.463s] -- Found rclcpp: 2.4.1 (/opt/ros/foxy/share/rclcpp/cmake)
[0.505s] -- Found rmw_implementation_cmake: 1.0.3 (/opt/ros/foxy/share/rmw_implementation_cmake/cmake)
[0.506s] -- Using RMW implementation 'rmw_fastrtps_cpp' as default
[0.642s] -- Found rosidl_default_generators: 1.0.1 (/opt/ros/foxy/share/rosidl_default_generators/cmake)
[0.653s] -- Found ament_lint_auto: 0.9.6 (/opt/ros/foxy/share/ament_lint_auto/cmake)
[0.719s] -- Added test 'copyright' to check source files copyright and LICENSE
[0.720s] -- Added test 'cppcheck' to perform static code analysis on C / C++ code
[0.720s] -- Configured cppcheck include dirs: 
[0.721s] -- Configured cppcheck exclude dirs and/or files: 
[0.721s] -- Added test 'cpplint' to check C / C++ code against the Google style
[0.721s] -- Configured cpplint exclude dirs and/or files: 
[0.722s] -- Added test 'lint_cmake' to check CMake code style
[0.723s] -- Added test 'uncrustify' to check C / C++ code style
[0.723s] -- Configured uncrustify additional arguments: 
[0.723s] -- Added test 'xmllint' to check XML markup files
[0.727s] -- Configuring done
[0.738s] -- Generating done
[0.742s] -- Build files have been written to: /home/danendra/Kuliah/SRO/colcon_ws/build/routine
[0.772s] [35m[1mScanning dependencies of target routine[0m
[0.803s] [ 50%] [32mBuilding CXX object CMakeFiles/routine.dir/src/routine.cpp.o[0m
[3.720s] [100%] [32m[1mLinking CXX executable routine[0m
[3.922s] [100%] Built target routine
[3.937s] Invoked command in '/home/danendra/Kuliah/SRO/colcon_ws/build/routine' returned '0': CMAKE_PREFIX_PATH=${CMAKE_PREFIX_PATH}:/opt/ros/foxy /usr/bin/cmake --build /home/danendra/Kuliah/SRO/colcon_ws/build/routine -- -j8 -l8
[3.977s] Invoking command in '/home/danendra/Kuliah/SRO/colcon_ws/build/routine': CMAKE_PREFIX_PATH=${CMAKE_PREFIX_PATH}:/opt/ros/foxy /usr/bin/cmake --install /home/danendra/Kuliah/SRO/colcon_ws/build/routine
[3.987s] -- Install configuration: ""
[3.988s] -- Installing: /home/danendra/Kuliah/SRO/colcon_ws/install/routine/lib/routine/routine
[3.989s] -- Set runtime path of "/home/danendra/Kuliah/SRO/colcon_ws/install/routine/lib/routine/routine" to ""
[3.989s] -- Installing: /home/danendra/Kuliah/SRO/colcon_ws/install/routine/share/ament_index/resource_index/package_run_dependencies/routine
[3.990s] -- Up-to-date: /home/danendra/Kuliah/SRO/colcon_ws/install/routine/share/ament_index/resource_index/parent_prefix_path/routine
[3.990s] -- Up-to-date: /home/danendra/Kuliah/SRO/colcon_ws/install/routine/share/routine/environment/ament_prefix_path.sh
[3.990s] -- Installing: /home/danendra/Kuliah/SRO/colcon_ws/install/routine/share/routine/environment/ament_prefix_path.dsv
[3.990s] -- Up-to-date: /home/danendra/Kuliah/SRO/colcon_ws/install/routine/share/routine/environment/path.sh
[3.990s] -- Installing: /home/danendra/Kuliah/SRO/colcon_ws/install/routine/share/routine/environment/path.dsv
[3.990s] -- Up-to-date: /home/danendra/Kuliah/SRO/colcon_ws/install/routine/share/routine/local_setup.bash
[3.990s] -- Installing: /home/danendra/Kuliah/SRO/colcon_ws/install/routine/share/routine/local_setup.sh
[3.991s] -- Up-to-date: /home/danendra/Kuliah/SRO/colcon_ws/install/routine/share/routine/local_setup.zsh
[3.991s] -- Installing: /home/danendra/Kuliah/SRO/colcon_ws/install/routine/share/routine/local_setup.dsv
[3.991s] -- Installing: /home/danendra/Kuliah/SRO/colcon_ws/install/routine/share/routine/package.dsv
[3.991s] -- Up-to-date: /home/danendra/Kuliah/SRO/colcon_ws/install/routine/share/ament_index/resource_index/packages/routine
[3.991s] -- Installing: /home/danendra/Kuliah/SRO/colcon_ws/install/routine/share/routine/cmake/routineConfig.cmake
[3.991s] -- Up-to-date: /home/danendra/Kuliah/SRO/colcon_ws/install/routine/share/routine/cmake/routineConfig-version.cmake
[3.991s] -- Installing: /home/danendra/Kuliah/SRO/colcon_ws/install/routine/share/routine/package.xml
[3.994s] Invoked command in '/home/danendra/Kuliah/SRO/colcon_ws/build/routine' returned '0': CMAKE_PREFIX_PATH=${CMAKE_PREFIX_PATH}:/opt/ros/foxy /usr/bin/cmake --install /home/danendra/Kuliah/SRO/colcon_ws/build/routine
