[0.074s] Invoking command in '/home/danendra/Kuliah/SRO/TugasPID/build/routine': CMAKE_PREFIX_PATH=${CMAKE_PREFIX_PATH}:/opt/ros/foxy /usr/bin/cmake --build /home/danendra/Kuliah/SRO/TugasPID/build/routine -- -j8 -l8
[0.224s] [35m[1mScanning dependencies of target routine[0m
[0.309s] [ 50%] [32mBuilding CXX object CMakeFiles/routine.dir/src/routine.cpp.o[0m
[4.703s] In file included from [01m[K/home/danendra/Kuliah/SRO/TugasPID/src/routine/src/routine.cpp:5[m[K:
[4.705s] [01m[K/home/danendra/Kuliah/SRO/TugasPID/src/routine/include/routine/kinematics.h:9:18:[m[K [01;35m[Kwarning: [m[KISO C++ forbids zero-size array ‘[01m[Kvel_res[m[K’ [[01;35m[K-Wpedantic[m[K]
[4.706s]     9 | float vel_res[1][[01;35m[K0[m[K];
[4.707s]       |                  [01;35m[K^[m[K
[4.707s] [01m[K/home/danendra/Kuliah/SRO/TugasPID/src/routine/include/routine/kinematics.h:10:18:[m[K [01;35m[Kwarning: [m[KISO C++ forbids zero-size array ‘[01m[Kvel_inp[m[K’ [[01;35m[K-Wpedantic[m[K]
[4.708s]    10 | float vel_inp[1][[01;35m[K0[m[K];
[4.708s]       |                  [01;35m[K^[m[K
[4.710s] [01m[K/home/danendra/Kuliah/SRO/TugasPID/src/routine/include/routine/kinematics.h:[m[K In function ‘[01m[Kfloat reverseArray(float (*)[2])[m[K’:
[4.711s] [01m[K/home/danendra/Kuliah/SRO/TugasPID/src/routine/include/routine/kinematics.h:39:1:[m[K [01;35m[Kwarning: [m[Kno return statement in function returning non-void [[01;35m[K-Wreturn-type[m[K]
[4.711s]    39 | [01;35m[K}[m[K
[4.712s]       | [01;35m[K^[m[K
[4.713s] [01m[K/home/danendra/Kuliah/SRO/TugasPID/src/routine/include/routine/kinematics.h:[m[K In function ‘[01m[Kfloat forwardKinematics(int, int)[m[K’:
[4.713s] [01m[K/home/danendra/Kuliah/SRO/TugasPID/src/routine/include/routine/kinematics.h:45:24:[m[K [01;35m[Kwarning: [m[Kleft operand of comma operator has no effect [[01;35m[K-Wunused-value[m[K]
[4.714s]    45 |     return [01;35m[Kvel_res[0][0][m[K, vel_res[0][1];
[4.714s]       |            [01;35m[K~~~~~~~~~~~~^[m[K
[4.714s] [01m[K/home/danendra/Kuliah/SRO/TugasPID/src/routine/include/routine/kinematics.h:[m[K In function ‘[01m[Kfloat inverseKinematics(float, float, float*)[m[K’:
[4.714s] [01m[K/home/danendra/Kuliah/SRO/TugasPID/src/routine/include/routine/kinematics.h:57:21:[m[K [01;35m[Kwarning: [m[Kformat ‘[01m[K%d[m[K’ expects argument of type ‘[01m[Kint[m[K’, but argument 2 has type ‘[01m[Kdouble[m[K’ [[01;35m[K-Wformat=[m[K]
[4.715s]    57 |     printf("logic: [01;35m[K%d[m[K, %d, %d, %d\n", [32m[Kinv_logic[0][0][m[K, inv_logic[0][1], inv_logic[1][0], inv_logic[1][1]);
[4.715s]       |                    [01;35m[K~^[m[K                 [32m[K~~~~~~~~~~~~~~~[m[K
[4.716s]       |                     [01;35m[K|[m[K                               [32m[K|[m[K
[4.716s]       |                     [01;35m[Kint[m[K                             [32m[Kdouble[m[K
[4.717s]       |                    [32m[K%f[m[K
[4.718s] [01m[K/home/danendra/Kuliah/SRO/TugasPID/src/routine/include/routine/kinematics.h:57:25:[m[K [01;35m[Kwarning: [m[Kformat ‘[01m[K%d[m[K’ expects argument of type ‘[01m[Kint[m[K’, but argument 3 has type ‘[01m[Kdouble[m[K’ [[01;35m[K-Wformat=[m[K]
[4.718s]    57 |     printf("logic: %d, [01;35m[K%d[m[K, %d, %d\n", inv_logic[0][0], [32m[Kinv_logic[0][1][m[K, inv_logic[1][0], inv_logic[1][1]);
[4.719s]       |                        [01;35m[K~^[m[K                              [32m[K~~~~~~~~~~~~~~~[m[K
[4.719s]       |                         [01;35m[K|[m[K                                            [32m[K|[m[K
[4.719s]       |                         [01;35m[Kint[m[K                                          [32m[Kdouble[m[K
[4.719s]       |                        [32m[K%f[m[K
[4.720s] [01m[K/home/danendra/Kuliah/SRO/TugasPID/src/routine/include/routine/kinematics.h:57:29:[m[K [01;35m[Kwarning: [m[Kformat ‘[01m[K%d[m[K’ expects argument of type ‘[01m[Kint[m[K’, but argument 4 has type ‘[01m[Kdouble[m[K’ [[01;35m[K-Wformat=[m[K]
[4.721s]    57 |     printf("logic: %d, %d, [01;35m[K%d[m[K, %d\n", inv_logic[0][0], inv_logic[0][1], [32m[Kinv_logic[1][0][m[K, inv_logic[1][1]);
[4.721s]       |                            [01;35m[K~^[m[K                                           [32m[K~~~~~~~~~~~~~~~[m[K
[4.722s]       |                             [01;35m[K|[m[K                                                         [32m[K|[m[K
[4.722s]       |                             [01;35m[Kint[m[K                                                       [32m[Kdouble[m[K
[4.722s]       |                            [32m[K%f[m[K
[4.722s] [01m[K/home/danendra/Kuliah/SRO/TugasPID/src/routine/include/routine/kinematics.h:57:33:[m[K [01;35m[Kwarning: [m[Kformat ‘[01m[K%d[m[K’ expects argument of type ‘[01m[Kint[m[K’, but argument 5 has type ‘[01m[Kdouble[m[K’ [[01;35m[K-Wformat=[m[K]
[4.723s]    57 |     printf("logic: %d, %d, %d, [01;35m[K%d[m[K\n", inv_logic[0][0], inv_logic[0][1], inv_logic[1][0], [32m[Kinv_logic[1][1][m[K);
[4.723s]       |                                [01;35m[K~^[m[K                                                        [32m[K~~~~~~~~~~~~~~~[m[K
[4.724s]       |                                 [01;35m[K|[m[K                                                                      [32m[K|[m[K
[4.725s]       |                                 [01;35m[Kint[m[K                                                                    [32m[Kdouble[m[K
[4.725s]       |                                [32m[K%f[m[K
[4.725s] [01m[K/home/danendra/Kuliah/SRO/TugasPID/src/routine/include/routine/kinematics.h:61:1:[m[K [01;35m[Kwarning: [m[Kno return statement in function returning non-void [[01;35m[K-Wreturn-type[m[K]
[4.726s]    61 | [01;35m[K}[m[K
[4.726s]       | [01;35m[K^[m[K
[4.802s] [01m[K/home/danendra/Kuliah/SRO/TugasPID/src/routine/src/routine.cpp:[m[K In function ‘[01m[Kint main(int, char**)[m[K’:
[4.802s] [01m[K/home/danendra/Kuliah/SRO/TugasPID/src/routine/src/routine.cpp:54:11:[m[K [01;35m[Kwarning: [m[Kunused variable ‘[01m[Kdelta_rotation[m[K’ [[01;35m[K-Wunused-variable[m[K]
[4.802s]    54 |     float [01;35m[Kdelta_rotation[m[K = 0;
[4.803s]       |           [01;35m[K^~~~~~~~~~~~~~[m[K
[17.198s] [100%] [32m[1mLinking CXX executable routine[0m
[18.167s] [100%] Built target routine
[18.203s] Invoked command in '/home/danendra/Kuliah/SRO/TugasPID/build/routine' returned '0': CMAKE_PREFIX_PATH=${CMAKE_PREFIX_PATH}:/opt/ros/foxy /usr/bin/cmake --build /home/danendra/Kuliah/SRO/TugasPID/build/routine -- -j8 -l8
[18.312s] Invoking command in '/home/danendra/Kuliah/SRO/TugasPID/build/routine': CMAKE_PREFIX_PATH=${CMAKE_PREFIX_PATH}:/opt/ros/foxy /usr/bin/cmake --install /home/danendra/Kuliah/SRO/TugasPID/build/routine
[18.338s] -- Install configuration: ""
[18.339s] -- Installing: /home/danendra/Kuliah/SRO/TugasPID/install/routine/lib/routine/routine
[18.346s] -- Set runtime path of "/home/danendra/Kuliah/SRO/TugasPID/install/routine/lib/routine/routine" to ""
[18.347s] -- Up-to-date: /home/danendra/Kuliah/SRO/TugasPID/install/routine/share/ament_index/resource_index/package_run_dependencies/routine
[18.347s] -- Up-to-date: /home/danendra/Kuliah/SRO/TugasPID/install/routine/share/ament_index/resource_index/parent_prefix_path/routine
[18.348s] -- Up-to-date: /home/danendra/Kuliah/SRO/TugasPID/install/routine/share/routine/environment/ament_prefix_path.sh
[18.348s] -- Up-to-date: /home/danendra/Kuliah/SRO/TugasPID/install/routine/share/routine/environment/ament_prefix_path.dsv
[18.348s] -- Up-to-date: /home/danendra/Kuliah/SRO/TugasPID/install/routine/share/routine/environment/path.sh
[18.348s] -- Up-to-date: /home/danendra/Kuliah/SRO/TugasPID/install/routine/share/routine/environment/path.dsv
[18.348s] -- Up-to-date: /home/danendra/Kuliah/SRO/TugasPID/install/routine/share/routine/local_setup.bash
[18.349s] -- Up-to-date: /home/danendra/Kuliah/SRO/TugasPID/install/routine/share/routine/local_setup.sh
[18.349s] -- Up-to-date: /home/danendra/Kuliah/SRO/TugasPID/install/routine/share/routine/local_setup.zsh
[18.349s] -- Up-to-date: /home/danendra/Kuliah/SRO/TugasPID/install/routine/share/routine/local_setup.dsv
[18.349s] -- Installing: /home/danendra/Kuliah/SRO/TugasPID/install/routine/share/routine/package.dsv
[18.349s] -- Up-to-date: /home/danendra/Kuliah/SRO/TugasPID/install/routine/share/ament_index/resource_index/packages/routine
[18.350s] -- Up-to-date: /home/danendra/Kuliah/SRO/TugasPID/install/routine/share/routine/cmake/routineConfig.cmake
[18.350s] -- Up-to-date: /home/danendra/Kuliah/SRO/TugasPID/install/routine/share/routine/cmake/routineConfig-version.cmake
[18.350s] -- Up-to-date: /home/danendra/Kuliah/SRO/TugasPID/install/routine/share/routine/package.xml
[18.353s] Invoked command in '/home/danendra/Kuliah/SRO/TugasPID/build/routine' returned '0': CMAKE_PREFIX_PATH=${CMAKE_PREFIX_PATH}:/opt/ros/foxy /usr/bin/cmake --install /home/danendra/Kuliah/SRO/TugasPID/build/routine
